-------
2013-08-15T10:23:17+00:00 ******* /acl/role-resource/edit-role-resources/role-id/1/ *******
-------
2013-08-15T10:23:17+00:00 SQLSTATE[23000]: Integrity constraint violation: 1062 Duplicate entry 'Acl_Role' for key 'pac_acl_resource_U_1'
-------
2013-08-15T10:23:32+00:00 ******* /acl/role-resource/edit-role-resources/role-id/1/ *******
-------
2013-08-15T10:23:32+00:00 SQLSTATE[23000]: Integrity constraint violation: 1062 Duplicate entry 'Acl_Role' for key 'pac_acl_resource_U_1'
-------
2013-08-15T10:33:41+00:00 ******* /setup/initialize-database *******
-------
2013-08-15T10:34:26+00:00 ******* /acl/role-resource/edit-role-resources/role-id/2/ *******
-------
2013-08-15T10:34:26+00:00 SQLSTATE[23000]: Integrity constraint violation: 1062 Duplicate entry 'Api_Catalog' for key 'pac_acl_resource_U_1'
-------
2013-08-15T11:17:53+00:00 ******* /acl/role-resource/edit-role-resources/role-id/2/ *******
-------
2013-08-15T11:17:53+00:00 SQLSTATE[23000]: Integrity constraint violation: 1062 Duplicate entry 'Api_Catalog' for key 'pac_acl_resource_U_1'
-------
2013-08-15T11:18:03+00:00 ******* /acl/role-resource/edit-role-resources/role-id/2/ *******
-------
2013-08-15T11:18:03+00:00 SQLSTATE[23000]: Integrity constraint violation: 1062 Duplicate entry 'Api_Catalog' for key 'pac_acl_resource_U_1'
-------
2013-08-15T11:18:09+00:00 ******* /acl/role-resource/edit-role-resources/role-id/2/ *******
-------
2013-08-15T11:18:09+00:00 SQLSTATE[23000]: Integrity constraint violation: 1062 Duplicate entry 'Api_Catalog' for key 'pac_acl_resource_U_1'
-------
2013-08-15T11:18:41+00:00 ******* /acl/role-resource/edit-role-resources/role-id/2/ *******
-------
2013-08-15T11:18:41+00:00 SQLSTATE[23000]: Integrity constraint violation: 1062 Duplicate entry 'Api_Catalog' for key 'pac_acl_resource_U_1'
-------
2013-08-15T11:18:44+00:00 ******* /acl/role-resource/edit-role-resources/role-id/2/ *******
-------
2013-08-15T11:18:44+00:00 SQLSTATE[23000]: Integrity constraint violation: 1062 Duplicate entry 'acl_role' for key 'pac_acl_resource_U_1'
-------
2013-08-15T11:32:00+00:00 ******* /acl/role-resource/edit-role-resources/role-id/2/ *******
-------
2013-08-15T11:32:00+00:00 SQLSTATE[23000]: Integrity constraint violation: 1062 Duplicate entry 'acl_role-privilege' for key 'pac_acl_resource_U_1'
-------
2013-08-15T11:34:24+00:00 ******* /acl/role-resource/edit-role-resources/role-id/2/ *******
-------
2013-08-15T11:34:24+00:00 SQLSTATE[23000]: Integrity constraint violation: 1062 Duplicate entry 'catalog_value-type' for key 'pac_acl_resource_U_1'
