Buildfile: /Users/reneklatt/www/newtree/vendor/propel/propel1/generator/build.xml

propel-project-builder > check-project-or-dir-set:


propel-project-builder > check-project-set:


propel-project-builder > set-project-dir:

     [echo] No project.dir was specified, using default path: ./projects/Zed

propel-project-builder > check-buildprops-exists:


propel-project-builder > check-buildprops-for-propel-gen:


propel-project-builder > check-buildprops:


propel-project-builder > configure:

     [echo] Loading project-specific props from /Users/reneklatt/www/newtree/project/Generated/Zed/PropelGen/US//build.properties
 [property] Loading /Users/reneklatt/www/newtree/project/Generated/Zed/PropelGen/US/build.properties

propel-project-builder > migration:

    [phing] Calling Buildfile '/Users/reneklatt/www/newtree/vendor/propel/propel1/generator/build-propel.xml' with target 'migration'
 [property] Loading /Users/reneklatt/www/newtree/vendor/propel/propel1/generator/./default.properties

propel > check-run-only-on-schema-change:


propel > sql-check:


propel > pgsql-quoting-check:


propel > mysqli-check:


propel > migration:

     [echo] +----------------------------------------------+
     [echo] |                                              |
     [echo] | Look for next Migration class                |
     [echo] | and execute it                               |
     [echo] |                                              |
     [echo] +----------------------------------------------+
[phingcall] Calling Buildfile '/Users/reneklatt/www/newtree/vendor/propel/propel1/generator/build-propel.xml' with target 'migration-template'
 [property] Loading /Users/reneklatt/www/newtree/vendor/propel/propel1/generator/./default.properties

propel > migration-template:

[propel-migration] All migrations were already executed - nothing to migrate.

propel-project-builder > migrate:


BUILD FINISHED

Total time: 0.0635 seconds

