-------
2013-08-15T15:42:45+02:00 Array
(
    [host] => Renes-MacBook-Pro.local
    [application] => ZED
    [environment] => development
    [dateAndTime] => 2013-08-15T13:42:45
    [ip] => 127.0.0.1
    [store] => DE
    [language] => en
    [locale] => en_US
    [url] => http://newtree-de/install.php
    [referer] => unknown
    [log] => Buildfile: /Users/reneklatt/www/newtree/vendor/propel/propel1/generator/build.xml

propel-project-builder > check-project-or-dir-set:


propel-project-builder > check-project-set:


propel-project-builder > set-project-dir:

     [echo] No project.dir was specified, using default path: ./projects/Zed

propel-project-builder > check-buildprops-exists:


propel-project-builder > check-buildprops-for-propel-gen:


propel-project-builder > check-buildprops:


propel-project-builder > configure:

     [echo] Loading project-specific props from /Users/reneklatt/www/newtree/project/Generated/Zed/PropelGen/DE//build.properties
 [property] Loading /Users/reneklatt/www/newtree/project/Generated/Zed/PropelGen/DE/build.properties

propel-project-builder > om:

    [phing] Calling Buildfile '/Users/reneklatt/www/newtree/vendor/propel/propel1/generator/build-propel.xml' with target 'om'
 [property] Loading /Users/reneklatt/www/newtree/vendor/propel/propel1/generator/./default.properties

propel > check-run-only-on-schema-change:


propel > om-check:


propel > mysqli-check:


propel > om:

     [echo] +------------------------------------------+
     [echo] |                                          |
     [echo] | Generating Peer-based Object Model for   |
     [echo] | YOUR Propel project!                     |
     [echo] |                                          |
     [echo] +------------------------------------------+
[phingcall] Calling Buildfile '/Users/reneklatt/www/newtree/vendor/propel/propel1/generator/build-propel.xml' with target 'om-template'
 [property] Loading /Users/reneklatt/www/newtree/vendor/propel/propel1/generator/./default.properties

propel > om-template:

[propel-om] Loading XML schema files...
[propel-om] 159 tables found in 32 schema files.
[propel-om] Generating PHP files...
[propel-om] 	-> Updating project/Generated/Zed/Catalog/Persistence/Om/BasePacCatalogProductBundle.php (table: pac_catalog_product_bundle, builder: ProjectA_Zed_Library_Propel_Builder_Om_PHP5ObjectBuilder)
[propel-om] 	-> Updating project/Generated/Zed/Catalog/Persistence/Om/BasePacCatalogProductConfig.php (table: pac_catalog_product_config, builder: ProjectA_Zed_Library_Propel_Builder_Om_PHP5ObjectBuilder)
[propel-om] 	-> Updating project/Generated/Zed/Catalog/Persistence/Om/BasePacCatalogProductSimple.php (table: pac_catalog_product_simple, builder: ProjectA_Zed_Library_Propel_Builder_Om_PHP5ObjectBuilder)
[propel-om] Object model generation complete - 3 files written

propel-project-builder > check-project-or-dir-set:


propel-project-builder > check-project-set:


propel-project-builder > set-project-dir:

     [echo] No project.dir was specified, using default path: ./projects/Zed

propel-project-builder > check-buildprops-exists:


propel-project-builder > check-buildprops-for-propel-gen:


propel-project-builder > check-buildprops:


propel-project-builder > configure:

     [echo] Loading project-specific props from /Users/reneklatt/www/newtree/project/Generated/Zed/PropelGen/DE//build.properties
 [property] Loading /Users/reneklatt/www/newtree/project/Generated/Zed/PropelGen/DE/build.properties

propel-project-builder > convert-conf:

    [phing] Calling Buildfile '/Users/reneklatt/www/newtree/vendor/propel/propel1/generator/build-propel.xml' with target 'convert-conf'
 [property] Loading /Users/reneklatt/www/newtree/vendor/propel/propel1/generator/./default.properties

propel > convert-conf:

     [echo] +------------------------------------------+
     [echo] |                                          |
     [echo] | Converting runtime config file to an     |
     [echo] | array dump for improved performance.     |
     [echo] |                                          |
     [echo] +------------------------------------------+
[propel-convert-conf] Loading XML configuration file...
[propel-convert-conf] Creating PHP runtime conf file "/Users/reneklatt/www/newtree/project/Generated/Zed/PropelGen/DE/build/conf/zed-conf.php"
[propel-convert-conf] Loading XML schema files...
[propel-convert-conf] 159 tables found in 32 schema files.
[propel-convert-conf] Creating PHP classmap file "/Users/reneklatt/www/newtree/project/Generated/Zed/PropelGen/DE/build/conf/classmap-zed-conf.php"

BUILD FINISHED

Total time: 10.5895 seconds


    [schemata.0] => /Users/reneklatt/www/newtree/project/Sao/Zed//Cart/Persistence/sao_cart.schema.xml
    [schemata.1] => /Users/reneklatt/www/newtree/project/Sao/Zed//Salesrule/Persistence/sao_salesrule.schema.xml
    [schemata.2] => /Users/reneklatt/www/newtree/project/Sao/Zed//Legacy/Persistence/sao_legacy.schema.xml
    [schemata.3] => /Users/reneklatt/www/newtree/project/Sao/Zed//Sales/Persistence/sao_sales.schema.xml
    [schemata.4] => /Users/reneklatt/www/newtree/project/Sao/Zed//Fulfillment/Persistence/sao_fulfillment.schema.xml
    [schemata.5] => /Users/reneklatt/www/newtree/project/Sao/Zed//Catalog/Persistence/sao_catalog.schema.xml
    [schemata.6] => /Users/reneklatt/www/newtree/project/Sao/Zed//Mail/Persistence/sao_mail.schema.xml
    [schemata.7] => /Users/reneklatt/www/newtree/project/Sao/Zed//Misc/Persistence/sao_misc.schema.xml
    [schemata.8] => /Users/reneklatt/www/newtree/vendor/project-a/acl-package/ProjectA/Zed/Acl/Persistence/pac_acl.schema.xml
    [schemata.9] => /Users/reneklatt/www/newtree/vendor/project-a/cart-package/ProjectA/Zed/Cart/Persistence/pac_cart.schema.xml
    [schemata.10] => /Users/reneklatt/www/newtree/vendor/project-a/catalog-package/ProjectA/Zed/Catalog/Persistence/pac_catalog.schema.xml
    [schemata.11] => /Users/reneklatt/www/newtree/vendor/project-a/catalog-package/ProjectA/Zed/Category/Persistence/pac_category.schema.xml
    [schemata.12] => /Users/reneklatt/www/newtree/vendor/project-a/dwh-package/ProjectA/Zed/Dwh/Persistence/pac_dwh.schema.xml
    [schemata.13] => /Users/reneklatt/www/newtree/vendor/project-a/catalog-package/ProjectA/Zed/Image/Persistence/pac_image.schema.xml
    [schemata.14] => /Users/reneklatt/www/newtree/vendor/project-a/catalog-package/ProjectA/Zed/Price/Persistence/pac_price.schema.xml
    [schemata.15] => /Users/reneklatt/www/newtree/vendor/project-a/catalog-package/ProjectA/Zed/Stock/Persistence/pac_stock.schema.xml
    [schemata.16] => /Users/reneklatt/www/newtree/vendor/project-a/checkout-package/ProjectA/Zed/PaymentControl/Persistence/pac_payment_control.schema.xml
    [schemata.17] => /Users/reneklatt/www/newtree/vendor/project-a/checkout-package/ProjectA/Zed/Salesrule/Persistence/pac_salesrule.schema.xml
    [schemata.18] => /Users/reneklatt/www/newtree/vendor/project-a/content-package/ProjectA/Zed/Cms/Persistence/pac_cms.schema.xml
    [schemata.19] => /Users/reneklatt/www/newtree/vendor/project-a/crm-package/ProjectA/Zed/Customer/Persistence/pac_customer.schema.xml
    [schemata.20] => /Users/reneklatt/www/newtree/vendor/project-a/crm-package/ProjectA/Zed/Mail/Persistence/pac_mail.schema.xml
    [schemata.21] => /Users/reneklatt/www/newtree/vendor/project-a/crm-package/ProjectA/Zed/Newsletter/Persistence/pac_newsletter.schema.xml
    [schemata.22] => /Users/reneklatt/www/newtree/vendor/project-a/frontend-package/ProjectA/Zed/Yves/Persistence/pac_yves.schema.xml
    [schemata.23] => /Users/reneklatt/www/newtree/vendor/project-a/infrastructure-package/ProjectA/Zed/Misc/Persistence/pac_misc.schema.xml
    [schemata.24] => /Users/reneklatt/www/newtree/vendor/project-a/marketing-package/ProjectA/Zed/Mci/Persistence/pac_mci.schema.xml
    [schemata.25] => /Users/reneklatt/www/newtree/vendor/project-a/marketing-package/ProjectA/Zed/Mcm/Persistence/pac_mcm.schema.xml
    [schemata.26] => /Users/reneklatt/www/newtree/vendor/project-a/marketing-package/ProjectA/Zed/Tracking/Persistence/pac_tracking.schema.xml
    [schemata.27] => /Users/reneklatt/www/newtree/vendor/project-a/sales-package/ProjectA/Zed/Invoice/Persistence/pac_invoice.schema.xml
    [schemata.28] => /Users/reneklatt/www/newtree/vendor/project-a/payment-package/ProjectA/Zed/Payment/Persistence/pac_payment.schema.xml
    [schemata.29] => /Users/reneklatt/www/newtree/vendor/project-a/adyen-package/ProjectA/Zed/Adyen/Persistence/pac_adyen.schema.xml
    [schemata.30] => /Users/reneklatt/www/newtree/vendor/project-a/sales-package/ProjectA/Zed/Sales/Persistence/pac_sales.schema.xml
    [schemata.31] => /Users/reneklatt/www/newtree/vendor/project-a/glossary-package/ProjectA/Zed/Glossary/Persistence/pac_glossary.schema.xml
    [buildFile.CLASS_NAME] => ProjectA_Zed_Library_Memory_File
    [buildFile.ProjectA_Zed_Library_Memory_Filecontent] => 
    [buildFile.ProjectA_Zed_Library_DataStructure_Named_Objectname] => build.properties
    [type] => install
    [subtype] => install
    [message] => setup/run
    [microtime] => 13765741656723
)

