[2017-11-09 10:09:39] setup.INFO: Setup for development environment [] []
[2017-11-09 10:09:39] setup.INFO: Section clear [] []
[2017-11-09 10:09:39] setup.INFO: Command remove-logs [vendor/bin/console log:clear] (In progress...) [] []
[2017-11-09 10:09:42] setup.INFO: Command remove-logs [vendor/bin/console log:clear] (3.23s) [] []
[2017-11-09 10:09:42] setup.INFO: Command remove-cache [vendor/bin/console cache:empty-all] (In progress...) [] []
[2017-11-09 10:09:42] setup.INFO: Command remove-cache [vendor/bin/console cache:empty-all] (0.21s) [] []
[2017-11-09 10:09:42] setup.INFO: Command remove-generated-files [vendor/bin/console setup:empty-generated-directory] (In progress...) [] []
[2017-11-09 10:09:43] setup.INFO: Command remove-generated-files [vendor/bin/console setup:empty-generated-directory] (0.30s) [] []
[2017-11-09 10:09:43] setup.INFO: Section jenkins-down [] []
[2017-11-09 10:09:43] setup.INFO: Command jenkins-stop [vendor/bin/console setup:jenkins:disable] (In progress...) [] []
[2017-11-09 10:09:43] setup.INFO: Command jenkins-stop [vendor/bin/console setup:jenkins:disable] (0.20s) [] []
[2017-11-09 10:09:43] setup.INFO: Section generate [] []
[2017-11-09 10:09:43] setup.INFO: Command generate-transfers [vendor/bin/console transfer:generate] (In progress...) [] []
[2017-11-09 10:09:45] setup.INFO: Command generate-transfers [vendor/bin/console transfer:generate] (1.96s) [] []
[2017-11-09 10:09:45] setup.INFO: Command generate-ide-auto-completion [vendor/bin/console dev:ide:generate-auto-completion] (In progress...) [] []
[2017-11-09 10:09:50] setup.INFO: Command generate-ide-auto-completion [vendor/bin/console dev:ide:generate-auto-completion] (5.58s) [] []
[2017-11-09 10:09:50] setup.INFO: Section cache [] []
[2017-11-09 10:09:50] setup.INFO: Command twig-cache-warmup [vendor/bin/console twig:cache:warmer] (In progress...) [] []
[2017-11-09 10:09:51] setup.INFO: Command twig-cache-warmup [vendor/bin/console twig:cache:warmer] (0.78s) [] []
[2017-11-09 10:09:51] setup.INFO: Command navigation-cache-warmup [vendor/bin/console navigation:build-cache] (In progress...) [] []
[2017-11-09 10:09:52] setup.INFO: Command navigation-cache-warmup [vendor/bin/console navigation:build-cache] (1.20s) [] []
[2017-11-09 10:09:52] setup.INFO: Section queue-flush [] []
[2017-11-09 10:09:52] setup.INFO: Command purge-all-queues for DE store [vendor/bin/console queue:queue:purge-all] (In progress...) [] []
[2017-11-09 10:09:54] setup.INFO: Command purge-all-queues for DE store [vendor/bin/console queue:queue:purge-all] (1.50s) [] []
[2017-11-09 10:09:54] setup.INFO: Command delete-all-queues [vendor/bin/console queue:queue:delete-all] (In progress...) [] []
[2017-11-09 10:09:54] setup.INFO: Command delete-all-queues [vendor/bin/console queue:queue:delete-all] (0.31s) [] []
[2017-11-09 10:09:54] setup.INFO: Command delete-all-exchanges [vendor/bin/console queue:exchanges:delete-all] (In progress...) [] []
[2017-11-09 10:09:54] setup.INFO: Command delete-all-exchanges [vendor/bin/console queue:exchanges:delete-all] (0.27s) [] []
[2017-11-09 10:09:54] setup.INFO: Section database-flush [] []
[2017-11-09 10:09:54] setup.INFO: Command delete-elastic-search-index for DE store [vendor/bin/console search:index:delete] (In progress...) [] []
[2017-11-09 10:09:55] setup.INFO: Command delete-elastic-search-index for DE store [vendor/bin/console search:index:delete] (0.21s) [] []
[2017-11-09 10:09:55] setup.INFO: Command delete-storage for DE store [vendor/bin/console storage:delete] (In progress...) [] []
[2017-11-09 10:09:55] setup.INFO: Command delete-storage for DE store [vendor/bin/console storage:delete] (0.39s) [] []
[2017-11-09 10:09:55] setup.INFO: Command maintenance-zed-on [vendor/bin/console maintenance:enable zed] (In progress...) [] []
[2017-11-09 10:09:55] setup.INFO: Command maintenance-zed-on [vendor/bin/console maintenance:enable zed] (0.17s) [] []
[2017-11-09 10:09:55] setup.INFO: Command drop-database for DE store [vendor/bin/console propel:database:drop] (In progress...) [] []
[2017-11-09 10:09:59] setup.INFO: Command drop-database for DE store [vendor/bin/console propel:database:drop] (3.54s) [] []
[2017-11-09 10:09:59] setup.INFO: Command delete-migration-files for DE store [vendor/bin/console propel:migration:delete] (In progress...) [] []
[2017-11-09 10:09:59] setup.INFO: Command delete-migration-files for DE store [vendor/bin/console propel:migration:delete] (0.16s) [] []
[2017-11-09 10:09:59] setup.INFO: Section database-migrate [] []
[2017-11-09 10:09:59] setup.INFO: Command propel-config for DE store [vendor/bin/console propel:config:convert] (In progress...) [] []
[2017-11-09 10:09:59] setup.INFO: Command propel-config for DE store [vendor/bin/console propel:config:convert] (0.16s) [] []
[2017-11-09 10:09:59] setup.INFO: Command propel-create for DE store [vendor/bin/console propel:database:create] (In progress...) [] []
[2017-11-09 10:09:59] setup.INFO: Command propel-create for DE store [vendor/bin/console propel:database:create] (0.49s) [] []
[2017-11-09 10:09:59] setup.INFO: Command propel-postgres-compatibility for DE store [vendor/bin/console propel:pg-sql-compat] (In progress...) [] []
[2017-11-09 10:10:00] setup.INFO: Command propel-postgres-compatibility for DE store [vendor/bin/console propel:pg-sql-compat] (0.50s) [] []
[2017-11-09 10:10:00] setup.INFO: Command propel-copy-schema for DE store [vendor/bin/console propel:schema:copy] (In progress...) [] []
[2017-11-09 10:10:00] setup.INFO: Command propel-copy-schema for DE store [vendor/bin/console propel:schema:copy] (0.51s) [] []
[2017-11-09 10:10:00] setup.INFO: Command propel-build [vendor/bin/console propel:model:build] (In progress...) [] []
[2017-11-09 10:10:16] setup.INFO: Command propel-build [vendor/bin/console propel:model:build] (15.94s) [] []
[2017-11-09 10:10:16] setup.INFO: Command propel-diff for DE store [vendor/bin/console propel:diff] (In progress...) [] []
[2017-11-09 10:10:17] setup.INFO: Command propel-diff for DE store [vendor/bin/console propel:diff] (1.05s) [] []
[2017-11-09 10:10:17] setup.INFO: Command propel-migration-check for DE store [vendor/bin/console propel:migration:check] (In progress...) [] []
[2017-11-09 10:10:18] setup.INFO: Command propel-migration-check for DE store [vendor/bin/console propel:migration:check] (0.31s) [] []
[2017-11-09 10:10:18] setup.INFO: Command maintenance-page-enable for DE store [vendor/bin/console maintenance:enable] (In progress...) [] []
[2017-11-09 10:10:18] setup.INFO: Command maintenance-page-enable for DE store [vendor/bin/console maintenance:enable] (0.18s) [] []
[2017-11-09 10:10:18] setup.INFO: Command propel-migrate for DE store [vendor/bin/console propel:migrate] (In progress...) [] []
[2017-11-09 10:10:19] setup.INFO: Command propel-migrate for DE store [vendor/bin/console propel:migrate] (0.94s) [] []
[2017-11-09 10:10:19] setup.INFO: Command maintenance-page-disable for DE store [vendor/bin/console maintenance:disable] (In progress...) [] []
[2017-11-09 10:10:19] setup.INFO: Command maintenance-page-disable for DE store [vendor/bin/console maintenance:disable] (0.20s) [] []
[2017-11-09 10:10:19] setup.INFO: Command init-database for DE store [vendor/bin/console setup:init-db] (In progress...) [] []
[2017-11-09 10:10:20] setup.INFO: Command init-database for DE store [vendor/bin/console setup:init-db] (1.13s) [] []
[2017-11-09 10:10:20] setup.INFO: Command setup-search for DE store [vendor/bin/console setup:search] (In progress...) [] []
[2017-11-09 10:10:21] setup.INFO: Command setup-search for DE store [vendor/bin/console setup:search] (0.46s) [] []
[2017-11-09 10:10:21] setup.INFO: Section demodata [] []
[2017-11-09 10:10:21] setup.INFO: Command import for DE store [vendor/bin/console data:import] (In progress...) [] []
[2017-11-09 10:10:49] setup.INFO: Command import for DE store [vendor/bin/console data:import] (28.37s) [] []
[2017-11-09 10:10:49] setup.INFO: Command update-product-labels for DE store [vendor/bin/console product-label:relations:update] (In progress...) [] []
[2017-11-09 10:10:50] setup.INFO: Command update-product-labels for DE store [vendor/bin/console product-label:relations:update] (1.26s) [] []
[2017-11-09 10:10:50] setup.INFO: Command search-collector for DE store [vendor/bin/console collector:search:export] (In progress...) [] []
[2017-11-09 10:11:03] setup.INFO: Command search-collector for DE store [vendor/bin/console collector:search:export] (13.18s) [] []
[2017-11-09 10:11:03] setup.INFO: Command storage-collector for DE store [vendor/bin/console collector:storage:export] (In progress...) [] []
[2017-11-09 10:12:19] setup.INFO: Command storage-collector for DE store [vendor/bin/console collector:storage:export] (75.47s) [] []
[2017-11-09 10:12:19] setup.INFO: Section jenkins-up [] []
[2017-11-09 10:12:19] setup.INFO: Command jenkins-generate [vendor/bin/console setup:jenkins:generate] (In progress...) [] []
[2017-11-09 10:12:25] setup.INFO: Command jenkins-generate [vendor/bin/console setup:jenkins:generate] (5.81s) [] []
[2017-11-09 10:12:25] setup.INFO: Command jenkins-enable [vendor/bin/console setup:jenkins:enable] (In progress...) [] []
[2017-11-09 10:12:25] setup.INFO: Command jenkins-enable [vendor/bin/console setup:jenkins:enable] (0.18s) [] []
[2017-11-09 10:12:25] setup.INFO: Section frontend [] []
[2017-11-09 10:12:25] setup.INFO: Command install-package-manager [vendor/bin/console frontend:install:package-manager -vvv] (In progress...) [] []
[2017-11-09 10:12:25] setup.INFO: Command install-package-manager [vendor/bin/console frontend:install:package-manager -vvv] (0.26s) [] []
[2017-11-09 10:12:25] setup.INFO: Command dependencies-install [vendor/bin/console frontend:project:install-dependencies -vvv] (In progress...) [] []
[2017-11-09 10:12:34] setup.INFO: Command dependencies-install [vendor/bin/console frontend:project:install-dependencies -vvv] (9.12s) [] []
[2017-11-09 10:12:34] setup.INFO: Command yves-install-dependencies [vendor/bin/console frontend:yves:install-dependencies -vvv] (In progress...) [] []
[2017-11-09 10:12:36] setup.INFO: Command yves-install-dependencies [vendor/bin/console frontend:yves:install-dependencies -vvv] (1.40s) [] []
[2017-11-09 10:12:36] setup.INFO: Command yves-build-frontend [vendor/bin/console frontend:yves:build -vvv] (In progress...) [] []
[2017-11-09 10:13:00] setup.INFO: Command yves-build-frontend [vendor/bin/console frontend:yves:build -vvv] (23.81s) [] []
[2017-11-09 10:13:00] setup.INFO: Command zed-install-dependencies [vendor/bin/console frontend:zed:install-dependencies -vvv] (In progress...) [] []
[2017-11-09 10:13:04] setup.INFO: Command zed-install-dependencies [vendor/bin/console frontend:zed:install-dependencies -vvv] (4.52s) [] []
[2017-11-09 10:13:04] setup.INFO: Command zed-build-frontend [vendor/bin/console frontend:zed:build] (In progress...) [] []
[2017-11-09 10:13:28] setup.INFO: Command zed-build-frontend [vendor/bin/console frontend:zed:build] (24.04s) [] []
[2017-11-09 10:13:28] setup.INFO: Setup development finished in 229.32s [] []
