[2017-11-09 07:43:01] setup.INFO: Setup for exceptions environment [] []
[2017-11-09 07:43:01] setup.INFO: Section section [] []
[2017-11-09 07:43:01] setup.INFO: Command failing-command [ls -la /catface] (In progress...) [] []
[2017-11-09 07:43:01] setup.INFO: Command failing-command [ls -la /catface] (0.01) [] []
[2017-11-09 07:43:01] setup.INFO: Command successful-command [echo 'catface'] (In progress...) [] []
[2017-11-09 07:43:01] setup.INFO: Command successful-command [echo 'catface'] (0.00) [] []
[2017-11-09 07:43:01] setup.INFO: Setup exceptions finished in 0.02s [] []
[2017-11-09 07:43:01] setup.INFO: Setup for development environment [] []
[2017-11-09 07:43:01] setup.INFO: Section section-a [] []
[2017-11-09 07:43:01] setup.INFO: Section section-b [] []
[2017-11-09 07:43:01] setup.INFO: Command section-b-command-a [echo 'section-b-command-a group-a'] (In progress...) [] []
[2017-11-09 07:43:01] setup.INFO: Command section-b-command-a [echo 'section-b-command-a group-a'] (0.00) [] []
[2017-11-09 07:43:01] setup.INFO: Section section-d [] []
[2017-11-09 07:43:01] setup.INFO: Setup development finished in 0.01s [] []
[2017-11-09 07:43:01] setup.INFO: Setup for development environment [] []
[2017-11-09 07:43:01] setup.INFO: Section section-a [] []
[2017-11-09 07:43:01] setup.INFO: Command section-a-command-a [echo 'foo bar'] (In progress...) [] []
[2017-11-09 07:43:01] setup.INFO: Command section-a-command-a [echo 'foo bar'] (0.00) [] []
[2017-11-09 07:43:01] setup.INFO: Section section-b [] []
[2017-11-09 07:43:01] setup.INFO: Section section-d [] []
[2017-11-09 07:43:01] setup.INFO: Command section-d-command-a [echo 'stage-b-command-a group-a'] (In progress...) [] []
[2017-11-09 07:43:01] setup.INFO: Command section-d-command-a [echo 'stage-b-command-a group-a'] (0.00) [] []
[2017-11-09 07:43:01] setup.INFO: Setup development finished in 0.02s [] []
[2017-11-09 07:43:01] setup.INFO: Setup for development environment [] []
[2017-11-09 07:43:01] setup.INFO: Section section-a [] []
[2017-11-09 07:43:01] setup.INFO: Command section-a-command-a [echo 'foo bar'] (In progress...) [] []
[2017-11-09 07:43:01] setup.INFO: Command section-a-command-a [echo 'foo bar'] (0.00) [] []
[2017-11-09 07:43:01] setup.INFO: Section section-b [] []
[2017-11-09 07:43:01] setup.INFO: Command section-b-command-a [echo 'section-b-command-a group-a'] (In progress...) [] []
[2017-11-09 07:43:01] setup.INFO: Command section-b-command-a [echo 'section-b-command-a group-a'] (0.00) [] []
[2017-11-09 07:43:01] setup.INFO: Section section-d [] []
[2017-11-09 07:43:01] setup.INFO: Command section-d-command-a [echo 'stage-b-command-a group-a'] (In progress...) [] []
[2017-11-09 07:43:01] setup.INFO: Command section-d-command-a [echo 'stage-b-command-a group-a'] (0.00) [] []
[2017-11-09 07:43:01] setup.INFO: Setup development finished in 0.03s [] []
[2017-11-09 07:43:01] setup.INFO: Setup for development environment [] []
[2017-11-09 07:43:01] setup.INFO: Section section-a [] []
[2017-11-09 07:43:01] setup.INFO: Command section-a-command-a [echo 'foo bar'] (In progress...) [] []
[2017-11-09 07:43:01] setup.INFO: Command section-a-command-a [echo 'foo bar'] (0.00) [] []
[2017-11-09 07:43:01] setup.INFO: Section section-b [] []
[2017-11-09 07:43:01] setup.INFO: Command section-b-command-a [echo 'section-b-command-a group-a'] (In progress...) [] []
[2017-11-09 07:43:01] setup.INFO: Command section-b-command-a [echo 'section-b-command-a group-a'] (0.00) [] []
[2017-11-09 07:43:01] setup.INFO: Section section-d [] []
[2017-11-09 07:43:01] setup.INFO: Command section-d-command-a [echo 'stage-b-command-a group-a'] (In progress...) [] []
[2017-11-09 07:43:01] setup.INFO: Command section-d-command-a [echo 'stage-b-command-a group-a'] (0.00) [] []
[2017-11-09 07:43:01] setup.INFO: Command section-d-command-b [echo 'stage-b-command-a group-a'] (In progress...) [] []
[2017-11-09 07:43:01] setup.INFO: Command section-d-command-b [echo 'stage-b-command-a group-a'] (0.00) [] []
[2017-11-09 07:43:01] setup.INFO: Setup development finished in 0.04s [] []
[2017-11-09 07:43:01] setup.INFO: Setup for development environment [] []
[2017-11-09 07:43:01] setup.INFO: Section section-a [] []
[2017-11-09 07:43:01] setup.INFO: Command section-a-command-a [echo 'foo bar'] (In progress...) [] []
[2017-11-09 07:43:01] setup.INFO: Command section-a-command-a [echo 'foo bar'] (0.00) [] []
[2017-11-09 07:43:01] setup.INFO: Section section-b [] []
[2017-11-09 07:43:01] setup.INFO: Command section-b-command-a [echo 'section-b-command-a group-a'] (In progress...) [] []
[2017-11-09 07:43:01] setup.INFO: Command section-b-command-a [echo 'section-b-command-a group-a'] (0.00) [] []
[2017-11-09 07:43:01] setup.INFO: Section section-d [] []
[2017-11-09 07:43:01] setup.INFO: Command section-d-command-a [echo 'stage-b-command-a group-a'] (In progress...) [] []
[2017-11-09 07:43:01] setup.INFO: Command section-d-command-a [echo 'stage-b-command-a group-a'] (0.00) [] []
[2017-11-09 07:43:01] setup.INFO: Command section-d-command-b [echo 'stage-b-command-a group-a'] (In progress...) [] []
[2017-11-09 07:43:01] setup.INFO: Command section-d-command-b [echo 'stage-b-command-a group-a'] (0.00) [] []
[2017-11-09 07:43:01] setup.INFO: Setup development finished in 0.03s [] []
[2017-11-09 07:43:01] setup.INFO: Setup for interactive environment [] []
[2017-11-09 07:43:01] setup.INFO: Section section-a [] []
[2017-11-09 07:43:01] setup.INFO: Command section-a-command-a [echo 'section-a-command-a group-a'] (In progress...) [] []
[2017-11-09 07:43:01] setup.INFO: Command section-a-command-a [echo 'section-a-command-a group-a'] (0.00) [] []
[2017-11-09 07:43:01] setup.INFO: Setup interactive finished in 0.01s [] []
[2017-11-09 07:43:01] setup.INFO: Setup for pre-post-command environment [] []
[2017-11-09 07:43:01] setup.INFO: Section section [] []
[2017-11-09 07:43:01] setup.INFO: Setup for pre-post-command environment [] []
[2017-11-09 07:43:01] setup.INFO: Section section [] []
[2017-11-09 07:43:01] setup.INFO: Setup for pre-post-command environment [] []
[2017-11-09 07:43:01] setup.INFO: Section section [] []
[2017-11-09 07:43:01] setup.INFO: Command hidden-command-pre [echo 'pre command'] (In progress...) [] []
[2017-11-09 07:43:01] setup.INFO: Command hidden-command-pre [echo 'pre command'] (0.02) [] []
[2017-11-09 07:43:01] setup.INFO: Command command-with-pre [echo 'pre'] (In progress...) [] []
[2017-11-09 07:43:01] setup.INFO: Command command-with-pre [echo 'pre'] (0.02) [] []
[2017-11-09 07:43:01] setup.INFO: Command command-with-post [echo 'post'] (In progress...) [] []
[2017-11-09 07:43:01] setup.INFO: Command command-with-post [echo 'post'] (0.02) [] []
[2017-11-09 07:43:01] setup.INFO: Command hidden-command-post [echo 'post command'] (In progress...) [] []
[2017-11-09 07:43:01] setup.INFO: Command hidden-command-post [echo 'post command'] (0.02) [] []
[2017-11-09 07:43:01] setup.INFO: Command hidden-command-pre [echo 'pre command'] (In progress...) [] []
[2017-11-09 07:43:01] setup.INFO: Command hidden-command-pre [echo 'pre command'] (0.01) [] []
[2017-11-09 07:43:01] setup.INFO: Command command-with-pre-and-post [echo 'pre and post'] (In progress...) [] []
[2017-11-09 07:43:01] setup.INFO: Command command-with-pre-and-post [echo 'pre and post'] (0.02) [] []
[2017-11-09 07:43:01] setup.INFO: Command hidden-command-post [echo 'post command'] (In progress...) [] []
[2017-11-09 07:43:01] setup.INFO: Command hidden-command-post [echo 'post command'] (0.05) [] []
[2017-11-09 07:43:01] setup.INFO: Setup pre-post-command finished in 0.17s [] []
[2017-11-09 07:43:02] setup.INFO: Setup for pre-post-command environment [] []
[2017-11-09 07:43:02] setup.INFO: Section section [] []
[2017-11-09 07:43:02] setup.INFO: Command hidden-command-pre [echo 'pre command'] (In progress...) [] []
[2017-11-09 07:43:02] setup.INFO: Command hidden-command-pre [echo 'pre command'] (0.03) [] []
[2017-11-09 07:43:02] setup.INFO: Command command-with-pre [echo 'pre'] (In progress...) [] []
[2017-11-09 07:43:02] setup.INFO: Command command-with-pre [echo 'pre'] (0.03) [] []
[2017-11-09 07:43:02] setup.INFO: Command command-with-post [echo 'post'] (In progress...) [] []
[2017-11-09 07:43:02] setup.INFO: Command command-with-post [echo 'post'] (0.02) [] []
[2017-11-09 07:43:02] setup.INFO: Command hidden-command-post [echo 'post command'] (In progress...) [] []
[2017-11-09 07:43:02] setup.INFO: Command hidden-command-post [echo 'post command'] (0.02) [] []
[2017-11-09 07:43:02] setup.INFO: Command hidden-command-pre [echo 'pre command'] (In progress...) [] []
[2017-11-09 07:43:02] setup.INFO: Command hidden-command-pre [echo 'pre command'] (0.02) [] []
[2017-11-09 07:43:02] setup.INFO: Command command-with-pre-and-post [echo 'pre and post'] (In progress...) [] []
[2017-11-09 07:43:02] setup.INFO: Command command-with-pre-and-post [echo 'pre and post'] (0.02) [] []
[2017-11-09 07:43:02] setup.INFO: Command hidden-command-post [echo 'post command'] (In progress...) [] []
[2017-11-09 07:43:02] setup.INFO: Command hidden-command-post [echo 'post command'] (0.03) [] []
[2017-11-09 07:43:02] setup.INFO: Setup pre-post-command finished in 0.20s [] []
