[2017-11-09 09:02:44] setup.INFO: Setup for development environment [] []
[2017-11-09 09:02:44] setup.INFO: Section clear [] []
[2017-11-09 09:02:44] setup.INFO: Command remove-logs [vendor/bin/console log:clear] (In progress...) [] []
[2017-11-09 09:02:44] setup.INFO: Command remove-logs [vendor/bin/console log:clear] (0.50s) [] []
[2017-11-09 09:02:44] setup.INFO: Command remove-cache [vendor/bin/console cache:empty-all] (In progress...) [] []
[2017-11-09 09:02:45] setup.INFO: Command remove-cache [vendor/bin/console cache:empty-all] (0.20s) [] []
[2017-11-09 09:02:45] setup.INFO: Command remove-generated-files [vendor/bin/console setup:empty-generated-directory] (In progress...) [] []
[2017-11-09 09:02:45] setup.INFO: Command remove-generated-files [vendor/bin/console setup:empty-generated-directory] (0.47s) [] []
[2017-11-09 09:02:45] setup.INFO: Section jenkins-down [] []
[2017-11-09 09:02:45] setup.INFO: Command jenkins-stop [vendor/bin/console setup:jenkins:disable] (In progress...) [] []
[2017-11-09 09:02:45] setup.INFO: Command jenkins-stop [vendor/bin/console setup:jenkins:disable] (0.20s) [] []
[2017-11-09 09:02:45] setup.INFO: Section generate [] []
[2017-11-09 09:02:45] setup.INFO: Command generate-transfers [vendor/bin/console transfer:generate] (In progress...) [] []
[2017-11-09 09:02:47] setup.INFO: Command generate-transfers [vendor/bin/console transfer:generate] (2.12s) [] []
[2017-11-09 09:02:47] setup.INFO: Command generate-ide-auto-completion [vendor/bin/console dev:ide:generate-auto-completion] (In progress...) [] []
[2017-11-09 09:02:53] setup.INFO: Command generate-ide-auto-completion [vendor/bin/console dev:ide:generate-auto-completion] (5.68s) [] []
[2017-11-09 09:02:53] setup.INFO: Section cache [] []
[2017-11-09 09:02:53] setup.INFO: Command twig-cache-warmup [vendor/bin/console twig:cache:warmer] (In progress...) [] []
[2017-11-09 09:02:54] setup.INFO: Command twig-cache-warmup [vendor/bin/console twig:cache:warmer] (0.71s) [] []
[2017-11-09 09:02:54] setup.INFO: Command navigation-cache-warmup [vendor/bin/console navigation:build-cache] (In progress...) [] []
[2017-11-09 09:02:57] setup.INFO: Command navigation-cache-warmup [vendor/bin/console navigation:build-cache] (3.45s) [] []
[2017-11-09 09:02:57] setup.INFO: Section queue-flush [] []
[2017-11-09 09:02:57] setup.INFO: Command purge-all-queues for DE store [vendor/bin/console queue:queue:purge-all] (In progress...) [] []
[2017-11-09 09:02:57] setup.INFO: Command purge-all-queues for DE store [vendor/bin/console queue:queue:purge-all] (0.31s) [] []
[2017-11-09 09:02:57] setup.INFO: Command purge-all-queues for AT store [vendor/bin/console queue:queue:purge-all] (In progress...) [] []
[2017-11-09 09:02:58] setup.INFO: Command purge-all-queues for AT store [vendor/bin/console queue:queue:purge-all] (0.27s) [] []
[2017-11-09 09:02:58] setup.INFO: Command purge-all-queues for US store [vendor/bin/console queue:queue:purge-all] (In progress...) [] []
[2017-11-09 09:02:58] setup.INFO: Command purge-all-queues for US store [vendor/bin/console queue:queue:purge-all] (0.27s) [] []
[2017-11-09 09:02:58] setup.INFO: Command delete-all-queues [vendor/bin/console queue:queue:delete-all] (In progress...) [] []
[2017-11-09 09:02:58] setup.INFO: Command delete-all-queues [vendor/bin/console queue:queue:delete-all] (0.28s) [] []
[2017-11-09 09:02:58] setup.INFO: Command delete-all-exchanges [vendor/bin/console queue:exchanges:delete-all] (In progress...) [] []
[2017-11-09 09:02:59] setup.INFO: Command delete-all-exchanges [vendor/bin/console queue:exchanges:delete-all] (0.28s) [] []
[2017-11-09 09:02:59] setup.INFO: Section database-flush [] []
[2017-11-09 09:02:59] setup.INFO: Command delete-elastic-search-index for DE store [vendor/bin/console search:index:delete] (In progress...) [] []
[2017-11-09 09:02:59] setup.INFO: Command delete-elastic-search-index for DE store [vendor/bin/console search:index:delete] (0.21s) [] []
[2017-11-09 09:02:59] setup.INFO: Command delete-elastic-search-index for AT store [vendor/bin/console search:index:delete] (In progress...) [] []
[2017-11-09 09:02:59] setup.INFO: Command delete-elastic-search-index for AT store [vendor/bin/console search:index:delete] (0.23s) [] []
[2017-11-09 09:02:59] setup.INFO: Command delete-elastic-search-index for US store [vendor/bin/console search:index:delete] (In progress...) [] []
[2017-11-09 09:02:59] setup.INFO: Command delete-elastic-search-index for US store [vendor/bin/console search:index:delete] (0.21s) [] []
[2017-11-09 09:02:59] setup.INFO: Command delete-storage for DE store [vendor/bin/console storage:delete] (In progress...) [] []
[2017-11-09 09:03:00] setup.INFO: Command delete-storage for DE store [vendor/bin/console storage:delete] (0.44s) [] []
[2017-11-09 09:03:00] setup.INFO: Command delete-storage for AT store [vendor/bin/console storage:delete] (In progress...) [] []
[2017-11-09 09:03:00] setup.INFO: Command delete-storage for AT store [vendor/bin/console storage:delete] (0.21s) [] []
[2017-11-09 09:03:00] setup.INFO: Command delete-storage for US store [vendor/bin/console storage:delete] (In progress...) [] []
[2017-11-09 09:03:00] setup.INFO: Command delete-storage for US store [vendor/bin/console storage:delete] (0.21s) [] []
[2017-11-09 09:03:00] setup.INFO: Command maintenance-zed-on [vendor/bin/console maintenance:enable zed] (In progress...) [] []
[2017-11-09 09:03:00] setup.INFO: Command maintenance-zed-on [vendor/bin/console maintenance:enable zed] (0.18s) [] []
[2017-11-09 09:03:00] setup.INFO: Command drop-database for DE store [vendor/bin/console propel:database:drop] (In progress...) [] []
[2017-11-09 09:03:04] setup.INFO: Command drop-database for DE store [vendor/bin/console propel:database:drop] (3.55s) [] []
[2017-11-09 09:03:04] setup.INFO: Command drop-database for AT store [vendor/bin/console propel:database:drop] (In progress...) [] []
[2017-11-09 09:03:07] setup.INFO: Command drop-database for AT store [vendor/bin/console propel:database:drop] (3.57s) [] []
[2017-11-09 09:03:07] setup.INFO: Command drop-database for US store [vendor/bin/console propel:database:drop] (In progress...) [] []
[2017-11-09 09:03:11] setup.INFO: Command drop-database for US store [vendor/bin/console propel:database:drop] (3.53s) [] []
[2017-11-09 09:03:11] setup.INFO: Command delete-migration-files for DE store [vendor/bin/console propel:migration:delete] (In progress...) [] []
