[2017-11-09 07:43:02] setup.INFO: Setup for pre-post-section environment [] []
[2017-11-09 07:43:02] setup.INFO: Section section-a [] []
[2017-11-09 07:43:02] setup.INFO: Command hidden-command-pre [echo 'pre command'] (In progress...) [] []
[2017-11-09 07:43:02] setup.INFO: Command hidden-command-pre [echo 'pre command'] (0.02) [] []
[2017-11-09 07:43:02] setup.INFO: Command command-a [echo 'pre'] (In progress...) [] []
[2017-11-09 07:43:02] setup.INFO: Command command-a [echo 'pre'] (0.01) [] []
[2017-11-09 07:43:02] setup.INFO: Command hidden-command-post [echo 'post command'] (In progress...) [] []
[2017-11-09 07:43:02] setup.INFO: Command hidden-command-post [echo 'post command'] (0.01) [] []
[2017-11-09 07:43:02] setup.INFO: Setup pre-post-section finished in 0.06s [] []
[2017-11-09 07:43:02] setup.INFO: Setup for pre-post-section environment [] []
[2017-11-09 07:43:02] setup.INFO: Section section-a [] []
[2017-11-09 07:43:02] setup.INFO: Command hidden-command-pre [echo 'pre command'] (In progress...) [] []
[2017-11-09 07:43:02] setup.INFO: Command hidden-command-pre [echo 'pre command'] (0.02) [] []
[2017-11-09 07:43:02] setup.INFO: Command command-a [echo 'pre'] (In progress...) [] []
[2017-11-09 07:43:02] setup.INFO: Command command-a [echo 'pre'] (0.01) [] []
[2017-11-09 07:43:02] setup.INFO: Command hidden-command-post [echo 'post command'] (In progress...) [] []
[2017-11-09 07:43:02] setup.INFO: Command hidden-command-post [echo 'post command'] (0.01) [] []
[2017-11-09 07:43:02] setup.INFO: Setup pre-post-section finished in 0.05s [] []
[2017-11-09 07:43:02] setup.INFO: Setup for interactive environment [] []
[2017-11-09 07:43:02] setup.INFO: Section section-a [] []
[2017-11-09 07:43:02] setup.INFO: Command section-a-command-a [echo 'section-a-command-a group-a'] (In progress...) [] []
[2017-11-09 07:43:02] setup.INFO: Command section-a-command-a [echo 'section-a-command-a group-a'] (0.01) [] []
[2017-11-09 07:43:02] setup.INFO: Section section-b [] []
[2017-11-09 07:43:02] setup.INFO: Command section-b-command-a [echo 'section-b-command-a group-a'] (In progress...) [] []
[2017-11-09 07:43:02] setup.INFO: Command section-b-command-a [echo 'section-b-command-a group-a'] (0.01) [] []
[2017-11-09 07:43:02] setup.INFO: Setup interactive finished in 0.04s [] []
[2017-11-09 07:43:02] setup.INFO: Setup for interactive environment [] []
[2017-11-09 07:43:02] setup.INFO: Section section-a [] []
[2017-11-09 07:43:02] setup.INFO: Command section-a-command-a [echo 'section-a-command-a group-a'] (In progress...) [] []
[2017-11-09 07:43:02] setup.INFO: Command section-a-command-a [echo 'section-a-command-a group-a'] (0.01) [] []
[2017-11-09 07:43:02] setup.INFO: Section section-b [] []
[2017-11-09 07:43:02] setup.INFO: Command section-b-command-a [echo 'section-b-command-a group-a'] (In progress...) [] []
[2017-11-09 07:43:02] setup.INFO: Command section-b-command-a [echo 'section-b-command-a group-a'] (0.01) [] []
[2017-11-09 07:43:02] setup.INFO: Setup for development environment [] []
[2017-11-09 07:43:02] setup.INFO: Section section-a [] []
[2017-11-09 07:43:02] setup.INFO: Command section-a-command-a [echo 'foo bar'] (In progress...) [] []
[2017-11-09 07:43:02] setup.INFO: Command section-a-command-a [echo 'foo bar'] (0.01) [] []
[2017-11-09 07:43:02] setup.INFO: Setup development finished in 0.02s [] []
[2017-11-09 07:43:02] setup.INFO: Setup for development environment [] []
[2017-11-09 07:43:02] setup.INFO: Section section-c [] []
[2017-11-09 07:43:02] setup.INFO: Command section-c-command-a [echo 'section-b-command-a group-b'] (In progress...) [] []
[2017-11-09 07:43:02] setup.INFO: Command section-c-command-a [echo 'section-b-command-a group-b'] (0.02) [] []
[2017-11-09 07:43:02] setup.INFO: Setup development finished in 0.02s [] []
[2017-11-09 07:43:02] setup.INFO: Setup for development environment [] []
[2017-11-09 07:43:02] setup.INFO: Section section-b [] []
[2017-11-09 07:43:02] setup.INFO: Command section-b-command-a [echo 'section-b-command-a group-a'] (In progress...) [] []
[2017-11-09 07:43:02] setup.INFO: Command section-b-command-a [echo 'section-b-command-a group-a'] (0.01) [] []
[2017-11-09 07:43:02] setup.INFO: Section section-d [] []
[2017-11-09 07:43:02] setup.INFO: Command section-d-command-a [echo 'stage-b-command-a group-a'] (In progress...) [] []
[2017-11-09 07:43:02] setup.INFO: Command section-d-command-a [echo 'stage-b-command-a group-a'] (0.01) [] []
[2017-11-09 07:43:02] setup.INFO: Setup development finished in 0.03s [] []
[2017-11-09 07:43:02] setup.INFO: Setup for development environment [] []
[2017-11-09 07:43:02] setup.INFO: Section section-a [] []
[2017-11-09 07:43:02] setup.INFO: Command section-a-command-a [echo 'foo bar'] (In progress...) [] []
[2017-11-09 07:43:02] setup.INFO: Command section-a-command-a [echo 'foo bar'] (0.02) [] []
[2017-11-09 07:43:02] setup.INFO: Section section-b [] []
[2017-11-09 07:43:02] setup.INFO: Command section-b-command-a [echo 'section-b-command-a group-a'] (In progress...) [] []
[2017-11-09 07:43:03] setup.INFO: Command section-b-command-a [echo 'section-b-command-a group-a'] (0.01) [] []
[2017-11-09 07:43:03] setup.INFO: Section section-d [] []
[2017-11-09 07:43:03] setup.INFO: Command section-d-command-a [echo 'stage-b-command-a group-a'] (In progress...) [] []
[2017-11-09 07:43:03] setup.INFO: Command section-d-command-a [echo 'stage-b-command-a group-a'] (0.01) [] []
[2017-11-09 07:43:03] setup.INFO: Setup development finished in 0.06s [] []
