[2017-11-09 09:03:41] setup.INFO: Setup for development environment [] []
[2017-11-09 09:03:41] setup.INFO: Section clear [] []
[2017-11-09 09:03:41] setup.INFO: Command remove-logs [vendor/bin/console log:clear] (In progress...) [] []
[2017-11-09 09:03:41] setup.INFO: Command remove-logs [vendor/bin/console log:clear] (0.31s) [] []
[2017-11-09 09:03:41] setup.INFO: Command remove-cache [vendor/bin/console cache:empty-all] (In progress...) [] []
[2017-11-09 09:03:41] setup.INFO: Command remove-cache [vendor/bin/console cache:empty-all] (0.20s) [] []
[2017-11-09 09:03:41] setup.INFO: Command remove-generated-files [vendor/bin/console setup:empty-generated-directory] (In progress...) [] []
[2017-11-09 09:03:42] setup.INFO: Command remove-generated-files [vendor/bin/console setup:empty-generated-directory] (0.28s) [] []
[2017-11-09 09:03:42] setup.INFO: Section jenkins-down [] []
[2017-11-09 09:03:42] setup.INFO: Command jenkins-stop [vendor/bin/console setup:jenkins:disable] (In progress...) [] []
[2017-11-09 09:03:42] setup.INFO: Command jenkins-stop [vendor/bin/console setup:jenkins:disable] (0.18s) [] []
[2017-11-09 09:03:42] setup.INFO: Section generate [] []
[2017-11-09 09:03:42] setup.INFO: Command generate-transfers [vendor/bin/console transfer:generate] (In progress...) [] []
[2017-11-09 09:03:44] setup.INFO: Command generate-transfers [vendor/bin/console transfer:generate] (1.67s) [] []
[2017-11-09 09:03:44] setup.INFO: Command generate-ide-auto-completion [vendor/bin/console dev:ide:generate-auto-completion] (In progress...) [] []
[2017-11-09 09:03:50] setup.INFO: Command generate-ide-auto-completion [vendor/bin/console dev:ide:generate-auto-completion] (5.94s) [] []
[2017-11-09 09:03:50] setup.INFO: Section cache [] []
[2017-11-09 09:03:50] setup.INFO: Command twig-cache-warmup [vendor/bin/console twig:cache:warmer] (In progress...) [] []
[2017-11-09 09:03:51] setup.INFO: Command twig-cache-warmup [vendor/bin/console twig:cache:warmer] (1.14s) [] []
[2017-11-09 09:03:51] setup.INFO: Command navigation-cache-warmup [vendor/bin/console navigation:build-cache] (In progress...) [] []
[2017-11-09 09:03:51] setup.INFO: Command navigation-cache-warmup [vendor/bin/console navigation:build-cache] (0.69s) [] []
[2017-11-09 09:03:51] setup.INFO: Section queue-flush [] []
[2017-11-09 09:03:51] setup.INFO: Command purge-all-queues for DE store [vendor/bin/console queue:queue:purge-all] (In progress...) [] []
[2017-11-09 09:03:52] setup.INFO: Command purge-all-queues for DE store [vendor/bin/console queue:queue:purge-all] (0.34s) [] []
[2017-11-09 09:03:52] setup.INFO: Command purge-all-queues for AT store [vendor/bin/console queue:queue:purge-all] (In progress...) [] []
[2017-11-09 09:03:52] setup.INFO: Command purge-all-queues for AT store [vendor/bin/console queue:queue:purge-all] (0.34s) [] []
[2017-11-09 09:03:52] setup.INFO: Command purge-all-queues for US store [vendor/bin/console queue:queue:purge-all] (In progress...) [] []
[2017-11-09 09:03:52] setup.INFO: Command purge-all-queues for US store [vendor/bin/console queue:queue:purge-all] (0.29s) [] []
[2017-11-09 09:03:52] setup.INFO: Command delete-all-queues [vendor/bin/console queue:queue:delete-all] (In progress...) [] []
[2017-11-09 09:03:53] setup.INFO: Command delete-all-queues [vendor/bin/console queue:queue:delete-all] (0.30s) [] []
[2017-11-09 09:03:53] setup.INFO: Command delete-all-exchanges [vendor/bin/console queue:exchanges:delete-all] (In progress...) [] []
[2017-11-09 09:03:53] setup.INFO: Command delete-all-exchanges [vendor/bin/console queue:exchanges:delete-all] (0.28s) [] []
[2017-11-09 09:03:53] setup.INFO: Section database-flush [] []
[2017-11-09 09:03:53] setup.INFO: Command delete-elastic-search-index for DE store [vendor/bin/console search:index:delete] (In progress...) [] []
[2017-11-09 09:03:53] setup.INFO: Command delete-elastic-search-index for DE store [vendor/bin/console search:index:delete] (0.21s) [] []
[2017-11-09 09:03:53] setup.INFO: Command delete-elastic-search-index for AT store [vendor/bin/console search:index:delete] (In progress...) [] []
[2017-11-09 09:03:53] setup.INFO: Command delete-elastic-search-index for AT store [vendor/bin/console search:index:delete] (0.20s) [] []
[2017-11-09 09:03:53] setup.INFO: Command delete-elastic-search-index for US store [vendor/bin/console search:index:delete] (In progress...) [] []
[2017-11-09 09:03:54] setup.INFO: Command delete-elastic-search-index for US store [vendor/bin/console search:index:delete] (0.20s) [] []
[2017-11-09 09:03:54] setup.INFO: Command delete-storage for DE store [vendor/bin/console storage:delete] (In progress...) [] []
[2017-11-09 09:03:54] setup.INFO: Command delete-storage for DE store [vendor/bin/console storage:delete] (0.19s) [] []
[2017-11-09 09:03:54] setup.INFO: Command delete-storage for AT store [vendor/bin/console storage:delete] (In progress...) [] []
[2017-11-09 09:03:54] setup.INFO: Command delete-storage for AT store [vendor/bin/console storage:delete] (0.20s) [] []
[2017-11-09 09:03:54] setup.INFO: Command delete-storage for US store [vendor/bin/console storage:delete] (In progress...) [] []
[2017-11-09 09:03:54] setup.INFO: Command delete-storage for US store [vendor/bin/console storage:delete] (0.19s) [] []
[2017-11-09 09:03:54] setup.INFO: Command maintenance-zed-on [vendor/bin/console maintenance:enable zed] (In progress...) [] []
[2017-11-09 09:03:54] setup.INFO: Command maintenance-zed-on [vendor/bin/console maintenance:enable zed] (0.17s) [] []
[2017-11-09 09:03:54] setup.INFO: Command drop-database for DE store [vendor/bin/console propel:database:drop] (In progress...) [] []
[2017-11-09 09:03:58] setup.INFO: Command drop-database for DE store [vendor/bin/console propel:database:drop] (3.41s) [] []
[2017-11-09 09:03:58] setup.INFO: Command drop-database for AT store [vendor/bin/console propel:database:drop] (In progress...) [] []
[2017-11-09 09:04:01] setup.INFO: Command drop-database for AT store [vendor/bin/console propel:database:drop] (3.45s) [] []
[2017-11-09 09:04:01] setup.INFO: Command drop-database for US store [vendor/bin/console propel:database:drop] (In progress...) [] []
[2017-11-09 09:04:05] setup.INFO: Command drop-database for US store [vendor/bin/console propel:database:drop] (3.44s) [] []
[2017-11-09 09:04:05] setup.INFO: Command delete-migration-files for DE store [vendor/bin/console propel:migration:delete] (In progress...) [] []
