[2017-11-08 14:20:46] setup.INFO: Setup for development environment [] []
[2017-11-08 14:20:46] setup.INFO: Section composer [] []
[2017-11-08 14:20:46] setup.INFO: Command install-composer [composer] (In progress...) [] []
[2017-11-08 14:20:46] setup.INFO: Composer is older then 30 days, update composer... [] []
[2017-11-08 14:20:46] setup.INFO: You are already using composer version 1.5.2 (stable channel). [] []
[2017-11-08 14:20:46] setup.INFO: Command install-composer [composer] (0.49) [] []
[2017-11-08 14:20:46] setup.INFO: Command install-dependencies [php composer.phar install prefer-dist] (In progress...) [] []
[2017-11-08 14:20:50] setup.INFO: Command install-dependencies [php composer.phar install prefer-dist] (3.70) [] []
[2017-11-08 14:20:50] setup.INFO: Section clear [] []
[2017-11-08 14:20:50] setup.INFO: Command remove-logs [vendor/bin/console log:clear] (In progress...) [] []
[2017-11-08 14:20:50] setup.INFO: Command remove-logs [vendor/bin/console log:clear] (0.29) [] []
[2017-11-08 14:20:50] setup.INFO: Command remove-cache [vendor/bin/console cache:empty-all] (In progress...) [] []
[2017-11-08 14:20:50] setup.INFO: Command remove-cache [vendor/bin/console cache:empty-all] (0.18) [] []
[2017-11-08 14:20:50] setup.INFO: Command remove-generated-files [vendor/bin/console setup:empty-generated-directory] (In progress...) [] []
[2017-11-08 14:20:51] setup.INFO: Command remove-generated-files [vendor/bin/console setup:empty-generated-directory] (0.28) [] []
[2017-11-08 14:20:51] setup.INFO: Section jenkins-down [] []
[2017-11-08 14:20:51] setup.INFO: Command jenkins-stop [vendor/bin/console setup:jenkins:disable] (In progress...) [] []
[2017-11-08 14:20:51] setup.INFO: Command jenkins-stop [vendor/bin/console setup:jenkins:disable] (0.17) [] []
[2017-11-08 14:20:51] setup.INFO: Section generate [] []
[2017-11-08 14:20:51] setup.INFO: Command generate-transfers [vendor/bin/console transfer:generate] (In progress...) [] []
[2017-11-08 14:20:52] setup.INFO: Command generate-transfers [vendor/bin/console transfer:generate] (1.56) [] []
[2017-11-08 14:20:52] setup.INFO: Command generate-ide-auto-completion [vendor/bin/console dev:ide:generate-auto-completion] (In progress...) [] []
[2017-11-08 14:20:57] setup.INFO: Command generate-ide-auto-completion [vendor/bin/console dev:ide:generate-auto-completion] (4.94) [] []
[2017-11-08 14:20:57] setup.INFO: Section cache [] []
[2017-11-08 14:20:57] setup.INFO: Command twig-cache-warmup [vendor/bin/console twig:cache:warmer] (In progress...) [] []
[2017-11-08 14:20:58] setup.INFO: Command twig-cache-warmup [vendor/bin/console twig:cache:warmer] (0.50) [] []
[2017-11-08 14:20:58] setup.INFO: Command navigation-cache-warmup [vendor/bin/console navigation:build-cache] (In progress...) [] []
[2017-11-08 14:20:58] setup.INFO: Command navigation-cache-warmup [vendor/bin/console navigation:build-cache] (0.63) [] []
[2017-11-08 14:20:58] setup.INFO: Section queue-flush [] []
[2017-11-08 14:20:58] setup.INFO: Command purge-all-queues for AT store [vendor/bin/console queue:queue:purge-all] (In progress...) [] []
