[2017-11-09 08:39:46] setup.INFO: Setup for interactive environment [] []
[2017-11-09 08:39:46] setup.INFO: Section section-a [] []
[2017-11-09 08:39:46] setup.INFO: Command section-a-command-a [echo 'section-a-command-a group-a'] (In progress...) [] []
[2017-11-09 08:39:46] setup.INFO: Command section-a-command-a [echo 'section-a-command-a group-a'] (0.01s) [] []
[2017-11-09 08:39:46] setup.INFO: Setup interactive finished in 0.01s [] []
[2017-11-09 08:39:46] setup.INFO: Setup for pre-post-command environment [] []
[2017-11-09 08:39:46] setup.INFO: Section section [] []
[2017-11-09 08:39:46] setup.INFO: Setup for pre-post-command environment [] []
[2017-11-09 08:39:46] setup.INFO: Section section [] []
[2017-11-09 08:39:46] setup.INFO: Setup for pre-post-command environment [] []
[2017-11-09 08:39:46] setup.INFO: Section section [] []
[2017-11-09 08:39:46] setup.INFO: Command hidden-command-pre [echo 'pre command'] (In progress...) [] []
[2017-11-09 08:39:46] setup.INFO: Command hidden-command-pre [echo 'pre command'] (0.00s) [] []
[2017-11-09 08:39:46] setup.INFO: Command command-with-pre [echo 'pre'] (In progress...) [] []
[2017-11-09 08:39:46] setup.INFO: Command command-with-pre [echo 'pre'] (0.00s) [] []
[2017-11-09 08:39:46] setup.INFO: Command command-with-post [echo 'post'] (In progress...) [] []
[2017-11-09 08:39:46] setup.INFO: Command command-with-post [echo 'post'] (0.00s) [] []
[2017-11-09 08:39:46] setup.INFO: Command hidden-command-post [echo 'post command'] (In progress...) [] []
[2017-11-09 08:39:46] setup.INFO: Command hidden-command-post [echo 'post command'] (0.00s) [] []
[2017-11-09 08:39:46] setup.INFO: Command hidden-command-pre [echo 'pre command'] (In progress...) [] []
[2017-11-09 08:39:46] setup.INFO: Command hidden-command-pre [echo 'pre command'] (0.00s) [] []
[2017-11-09 08:39:46] setup.INFO: Command command-with-pre-and-post [echo 'pre and post'] (In progress...) [] []
[2017-11-09 08:39:46] setup.INFO: Command command-with-pre-and-post [echo 'pre and post'] (0.00s) [] []
[2017-11-09 08:39:46] setup.INFO: Command hidden-command-post [echo 'post command'] (In progress...) [] []
[2017-11-09 08:39:46] setup.INFO: Command hidden-command-post [echo 'post command'] (0.00s) [] []
[2017-11-09 08:39:46] setup.INFO: Setup pre-post-command finished in 0.05s [] []
[2017-11-09 08:39:46] setup.INFO: Setup for pre-post-command environment [] []
[2017-11-09 08:39:46] setup.INFO: Section section [] []
[2017-11-09 08:39:46] setup.INFO: Command hidden-command-pre [echo 'pre command'] (In progress...) [] []
[2017-11-09 08:39:46] setup.INFO: Command hidden-command-pre [echo 'pre command'] (0.01s) [] []
[2017-11-09 08:39:46] setup.INFO: Command command-with-pre [echo 'pre'] (In progress...) [] []
[2017-11-09 08:39:46] setup.INFO: Command command-with-pre [echo 'pre'] (0.01s) [] []
[2017-11-09 08:39:46] setup.INFO: Command command-with-post [echo 'post'] (In progress...) [] []
[2017-11-09 08:39:46] setup.INFO: Command command-with-post [echo 'post'] (0.01s) [] []
[2017-11-09 08:39:46] setup.INFO: Command hidden-command-post [echo 'post command'] (In progress...) [] []
[2017-11-09 08:39:46] setup.INFO: Command hidden-command-post [echo 'post command'] (0.01s) [] []
[2017-11-09 08:39:46] setup.INFO: Command hidden-command-pre [echo 'pre command'] (In progress...) [] []
[2017-11-09 08:39:46] setup.INFO: Command hidden-command-pre [echo 'pre command'] (0.01s) [] []
[2017-11-09 08:39:46] setup.INFO: Command command-with-pre-and-post [echo 'pre and post'] (In progress...) [] []
[2017-11-09 08:39:46] setup.INFO: Command command-with-pre-and-post [echo 'pre and post'] (0.01s) [] []
[2017-11-09 08:39:46] setup.INFO: Command hidden-command-post [echo 'post command'] (In progress...) [] []
[2017-11-09 08:39:46] setup.INFO: Command hidden-command-post [echo 'post command'] (0.01s) [] []
[2017-11-09 08:39:46] setup.INFO: Setup pre-post-command finished in 0.10s [] []
[2017-11-09 08:39:46] setup.INFO: Setup for pre-post-section environment [] []
[2017-11-09 08:39:46] setup.INFO: Section section-a [] []
[2017-11-09 08:39:46] setup.INFO: Command hidden-command-pre [echo 'pre command'] (In progress...) [] []
[2017-11-09 08:39:46] setup.INFO: Command hidden-command-pre [echo 'pre command'] (0.02s) [] []
[2017-11-09 08:39:46] setup.INFO: Command command-a [echo 'pre'] (In progress...) [] []
[2017-11-09 08:39:46] setup.INFO: Command command-a [echo 'pre'] (0.01s) [] []
[2017-11-09 08:39:46] setup.INFO: Command hidden-command-post [echo 'post command'] (In progress...) [] []
[2017-11-09 08:39:46] setup.INFO: Command hidden-command-post [echo 'post command'] (0.01s) [] []
[2017-11-09 08:39:46] setup.INFO: Setup pre-post-section finished in 0.05s [] []
[2017-11-09 08:39:46] setup.INFO: Setup for pre-post-section environment [] []
[2017-11-09 08:39:46] setup.INFO: Section section-a [] []
[2017-11-09 08:39:46] setup.INFO: Command hidden-command-pre [echo 'pre command'] (In progress...) [] []
[2017-11-09 08:39:46] setup.INFO: Command hidden-command-pre [echo 'pre command'] (0.02s) [] []
[2017-11-09 08:39:46] setup.INFO: Command command-a [echo 'pre'] (In progress...) [] []
[2017-11-09 08:39:46] setup.INFO: Command command-a [echo 'pre'] (0.01s) [] []
[2017-11-09 08:39:46] setup.INFO: Command hidden-command-post [echo 'post command'] (In progress...) [] []
[2017-11-09 08:39:46] setup.INFO: Command hidden-command-post [echo 'post command'] (0.01s) [] []
[2017-11-09 08:39:46] setup.INFO: Setup pre-post-section finished in 0.05s [] []
[2017-11-09 08:39:46] setup.INFO: Setup for interactive environment [] []
[2017-11-09 08:39:46] setup.INFO: Section section-a [] []
[2017-11-09 08:39:46] setup.INFO: Command section-a-command-a [echo 'section-a-command-a group-a'] (In progress...) [] []
[2017-11-09 08:39:46] setup.INFO: Command section-a-command-a [echo 'section-a-command-a group-a'] (0.01s) [] []
[2017-11-09 08:39:46] setup.INFO: Section section-b [] []
[2017-11-09 08:39:46] setup.INFO: Command section-b-command-a [echo 'section-b-command-a group-a'] (In progress...) [] []
[2017-11-09 08:39:46] setup.INFO: Command section-b-command-a [echo 'section-b-command-a group-a'] (0.01s) [] []
[2017-11-09 08:39:46] setup.INFO: Setup interactive finished in 0.04s [] []
[2017-11-09 08:39:46] setup.INFO: Setup for interactive environment [] []
[2017-11-09 08:39:46] setup.INFO: Section section-a [] []
[2017-11-09 08:39:46] setup.INFO: Command section-a-command-a [echo 'section-a-command-a group-a'] (In progress...) [] []
[2017-11-09 08:39:46] setup.INFO: Command section-a-command-a [echo 'section-a-command-a group-a'] (0.02s) [] []
[2017-11-09 08:39:46] setup.INFO: Section section-b [] []
[2017-11-09 08:39:46] setup.INFO: Command section-b-command-a [echo 'section-b-command-a group-a'] (In progress...) [] []
[2017-11-09 08:39:46] setup.INFO: Command section-b-command-a [echo 'section-b-command-a group-a'] (0.01s) [] []
[2017-11-09 08:39:46] setup.INFO: Setup for development environment [] []
[2017-11-09 08:39:46] setup.INFO: Section section-a [] []
[2017-11-09 08:39:46] setup.INFO: Command section-a-command-a [echo 'foo bar'] (In progress...) [] []
[2017-11-09 08:39:46] setup.INFO: Command section-a-command-a [echo 'foo bar'] (0.01s) [] []
[2017-11-09 08:39:46] setup.INFO: Setup development finished in 0.02s [] []
[2017-11-09 08:39:46] setup.INFO: Setup for development environment [] []
[2017-11-09 08:39:46] setup.INFO: Section section-c [] []
[2017-11-09 08:39:46] setup.INFO: Command section-c-command-a [echo 'section-b-command-a group-b'] (In progress...) [] []
[2017-11-09 08:39:46] setup.INFO: Command section-c-command-a [echo 'section-b-command-a group-b'] (0.01s) [] []
[2017-11-09 08:39:46] setup.INFO: Setup development finished in 0.02s [] []
[2017-11-09 08:39:47] setup.INFO: Setup for development environment [] []
[2017-11-09 08:39:47] setup.INFO: Section section-b [] []
[2017-11-09 08:39:47] setup.INFO: Command section-b-command-a [echo 'section-b-command-a group-a'] (In progress...) [] []
[2017-11-09 08:39:47] setup.INFO: Command section-b-command-a [echo 'section-b-command-a group-a'] (0.02s) [] []
[2017-11-09 08:39:47] setup.INFO: Section section-d [] []
[2017-11-09 08:39:47] setup.INFO: Command section-d-command-a [echo 'stage-b-command-a group-a'] (In progress...) [] []
[2017-11-09 08:39:47] setup.INFO: Command section-d-command-a [echo 'stage-b-command-a group-a'] (0.01s) [] []
[2017-11-09 08:39:47] setup.INFO: Setup development finished in 0.04s [] []
