[2017-11-08 14:22:17] setup.INFO: Setup for development environment [] []
[2017-11-08 14:22:17] setup.INFO: Section composer [] []
[2017-11-08 14:22:17] setup.INFO: Command install-composer [composer] [] []
[2017-11-08 14:22:17] setup.INFO: Composer is older then 30 days, update composer... [] []
[2017-11-08 14:22:18] setup.INFO: You are already using composer version 1.5.2 (stable channel). [] []
[2017-11-08 14:22:18] setup.INFO: // Command install-composer finished in 0.53s, exit code 0 [] []
[2017-11-08 14:22:18] setup.INFO: Command install-dependencies [php composer.phar install prefer-dist] [] []
[2017-11-08 14:22:18] setup.INFO: Loading composer repositories with package information [] []
[2017-11-08 14:22:18] setup.INFO: Installing dependencies (including require-dev) from lock file [] []
[2017-11-08 14:22:18] setup.INFO: Nothing to install or update [] []
[2017-11-08 14:22:18] setup.INFO: Package sebastian/git is abandoned, you should avoid using it. No replacement was suggested. [] []
[2017-11-08 14:22:18] setup.INFO: Generating autoload files [] []
[2017-11-08 14:22:18] setup.INFO: > PhantomInstaller\Installer::installPhantomJS [] []
[2017-11-08 14:22:18] setup.INFO: PhantomJS v2.1.1 is already installed. Skipping the installation. [] []
[2017-11-08 14:22:18] setup.INFO: Class GitHook\Composer\Scripts\HookInstaller is not autoloadable, can not call post-install-cmd script [] []
[2017-11-08 14:22:18] setup.INFO: Class GitHook\Composer\Scripts\HookInstaller is not autoloadable, can not call post-install-cmd script [] []
[2017-11-08 14:22:18] setup.INFO: // Command install-dependencies finished in 0.85s, exit code 0 [] []
[2017-11-08 14:22:18] setup.INFO: Section composer finished in 1.38s [] []
[2017-11-08 14:22:18] setup.INFO: Section clear [] []
[2017-11-08 14:22:18] setup.INFO: Command remove-logs [vendor/bin/console log:clear] [] []
[2017-11-08 14:22:19] setup.INFO: Store: DE | Environment: development [] []
[2017-11-08 14:22:19] setup.INFO: Clear logs [] []
[2017-11-08 14:22:19] setup.INFO: // Command remove-logs finished in 0.47s, exit code 0 [] []
[2017-11-08 14:22:19] setup.INFO: Command remove-cache [vendor/bin/console cache:empty-all] [] []
[2017-11-08 14:22:19] setup.INFO: Store: DE | Environment: development [] []
[2017-11-08 14:22:19] setup.INFO: Removed cache files [] []
[2017-11-08 14:22:19] setup.INFO: /data/shop/development/current/data/DE/cache [] []
[2017-11-08 14:22:19] setup.INFO: /data/shop/development/current/data/AT/cache [] []
[2017-11-08 14:22:19] setup.INFO: /data/shop/development/current/data/US/cache [] []
[2017-11-08 14:22:19] setup.INFO: Removed auto-load cache files [] []
[2017-11-08 14:22:19] setup.INFO: // Command remove-cache finished in 0.18s, exit code 0 [] []
[2017-11-08 14:22:19] setup.INFO: Command remove-generated-files [vendor/bin/console setup:empty-generated-directory] [] []
[2017-11-08 14:22:19] setup.INFO: Store: DE | Environment: development [] []
[2017-11-08 14:22:19] setup.INFO: // Command remove-generated-files finished in 0.27s, exit code 0 [] []
[2017-11-08 14:22:19] setup.INFO: Section clear finished in 0.93s [] []
[2017-11-08 14:22:19] setup.INFO: Section jenkins-down [] []
[2017-11-08 14:22:19] setup.INFO: Command jenkins-stop [vendor/bin/console setup:jenkins:disable] [] []
[2017-11-08 14:22:19] setup.INFO: Store: DE | Environment: development [] []
[2017-11-08 14:22:20] setup.INFO: Jenkins disabled (response: 302) [] []
[2017-11-08 14:22:20] setup.INFO: // Command jenkins-stop finished in 0.17s, exit code 0 [] []
[2017-11-08 14:22:20] setup.INFO: Section jenkins-down finished in 0.17s [] []
[2017-11-08 14:22:20] setup.INFO: Section generate [] []
[2017-11-08 14:22:20] setup.INFO: Command generate-transfers [vendor/bin/console transfer:generate] [] []
[2017-11-08 14:22:20] setup.INFO: Store: DE | Environment: development [] []
[2017-11-08 14:22:21] setup.INFO: // Command generate-transfers finished in 1.82s, exit code 0 [] []
[2017-11-08 14:22:21] setup.INFO: Command generate-ide-auto-completion [vendor/bin/console dev:ide:generate-auto-completion] [] []
[2017-11-08 14:22:21] setup.INFO: Store: DE | Environment: development [] []
[2017-11-08 14:22:23] setup.INFO: Generated Yves IDE auto-completion files [] []
[2017-11-08 14:22:25] setup.INFO: Generated Zed IDE auto-completion files [] []
[2017-11-08 14:22:26] setup.INFO: Generated Client IDE auto-completion files [] []
[2017-11-08 14:22:27] setup.INFO: Generated Service IDE auto-completion files [] []
[2017-11-08 14:22:27] setup.INFO: // Command generate-ide-auto-completion finished in 5.65s, exit code 0 [] []
[2017-11-08 14:22:27] setup.INFO: Section generate finished in 7.47s [] []
[2017-11-08 14:22:27] setup.INFO: Section cache [] []
[2017-11-08 14:22:27] setup.INFO: Command twig-cache-warmup [vendor/bin/console twig:cache:warmer] [] []
[2017-11-08 14:22:27] setup.INFO: Store: DE | Environment: development [] []
[2017-11-08 14:22:30] setup.INFO: // Command twig-cache-warmup finished in 2.87s, exit code 0 [] []
[2017-11-08 14:22:30] setup.INFO: Command navigation-cache-warmup [vendor/bin/console navigation:build-cache] [] []
[2017-11-08 14:22:30] setup.INFO: Store: DE | Environment: development [] []
[2017-11-08 14:22:31] setup.INFO: // Command navigation-cache-warmup finished in 1.24s, exit code 0 [] []
[2017-11-08 14:22:31] setup.INFO: Section cache finished in 4.11s [] []
[2017-11-08 14:22:31] setup.INFO: Section queue-flush [] []
[2017-11-08 14:22:31] setup.INFO: Command purge-all-queues for AT store [vendor/bin/console queue:queue:purge-all] [] []
[2017-11-08 14:22:31] setup.INFO: Store: AT | Environment: development [] []
[2017-11-08 14:22:31] setup.INFO: Purge all queues [] []
[2017-11-08 14:22:31] setup.INFO: [2017-11-08 14:22:31] Zed.CRITICAL: PhpAmqpLib\Exception\AMQPProtocolChannelException - NOT_FOUND - no queue 'amq.gen-9VrzMU0mMOommOiAA0NLiQ' in vhost '/AT_development_zed' in "/data/shop/development/current/vendor/php-amqplib/php-amqplib/PhpAmqpLib/Channel/AMQPChannel.php::188" {"exception":"[object] (PhpAmqpLib\\Exception\\AMQPProtocolChannelException(code: 404): NOT_FOUND - no queue 'amq.gen-9VrzMU0mMOommOiAA0NLiQ' in vhost '/AT_development_zed' at /data/shop/development/current/vendor/php-amqplib/php-amqplib/PhpAmqpLib/Channel/AMQPChannel.php:188)"} {"environment":{"application":"ZED","environment":"development","store":"AT","locale":"en_US"},"server":{"url":"","is_https":0,"hostname":"spryker-vagrant","user_agent":null,"user_ip":null,"request_method":"cli","referer":null},"request":{"requestId":"d8265bce","type":"CLI","request_params":[]}} [] []
[2017-11-08 14:22:31] setup.INFO: PhpAmqpLib\Exception\AMQPProtocolChannelException - Exception: NOT_FOUND - no queue 'amq.gen-9VrzMU0mMOommOiAA0NLiQ' in vhost '/AT_development_zed' in /data/shop/development/current/vendor/php-amqplib/php-amqplib/PhpAmqpLib/Channel/AMQPChannel.php (188)Command: vendor/bin/console queue:queue:purge-allTrace: #0 [internal function]: PhpAmqpLib\Channel\AMQPChannel->channel_close(Object(PhpAmqpLib\Wire\AMQPReader))#1 /data/shop/development/current/vendor/php-amqplib/php-amqplib/PhpAmqpLib/Channel/AbstractChannel.php(199): call_user_func(Array, Object(PhpAmqpLib\Wire\AMQPReader))#2 /data/shop/development/current/vendor/php-amqplib/php-amqplib/PhpAmqpLib/Channel/AbstractChannel.php(340): PhpAmqpLib\Channel\AbstractChannel->dispatch('20,40', '\x01\x94TNOT_FOUND - ...', NULL)#3 /data/shop/development/current/vendor/php-amqplib/php-amqplib/PhpAmqpLib/Channel/AMQPChannel.php(724): PhpAmqpLib\Channel\AbstractChannel->wait(Array)#4 /data/shop/development/current/vendor/spryker/rabbit-mq/src/Spryker/Client/RabbitMq/Model/Manager/Manager.php(68): PhpAmqpLib\Channel\AMQPChannel->queue_purge('amq.gen-9VrzMU0...')#5 /data/shop/development/current/vendor/spryker/rabbit-mq/src/Spryker/Client/RabbitMq/Model/RabbitMqAdapter.php(67): Spryker\Client\RabbitMq\Model\Manager\Manager->purgeQueue('amq.gen-9VrzMU0...', Array)#6 /data/shop/development/current/vendor/spryker/rabbit-mq/src/Spryker/Zed/RabbitMq/Business/Model/Queue/Queue.php(58): Spryker\Client\RabbitMq\Model\RabbitMqAdapter->purgeQueue('amq.gen-9VrzMU0...')#7 /data/shop/development/current/vendor/spryker/rabbit-mq/src/Spryker/Zed/RabbitMq/Business/RabbitMqFacade.php(29): Spryker\Zed\RabbitMq\Business\Model\Queue\Queue->purgeAllQueues(Object(Symfony\Component\Console\Logger\ConsoleLogger))#8 /data/shop/development/current/vendor/spryker/rabbit-mq/src/Spryker/Zed/RabbitMq/Communication/Console/PurgeAllQueuesConsole.php(43): Spryker\Zed\RabbitMq\Business\RabbitMqFacade->purgeAllQueues(Object(Symfony\Component\Console\Logger\ConsoleLogger))#9 /data/shop/development/current/vendor/symfony/console/Command/Command.php(262): Spryker\Zed\RabbitMq\Communication\Console\PurgeAllQueuesConsole->execute(Object(Symfony\Component\Console\Input\ArgvInput), Object(Symfony\Component\Console\Output\ConsoleOutput))#10 /data/shop/development/current/vendor/symfony/console/Application.php(906): Symfony\Component\Console\Command\Command->run(Object(Symfony\Component\Console\Input\ArgvInput), Object(Symfony\Component\Console\Output\ConsoleOutput))#11 /data/shop/development/current/vendor/symfony/console/Application.php(224): Symfony\Component\Console\Application->doRunCommand(Object(Spryker\Zed\RabbitMq\Communication\Console\PurgeAllQueuesConsole), Object(Symfony\Component\Console\Input\ArgvInput), Object(Symfony\Component\Console\Output\ConsoleOutput))#12 /data/shop/development/current/vendor/spryker/spryker/Bundles/Console/src/Spryker/Zed/Console/Communication/ConsoleBootstrap.php(150): Symfony\Component\Console\Application->doRun(Object(Symfony\Component\Console\Input\ArgvInput), Object(Symfony\Component\Console\Output\ConsoleOutput))#13 /data/shop/development/current/vendor/symfony/console/Application.php(125): Spryker\Zed\Console\Communication\ConsoleBootstrap->doRun(Object(Symfony\Component\Console\Input\ArgvInput), Object(Symfony\Component\Console\Output\ConsoleOutput))#14 /data/shop/development/current/vendor/spryker/spryker/Bundles/Console/bin/console(21): Symfony\Component\Console\Application->run()#15 {main} [] []
