[2017-11-09 08:00:32] setup.INFO: Setup for development environment [] []
[2017-11-09 08:00:32] setup.INFO: Section clear [] []
[2017-11-09 08:00:32] setup.INFO: Command remove-logs [vendor/bin/console log:clear] (In progress...) [] []
[2017-11-09 08:00:32] setup.INFO: Command remove-logs [vendor/bin/console log:clear] (0.29) [] []
[2017-11-09 08:00:32] setup.INFO: Command remove-cache [vendor/bin/console cache:empty-all] (In progress...) [] []
[2017-11-09 08:00:32] setup.INFO: Command remove-cache [vendor/bin/console cache:empty-all] (0.19) [] []
[2017-11-09 08:00:32] setup.INFO: Command remove-generated-files [vendor/bin/console setup:empty-generated-directory] (In progress...) [] []
[2017-11-09 08:00:33] setup.INFO: Command remove-generated-files [vendor/bin/console setup:empty-generated-directory] (0.44) [] []
[2017-11-09 08:00:33] setup.INFO: Section jenkins-down [] []
[2017-11-09 08:00:33] setup.INFO: Command jenkins-stop [vendor/bin/console setup:jenkins:disable] (In progress...) [] []
[2017-11-09 08:00:34] setup.INFO: Command jenkins-stop [vendor/bin/console setup:jenkins:disable] (1.17) [] []
[2017-11-09 08:00:34] setup.INFO: Section generate [] []
[2017-11-09 08:00:34] setup.INFO: Command generate-transfers [vendor/bin/console transfer:generate] (In progress...) [] []
[2017-11-09 08:00:36] setup.INFO: Command generate-transfers [vendor/bin/console transfer:generate] (2.01) [] []
[2017-11-09 08:00:36] setup.INFO: Command generate-ide-auto-completion [vendor/bin/console dev:ide:generate-auto-completion] (In progress...) [] []
[2017-11-09 08:00:42] setup.INFO: Command generate-ide-auto-completion [vendor/bin/console dev:ide:generate-auto-completion] (6.33) [] []
[2017-11-09 08:00:42] setup.INFO: Section cache [] []
[2017-11-09 08:00:42] setup.INFO: Command twig-cache-warmup [vendor/bin/console twig:cache:warmer] (In progress...) [] []
[2017-11-09 08:00:43] setup.INFO: Command twig-cache-warmup [vendor/bin/console twig:cache:warmer] (0.78) [] []
[2017-11-09 08:00:43] setup.INFO: Command navigation-cache-warmup [vendor/bin/console navigation:build-cache] (In progress...) [] []
[2017-11-09 08:00:44] setup.INFO: Command navigation-cache-warmup [vendor/bin/console navigation:build-cache] (1.34) [] []
[2017-11-09 08:00:44] setup.INFO: Section queue-flush [] []
[2017-11-09 08:00:44] setup.INFO: Command purge-all-queues for DE store [vendor/bin/console queue:queue:purge-all] (In progress...) [] []
[2017-11-09 08:00:47] setup.INFO: Command purge-all-queues for DE store [vendor/bin/console queue:queue:purge-all] (2.17) [] []
[2017-11-09 08:00:47] setup.INFO: Command purge-all-queues for AT store [vendor/bin/console queue:queue:purge-all] (In progress...) [] []
[2017-11-09 08:00:47] setup.INFO: Command purge-all-queues for AT store [vendor/bin/console queue:queue:purge-all] (0.38) [] []
[2017-11-09 08:00:47] setup.INFO: Command purge-all-queues for US store [vendor/bin/console queue:queue:purge-all] (In progress...) [] []
[2017-11-09 08:00:47] setup.INFO: Command purge-all-queues for US store [vendor/bin/console queue:queue:purge-all] (0.36) [] []
[2017-11-09 08:00:47] setup.INFO: Command delete-all-queues [vendor/bin/console queue:queue:delete-all] (In progress...) [] []
[2017-11-09 08:00:48] setup.INFO: Command delete-all-queues [vendor/bin/console queue:queue:delete-all] (0.34) [] []
[2017-11-09 08:00:48] setup.INFO: Command delete-all-exchanges [vendor/bin/console queue:exchanges:delete-all] (In progress...) [] []
[2017-11-09 08:00:48] setup.INFO: Command delete-all-exchanges [vendor/bin/console queue:exchanges:delete-all] (0.36) [] []
[2017-11-09 08:00:48] setup.INFO: Section database-flush [] []
[2017-11-09 08:00:48] setup.INFO: Command delete-elastic-search-index for DE store [vendor/bin/console search:index:delete] (In progress...) [] []
[2017-11-09 08:00:48] setup.INFO: Command delete-elastic-search-index for DE store [vendor/bin/console search:index:delete] (0.31) [] []
[2017-11-09 08:00:48] setup.INFO: Command delete-elastic-search-index for AT store [vendor/bin/console search:index:delete] (In progress...) [] []
[2017-11-09 08:00:49] setup.INFO: Command delete-elastic-search-index for AT store [vendor/bin/console search:index:delete] (0.30) [] []
[2017-11-09 08:00:49] setup.INFO: Command delete-elastic-search-index for US store [vendor/bin/console search:index:delete] (In progress...) [] []
[2017-11-09 08:00:49] setup.INFO: Command delete-elastic-search-index for US store [vendor/bin/console search:index:delete] (0.23) [] []
[2017-11-09 08:00:49] setup.INFO: Command delete-storage for DE store [vendor/bin/console storage:delete] (In progress...) [] []
[2017-11-09 08:00:49] setup.INFO: Command delete-storage for DE store [vendor/bin/console storage:delete] (0.21) [] []
[2017-11-09 08:00:49] setup.INFO: Command delete-storage for AT store [vendor/bin/console storage:delete] (In progress...) [] []
[2017-11-09 08:00:49] setup.INFO: Command delete-storage for AT store [vendor/bin/console storage:delete] (0.20) [] []
[2017-11-09 08:00:49] setup.INFO: Command delete-storage for US store [vendor/bin/console storage:delete] (In progress...) [] []
[2017-11-09 08:00:49] setup.INFO: Command delete-storage for US store [vendor/bin/console storage:delete] (0.21) [] []
[2017-11-09 08:00:49] setup.INFO: Command maintenance-zed-on [vendor/bin/console maintenance:enable zed] (In progress...) [] []
[2017-11-09 08:00:50] setup.INFO: Command maintenance-zed-on [vendor/bin/console maintenance:enable zed] (0.19) [] []
[2017-11-09 08:00:50] setup.INFO: Command drop-database for DE store [vendor/bin/console propel:database:drop] (In progress...) [] []
[2017-11-09 08:00:53] setup.INFO: Command drop-database for DE store [vendor/bin/console propel:database:drop] (3.53) [] []
[2017-11-09 08:00:53] setup.INFO: Command drop-database for AT store [vendor/bin/console propel:database:drop] (In progress...) [] []
[2017-11-09 08:00:57] setup.INFO: Command drop-database for AT store [vendor/bin/console propel:database:drop] (3.53) [] []
[2017-11-09 08:00:57] setup.INFO: Command drop-database for US store [vendor/bin/console propel:database:drop] (In progress...) [] []
[2017-11-09 08:01:00] setup.INFO: Command drop-database for US store [vendor/bin/console propel:database:drop] (3.54) [] []
[2017-11-09 08:01:00] setup.INFO: Command delete-migration-files for DE store [vendor/bin/console propel:migration:delete] (In progress...) [] []
[2017-11-09 08:01:00] setup.INFO: Command delete-migration-files for DE store [vendor/bin/console propel:migration:delete] (0.22) [] []
[2017-11-09 08:01:00] setup.INFO: Command delete-migration-files for AT store [vendor/bin/console propel:migration:delete] (In progress...) [] []
[2017-11-09 08:01:01] setup.INFO: Command delete-migration-files for AT store [vendor/bin/console propel:migration:delete] (0.18) [] []
[2017-11-09 08:01:01] setup.INFO: Command delete-migration-files for US store [vendor/bin/console propel:migration:delete] (In progress...) [] []
[2017-11-09 08:01:01] setup.INFO: Command delete-migration-files for US store [vendor/bin/console propel:migration:delete] (0.22) [] []
[2017-11-09 08:01:01] setup.INFO: Section database-migrate [] []
[2017-11-09 08:01:01] setup.INFO: Command propel-config for DE store [vendor/bin/console propel:config:convert] (In progress...) [] []
[2017-11-09 08:01:01] setup.INFO: Command propel-config for DE store [vendor/bin/console propel:config:convert] (0.25) [] []
[2017-11-09 08:01:01] setup.INFO: Command propel-config for AT store [vendor/bin/console propel:config:convert] (In progress...) [] []
[2017-11-09 08:01:03] setup.INFO: Command propel-config for AT store [vendor/bin/console propel:config:convert] (2.23) [] []
[2017-11-09 08:01:03] setup.INFO: Command propel-config for US store [vendor/bin/console propel:config:convert] (In progress...) [] []
[2017-11-09 08:01:05] setup.INFO: Command propel-config for US store [vendor/bin/console propel:config:convert] (1.47) [] []
[2017-11-09 08:01:05] setup.INFO: Command propel-create for DE store [vendor/bin/console propel:database:create] (In progress...) [] []
[2017-11-09 08:01:05] setup.INFO: Command propel-create for DE store [vendor/bin/console propel:database:create] (0.53) [] []
[2017-11-09 08:01:05] setup.INFO: Command propel-create for AT store [vendor/bin/console propel:database:create] (In progress...) [] []
[2017-11-09 08:01:06] setup.INFO: Command propel-create for AT store [vendor/bin/console propel:database:create] (0.56) [] []
[2017-11-09 08:01:06] setup.INFO: Command propel-create for US store [vendor/bin/console propel:database:create] (In progress...) [] []
[2017-11-09 08:01:06] setup.INFO: Command propel-create for US store [vendor/bin/console propel:database:create] (0.59) [] []
[2017-11-09 08:01:06] setup.INFO: Command propel-postgres-compatibility for DE store [vendor/bin/console propel:pg-sql-compat] (In progress...) [] []
[2017-11-09 08:01:07] setup.INFO: Command propel-postgres-compatibility for DE store [vendor/bin/console propel:pg-sql-compat] (0.73) [] []
[2017-11-09 08:01:07] setup.INFO: Command propel-postgres-compatibility for AT store [vendor/bin/console propel:pg-sql-compat] (In progress...) [] []
[2017-11-09 08:01:08] setup.INFO: Command propel-postgres-compatibility for AT store [vendor/bin/console propel:pg-sql-compat] (0.38) [] []
[2017-11-09 08:01:08] setup.INFO: Command propel-postgres-compatibility for US store [vendor/bin/console propel:pg-sql-compat] (In progress...) [] []
[2017-11-09 08:01:08] setup.INFO: Command propel-postgres-compatibility for US store [vendor/bin/console propel:pg-sql-compat] (0.38) [] []
[2017-11-09 08:01:08] setup.INFO: Command propel-copy-schema for DE store [vendor/bin/console propel:schema:copy] (In progress...) [] []
[2017-11-09 08:01:09] setup.INFO: Command propel-copy-schema for DE store [vendor/bin/console propel:schema:copy] (0.60) [] []
[2017-11-09 08:01:09] setup.INFO: Command propel-copy-schema for AT store [vendor/bin/console propel:schema:copy] (In progress...) [] []
[2017-11-09 08:06:35] setup.INFO: Command propel-copy-schema for AT store [vendor/bin/console propel:schema:copy] (326.03) [] []
[2017-11-09 08:06:35] setup.INFO: Command propel-copy-schema for US store [vendor/bin/console propel:schema:copy] (In progress...) [] []
[2017-11-09 08:06:35] setup.INFO: Command propel-copy-schema for US store [vendor/bin/console propel:schema:copy] (0.76) [] []
[2017-11-09 08:06:35] setup.INFO: Command propel-build [vendor/bin/console propel:model:build] (In progress...) [] []
[2017-11-09 08:06:49] setup.INFO: Command propel-build [vendor/bin/console propel:model:build] (13.45) [] []
[2017-11-09 08:06:49] setup.INFO: Command propel-diff for DE store [vendor/bin/console propel:diff] (In progress...) [] []
[2017-11-09 08:06:50] setup.INFO: Command propel-diff for DE store [vendor/bin/console propel:diff] (1.15) [] []
[2017-11-09 08:06:50] setup.INFO: Command propel-diff for AT store [vendor/bin/console propel:diff] (In progress...) [] []
[2017-11-09 08:06:51] setup.INFO: Command propel-diff for AT store [vendor/bin/console propel:diff] (1.13) [] []
[2017-11-09 08:06:51] setup.INFO: Command propel-diff for US store [vendor/bin/console propel:diff] (In progress...) [] []
[2017-11-09 08:06:52] setup.INFO: Command propel-diff for US store [vendor/bin/console propel:diff] (1.04) [] []
[2017-11-09 08:06:52] setup.INFO: Command propel-migration-check for DE store [vendor/bin/console propel:migration:check] (In progress...) [] []
[2017-11-09 08:06:52] setup.INFO: Command propel-migration-check for DE store [vendor/bin/console propel:migration:check] (0.33) [] []
[2017-11-09 08:06:52] setup.INFO: Command propel-migration-check for AT store [vendor/bin/console propel:migration:check] (In progress...) [] []
[2017-11-09 08:06:53] setup.INFO: Command propel-migration-check for AT store [vendor/bin/console propel:migration:check] (0.33) [] []
[2017-11-09 08:06:53] setup.INFO: Command propel-migration-check for US store [vendor/bin/console propel:migration:check] (In progress...) [] []
[2017-11-09 08:06:53] setup.INFO: Command propel-migration-check for US store [vendor/bin/console propel:migration:check] (0.31) [] []
[2017-11-09 08:06:53] setup.INFO: Command maintenance-page-enable for DE store [vendor/bin/console maintenance:enable] (In progress...) [] []
[2017-11-09 08:06:53] setup.INFO: Command maintenance-page-enable for DE store [vendor/bin/console maintenance:enable] (0.18) [] []
[2017-11-09 08:06:53] setup.INFO: Command maintenance-page-enable for AT store [vendor/bin/console maintenance:enable] (In progress...) [] []
[2017-11-09 08:06:53] setup.INFO: Command maintenance-page-enable for AT store [vendor/bin/console maintenance:enable] (0.18) [] []
[2017-11-09 08:06:53] setup.INFO: Command maintenance-page-enable for US store [vendor/bin/console maintenance:enable] (In progress...) [] []
[2017-11-09 08:06:54] setup.INFO: Command maintenance-page-enable for US store [vendor/bin/console maintenance:enable] (0.18) [] []
[2017-11-09 08:06:54] setup.INFO: Command propel-migrate for DE store [vendor/bin/console propel:migrate] (In progress...) [] []
[2017-11-09 08:06:55] setup.INFO: Command propel-migrate for DE store [vendor/bin/console propel:migrate] (0.91) [] []
[2017-11-09 08:06:55] setup.INFO: Command propel-migrate for AT store [vendor/bin/console propel:migrate] (In progress...) [] []
[2017-11-09 08:06:55] setup.INFO: Command propel-migrate for AT store [vendor/bin/console propel:migrate] (0.92) [] []
[2017-11-09 08:06:55] setup.INFO: Command propel-migrate for US store [vendor/bin/console propel:migrate] (In progress...) [] []
[2017-11-09 08:06:56] setup.INFO: Command propel-migrate for US store [vendor/bin/console propel:migrate] (0.94) [] []
[2017-11-09 08:06:56] setup.INFO: Command maintenance-page-disable for DE store [vendor/bin/console maintenance:disable] (In progress...) [] []
[2017-11-09 08:06:57] setup.INFO: Command maintenance-page-disable for DE store [vendor/bin/console maintenance:disable] (0.18) [] []
[2017-11-09 08:06:57] setup.INFO: Command maintenance-page-disable for AT store [vendor/bin/console maintenance:disable] (In progress...) [] []
[2017-11-09 08:06:57] setup.INFO: Command maintenance-page-disable for AT store [vendor/bin/console maintenance:disable] (0.20) [] []
[2017-11-09 08:06:57] setup.INFO: Command maintenance-page-disable for US store [vendor/bin/console maintenance:disable] (In progress...) [] []
[2017-11-09 08:06:57] setup.INFO: Command maintenance-page-disable for US store [vendor/bin/console maintenance:disable] (0.20) [] []
[2017-11-09 08:06:57] setup.INFO: Command init-database for DE store [vendor/bin/console setup:init-db] (In progress...) [] []
[2017-11-09 08:07:01] setup.INFO: Command init-database for DE store [vendor/bin/console setup:init-db] (4.15) [] []
[2017-11-09 08:07:01] setup.INFO: Command init-database for AT store [vendor/bin/console setup:init-db] (In progress...) [] []
[2017-11-09 08:07:02] setup.INFO: Command init-database for AT store [vendor/bin/console setup:init-db] (1.26) [] []
[2017-11-09 08:07:02] setup.INFO: Command init-database for US store [vendor/bin/console setup:init-db] (In progress...) [] []
[2017-11-09 08:07:03] setup.INFO: Command init-database for US store [vendor/bin/console setup:init-db] (1.11) [] []
[2017-11-09 08:07:03] setup.INFO: Command setup-search for DE store [vendor/bin/console setup:search] (In progress...) [] []
[2017-11-09 08:07:04] setup.INFO: Command setup-search for DE store [vendor/bin/console setup:search] (0.50) [] []
[2017-11-09 08:07:04] setup.INFO: Command setup-search for AT store [vendor/bin/console setup:search] (In progress...) [] []
[2017-11-09 08:07:04] setup.INFO: Command setup-search for AT store [vendor/bin/console setup:search] (0.39) [] []
[2017-11-09 08:07:04] setup.INFO: Command setup-search for US store [vendor/bin/console setup:search] (In progress...) [] []
[2017-11-09 08:07:05] setup.INFO: Command setup-search for US store [vendor/bin/console setup:search] (0.39) [] []
[2017-11-09 08:07:05] setup.INFO: Section demodata [] []
[2017-11-09 08:07:05] setup.INFO: Command import for DE store [vendor/bin/console data:import] (In progress...) [] []
[2017-11-09 08:07:40] setup.INFO: Command import for DE store [vendor/bin/console data:import] (35.68) [] []
[2017-11-09 08:07:40] setup.INFO: Command import for AT store [vendor/bin/console data:import] (In progress...) [] []
[2017-11-09 08:08:10] setup.INFO: Command import for AT store [vendor/bin/console data:import] (29.79) [] []
[2017-11-09 08:08:10] setup.INFO: Command import for US store [vendor/bin/console data:import] (In progress...) [] []
[2017-11-09 08:08:46] setup.INFO: Command import for US store [vendor/bin/console data:import] (35.56) [] []
[2017-11-09 08:08:46] setup.INFO: Command update-product-labels for DE store [vendor/bin/console product-label:relations:update] (In progress...) [] []
[2017-11-09 08:08:47] setup.INFO: Command update-product-labels for DE store [vendor/bin/console product-label:relations:update] (0.94) [] []
[2017-11-09 08:08:47] setup.INFO: Command update-product-labels for AT store [vendor/bin/console product-label:relations:update] (In progress...) [] []
[2017-11-09 08:08:48] setup.INFO: Command update-product-labels for AT store [vendor/bin/console product-label:relations:update] (0.89) [] []
[2017-11-09 08:08:48] setup.INFO: Command update-product-labels for US store [vendor/bin/console product-label:relations:update] (In progress...) [] []
[2017-11-09 08:08:49] setup.INFO: Command update-product-labels for US store [vendor/bin/console product-label:relations:update] (0.90) [] []
[2017-11-09 08:08:49] setup.INFO: Command search-collector for DE store [vendor/bin/console collector:search:export] (In progress...) [] []
[2017-11-09 08:09:03] setup.INFO: Command search-collector for DE store [vendor/bin/console collector:search:export] (14.28) [] []
[2017-11-09 08:09:03] setup.INFO: Command search-collector for AT store [vendor/bin/console collector:search:export] (In progress...) [] []
[2017-11-09 08:09:15] setup.INFO: Command search-collector for AT store [vendor/bin/console collector:search:export] (11.78) [] []
[2017-11-09 08:09:15] setup.INFO: Command search-collector for US store [vendor/bin/console collector:search:export] (In progress...) [] []
[2017-11-09 08:09:27] setup.INFO: Command search-collector for US store [vendor/bin/console collector:search:export] (12.25) [] []
[2017-11-09 08:09:27] setup.INFO: Command storage-collector for DE store [vendor/bin/console collector:storage:export] (In progress...) [] []
[2017-11-09 08:10:51] setup.INFO: Command storage-collector for DE store [vendor/bin/console collector:storage:export] (83.77) [] []
[2017-11-09 08:10:51] setup.INFO: Command storage-collector for AT store [vendor/bin/console collector:storage:export] (In progress...) [] []
[2017-11-09 08:12:16] setup.INFO: Command storage-collector for AT store [vendor/bin/console collector:storage:export] (85.42) [] []
[2017-11-09 08:12:16] setup.INFO: Command storage-collector for US store [vendor/bin/console collector:storage:export] (In progress...) [] []
[2017-11-09 08:13:34] setup.INFO: Command storage-collector for US store [vendor/bin/console collector:storage:export] (78.39) [] []
[2017-11-09 08:13:34] setup.INFO: Section jenkins-up [] []
[2017-11-09 08:13:34] setup.INFO: Command jenkins-generate [vendor/bin/console setup:jenkins:generate] (In progress...) [] []
[2017-11-09 08:13:36] setup.INFO: Command jenkins-generate [vendor/bin/console setup:jenkins:generate] (1.20) [] []
[2017-11-09 08:13:36] setup.INFO: Command jenkins-enable [vendor/bin/console setup:jenkins:enable] (In progress...) [] []
[2017-11-09 08:13:36] setup.INFO: Command jenkins-enable [vendor/bin/console setup:jenkins:enable] (0.16) [] []
[2017-11-09 08:13:36] setup.INFO: Section frontend [] []
[2017-11-09 08:13:36] setup.INFO: Command install-package-manager [vendor/bin/console frontend:install:package-manager -vvv] (In progress...) [] []
[2017-11-09 08:13:36] setup.INFO: Command install-package-manager [vendor/bin/console frontend:install:package-manager -vvv] (0.20) [] []
[2017-11-09 08:13:36] setup.INFO: Command dependencies-install [vendor/bin/console frontend:project:install-dependencies -vvv] (In progress...) [] []
[2017-11-09 08:13:48] setup.INFO: Command dependencies-install [vendor/bin/console frontend:project:install-dependencies -vvv] (12.32) [] []
[2017-11-09 08:13:48] setup.INFO: Command yves-install-dependencies [vendor/bin/console frontend:yves:install-dependencies -vvv] (In progress...) [] []
[2017-11-09 08:13:53] setup.INFO: Command yves-install-dependencies [vendor/bin/console frontend:yves:install-dependencies -vvv] (5.00) [] []
[2017-11-09 08:13:53] setup.INFO: Command yves-build-frontend [vendor/bin/console frontend:yves:build -vvv] (In progress...) [] []
[2017-11-09 08:14:16] setup.INFO: Command yves-build-frontend [vendor/bin/console frontend:yves:build -vvv] (23.03) [] []
[2017-11-09 08:14:16] setup.INFO: Command zed-install-dependencies [vendor/bin/console frontend:zed:install-dependencies -vvv] (In progress...) [] []
[2017-11-09 08:14:20] setup.INFO: Command zed-install-dependencies [vendor/bin/console frontend:zed:install-dependencies -vvv] (3.24) [] []
[2017-11-09 08:14:20] setup.INFO: Command zed-build-frontend [vendor/bin/console frontend:zed:build] (In progress...) [] []
[2017-11-09 08:14:48] setup.INFO: Command zed-build-frontend [vendor/bin/console frontend:zed:build] (28.46) [] []
[2017-11-09 08:14:48] setup.INFO: Setup development finished in 856.27s [] []
