[2017-11-09 09:24:39] setup.INFO: Setup for development environment [] []
[2017-11-09 09:24:39] setup.INFO: Section database-flush [] []
[2017-11-09 09:24:39] setup.INFO: Command delete-elastic-search-index for DE store [vendor/bin/console search:index:delete] (In progress...) [] []
[2017-11-09 09:24:40] setup.INFO: Command delete-elastic-search-index for DE store [vendor/bin/console search:index:delete] (0.46s) [] []
[2017-11-09 09:24:40] setup.INFO: Command delete-elastic-search-index for AT store [vendor/bin/console search:index:delete] (In progress...) [] []
[2017-11-09 09:24:40] setup.INFO: Command delete-elastic-search-index for AT store [vendor/bin/console search:index:delete] (0.19s) [] []
[2017-11-09 09:24:40] setup.INFO: Command delete-elastic-search-index for US store [vendor/bin/console search:index:delete] (In progress...) [] []
[2017-11-09 09:24:40] setup.INFO: Command delete-elastic-search-index for US store [vendor/bin/console search:index:delete] (0.19s) [] []
[2017-11-09 09:24:40] setup.INFO: Command delete-storage for DE store [vendor/bin/console storage:delete] (In progress...) [] []
[2017-11-09 09:24:40] setup.INFO: Command delete-storage for DE store [vendor/bin/console storage:delete] (0.21s) [] []
[2017-11-09 09:24:40] setup.INFO: Command delete-storage for AT store [vendor/bin/console storage:delete] (In progress...) [] []
[2017-11-09 09:24:41] setup.INFO: Command delete-storage for AT store [vendor/bin/console storage:delete] (0.18s) [] []
[2017-11-09 09:24:41] setup.INFO: Command delete-storage for US store [vendor/bin/console storage:delete] (In progress...) [] []
[2017-11-09 09:24:41] setup.INFO: Command delete-storage for US store [vendor/bin/console storage:delete] (0.19s) [] []
[2017-11-09 09:24:41] setup.INFO: Command maintenance-zed-on [vendor/bin/console maintenance:enable zed] (In progress...) [] []
[2017-11-09 09:24:41] setup.INFO: Command maintenance-zed-on [vendor/bin/console maintenance:enable zed] (0.16s) [] []
[2017-11-09 09:24:41] setup.INFO: Command drop-database for DE store [vendor/bin/console propel:database:drop] (In progress...) [] []
[2017-11-09 09:24:44] setup.INFO: Command drop-database for DE store [vendor/bin/console propel:database:drop] (3.46s) [] []
[2017-11-09 09:24:44] setup.INFO: Command drop-database for AT store [vendor/bin/console propel:database:drop] (In progress...) [] []
[2017-11-09 09:24:48] setup.INFO: Command drop-database for AT store [vendor/bin/console propel:database:drop] (3.43s) [] []
[2017-11-09 09:24:48] setup.INFO: Command drop-database for US store [vendor/bin/console propel:database:drop] (In progress...) [] []
[2017-11-09 09:24:51] setup.INFO: Command drop-database for US store [vendor/bin/console propel:database:drop] (3.41s) [] []
[2017-11-09 09:24:51] setup.INFO: Command delete-migration-files for DE store [vendor/bin/console propel:migration:delete] (In progress...) [] []
[2017-11-09 09:24:52] setup.INFO: Command delete-migration-files for DE store [vendor/bin/console propel:migration:delete] (0.21s) [] []
[2017-11-09 09:24:52] setup.INFO: Command delete-migration-files for AT store [vendor/bin/console propel:migration:delete] (In progress...) [] []
[2017-11-09 09:24:52] setup.INFO: Command delete-migration-files for AT store [vendor/bin/console propel:migration:delete] (0.18s) [] []
[2017-11-09 09:24:52] setup.INFO: Command delete-migration-files for US store [vendor/bin/console propel:migration:delete] (In progress...) [] []
[2017-11-09 09:24:52] setup.INFO: Command delete-migration-files for US store [vendor/bin/console propel:migration:delete] (0.18s) [] []
[2017-11-09 09:24:52] setup.INFO: Setup development finished in 12.49s [] []
