[2017-11-09 09:04:11] setup.INFO: // Setup will exclude this group(s) or section(s) "composer" [] []
[2017-11-09 09:04:11] setup.INFO: Setup for development environment [] []
[2017-11-09 09:04:11] setup.INFO: Section clear [] []
[2017-11-09 09:04:11] setup.INFO: Command remove-logs [vendor/bin/console log:clear] [] []
[2017-11-09 09:04:11] setup.INFO: Store: DE | Environment: development [] []
[2017-11-09 09:04:11] setup.INFO: Clear logs [] []
[2017-11-09 09:04:11] setup.INFO: // Command remove-logs finished in 0.33s, exit code 0 [] []
[2017-11-09 09:04:11] setup.INFO: Command remove-cache [vendor/bin/console cache:empty-all] [] []
[2017-11-09 09:04:11] setup.INFO: Store: DE | Environment: development [] []
[2017-11-09 09:04:12] setup.INFO: Removed cache files/data/shop/development/current/data/DE/cache/data/shop/development/current/data/AT/cache/data/shop/development/current/data/US/cache [] []
[2017-11-09 09:04:12] setup.INFO: Removed auto-load cache files [] []
[2017-11-09 09:04:12] setup.INFO: // Command remove-cache finished in 0.20s, exit code 0 [] []
[2017-11-09 09:04:12] setup.INFO: Command remove-generated-files [vendor/bin/console setup:empty-generated-directory] [] []
[2017-11-09 09:04:12] setup.INFO: Store: DE | Environment: development [] []
[2017-11-09 09:04:12] setup.INFO: // Command remove-generated-files finished in 0.32s, exit code 0 [] []
[2017-11-09 09:04:12] setup.INFO: Section clear finished in 0.85s [] []
[2017-11-09 09:04:12] setup.INFO: Section jenkins-down [] []
[2017-11-09 09:04:12] setup.INFO: Command jenkins-stop [vendor/bin/console setup:jenkins:disable] [] []
[2017-11-09 09:04:12] setup.INFO: Store: DE | Environment: development [] []
[2017-11-09 09:04:12] setup.INFO: Jenkins disabled (response: 302) [] []
[2017-11-09 09:04:12] setup.INFO: // Command jenkins-stop finished in 0.20s, exit code 0 [] []
[2017-11-09 09:04:12] setup.INFO: Section jenkins-down finished in 0.20s [] []
[2017-11-09 09:04:12] setup.INFO: Section generate [] []
[2017-11-09 09:04:12] setup.INFO: Command generate-transfers [vendor/bin/console transfer:generate] [] []
[2017-11-09 09:04:12] setup.INFO: Store: DE | Environment: development [] []
[2017-11-09 09:04:14] setup.INFO: // Command generate-transfers finished in 1.73s, exit code 0 [] []
[2017-11-09 09:04:14] setup.INFO: Command generate-ide-auto-completion [vendor/bin/console dev:ide:generate-auto-completion] [] []
[2017-11-09 09:04:14] setup.INFO: Store: DE | Environment: development [] []
[2017-11-09 09:04:15] setup.INFO: Generated Yves IDE auto-completion files [] []
[2017-11-09 09:04:17] setup.INFO: Generated Zed IDE auto-completion files [] []
[2017-11-09 09:04:18] setup.INFO: Generated Client IDE auto-completion files [] []
[2017-11-09 09:04:19] setup.INFO: Generated Service IDE auto-completion files [] []
[2017-11-09 09:04:19] setup.INFO: // Command generate-ide-auto-completion finished in 5.68s, exit code 0 [] []
[2017-11-09 09:04:19] setup.INFO: Section generate finished in 7.41s [] []
[2017-11-09 09:04:19] setup.INFO: Section cache [] []
[2017-11-09 09:04:19] setup.INFO: Command twig-cache-warmup [vendor/bin/console twig:cache:warmer] [] []
[2017-11-09 09:04:20] setup.INFO: Store: DE | Environment: development [] []
[2017-11-09 09:04:21] setup.INFO: // Command twig-cache-warmup finished in 1.65s, exit code 0 [] []
[2017-11-09 09:04:21] setup.INFO: Command navigation-cache-warmup [vendor/bin/console navigation:build-cache] [] []
[2017-11-09 09:04:21] setup.INFO: Store: DE | Environment: development [] []
[2017-11-09 09:04:24] setup.INFO: // Command navigation-cache-warmup finished in 2.95s, exit code 0 [] []
[2017-11-09 09:04:24] setup.INFO: Section cache finished in 4.60s [] []
[2017-11-09 09:04:24] setup.INFO: Section queue-flush [] []
[2017-11-09 09:04:24] setup.INFO: Command purge-all-queues for DE store [vendor/bin/console queue:queue:purge-all] [] []
[2017-11-09 09:04:24] setup.INFO: Store: DE | Environment: development [] []
[2017-11-09 09:04:24] setup.INFO: Purge all queues [] []
[2017-11-09 09:04:24] setup.INFO: // Command purge-all-queues finished in 0.34s, exit code 0 [] []
[2017-11-09 09:04:24] setup.INFO: Command purge-all-queues for AT store [vendor/bin/console queue:queue:purge-all] [] []
[2017-11-09 09:04:25] setup.INFO: Store: AT | Environment: development [] []
[2017-11-09 09:04:25] setup.INFO: Purge all queues [] []
[2017-11-09 09:04:25] setup.INFO: // Command purge-all-queues finished in 0.34s, exit code 0 [] []
[2017-11-09 09:04:25] setup.INFO: Command purge-all-queues for US store [vendor/bin/console queue:queue:purge-all] [] []
[2017-11-09 09:04:25] setup.INFO: Store: US | Environment: development [] []
[2017-11-09 09:04:25] setup.INFO: Purge all queues [] []
[2017-11-09 09:04:25] setup.INFO: // Command purge-all-queues finished in 0.31s, exit code 0 [] []
[2017-11-09 09:04:25] setup.INFO: Command delete-all-queues [vendor/bin/console queue:queue:delete-all] [] []
[2017-11-09 09:04:25] setup.INFO: Store: DE | Environment: development [] []
[2017-11-09 09:04:25] setup.INFO: Delete all queues [] []
[2017-11-09 09:04:25] setup.INFO: // Command delete-all-queues finished in 0.29s, exit code 0 [] []
[2017-11-09 09:04:25] setup.INFO: Command delete-all-exchanges [vendor/bin/console queue:exchanges:delete-all] [] []
[2017-11-09 09:04:25] setup.INFO: Store: DE | Environment: development [] []
[2017-11-09 09:04:26] setup.INFO: Delete all exchanges [] []
[2017-11-09 09:04:26] setup.INFO: // Command delete-all-exchanges finished in 0.30s, exit code 0 [] []
[2017-11-09 09:04:26] setup.INFO: Section queue-flush finished in 1.58s [] []
[2017-11-09 09:04:26] setup.INFO: Section database-flush [] []
[2017-11-09 09:04:26] setup.INFO: Command delete-elastic-search-index for DE store [vendor/bin/console search:index:delete] [] []
[2017-11-09 09:04:26] setup.INFO: Store: DE | Environment: development [] []
[2017-11-09 09:04:26] setup.INFO: Search index is empty [] []
[2017-11-09 09:04:26] setup.INFO: // Command delete-elastic-search-index finished in 0.22s, exit code 0 [] []
[2017-11-09 09:04:26] setup.INFO: Command delete-elastic-search-index for AT store [vendor/bin/console search:index:delete] [] []
[2017-11-09 09:04:26] setup.INFO: Store: AT | Environment: development [] []
[2017-11-09 09:04:26] setup.INFO: Search index is empty [] []
[2017-11-09 09:04:26] setup.INFO: // Command delete-elastic-search-index finished in 0.20s, exit code 0 [] []
[2017-11-09 09:04:26] setup.INFO: Command delete-elastic-search-index for US store [vendor/bin/console search:index:delete] [] []
[2017-11-09 09:04:26] setup.INFO: Store: US | Environment: development [] []
[2017-11-09 09:04:26] setup.INFO: Search index is empty [] []
[2017-11-09 09:04:26] setup.INFO: // Command delete-elastic-search-index finished in 0.22s, exit code 0 [] []
[2017-11-09 09:04:26] setup.INFO: Command delete-storage for DE store [vendor/bin/console storage:delete] [] []
[2017-11-09 09:04:26] setup.INFO: Store: DE | Environment: development [] []
[2017-11-09 09:04:26] setup.INFO: Storage is empty [] []
[2017-11-09 09:04:26] setup.INFO: // Command delete-storage finished in 0.23s, exit code 0 [] []
[2017-11-09 09:04:26] setup.INFO: Command delete-storage for AT store [vendor/bin/console storage:delete] [] []
[2017-11-09 09:04:27] setup.INFO: Store: AT | Environment: development [] []
[2017-11-09 09:04:27] setup.INFO: Storage is empty [] []
[2017-11-09 09:04:27] setup.INFO: // Command delete-storage finished in 0.21s, exit code 0 [] []
[2017-11-09 09:04:27] setup.INFO: Command delete-storage for US store [vendor/bin/console storage:delete] [] []
[2017-11-09 09:04:27] setup.INFO: Store: US | Environment: development [] []
[2017-11-09 09:04:27] setup.INFO: Storage is empty [] []
[2017-11-09 09:04:27] setup.INFO: // Command delete-storage finished in 0.22s, exit code 0 [] []
[2017-11-09 09:04:27] setup.INFO: Command maintenance-zed-on [vendor/bin/console maintenance:enable zed] [] []
[2017-11-09 09:04:27] setup.INFO: Store: DE | Environment: development [] []
[2017-11-09 09:04:27] setup.INFO: // Command maintenance-zed-on finished in 0.20s, exit code 0 [] []
[2017-11-09 09:04:27] setup.INFO: Command drop-database for DE store [vendor/bin/console propel:database:drop] [] []
[2017-11-09 09:04:27] setup.INFO: Store: DE | Environment: development [] []
[2017-11-09 09:04:27] setup.INFO: Drop propel database [] []
[2017-11-09 09:04:31] setup.INFO: // Command drop-database finished in 3.45s, exit code 0 [] []
[2017-11-09 09:04:31] setup.INFO: Command drop-database for AT store [vendor/bin/console propel:database:drop] [] []
[2017-11-09 09:04:31] setup.INFO: Store: AT | Environment: development [] []
[2017-11-09 09:04:31] setup.INFO: Drop propel database [] []
[2017-11-09 09:04:34] setup.INFO: // Command drop-database finished in 3.42s, exit code 0 [] []
[2017-11-09 09:04:34] setup.INFO: Command drop-database for US store [vendor/bin/console propel:database:drop] [] []
[2017-11-09 09:04:34] setup.INFO: Store: US | Environment: development [] []
[2017-11-09 09:04:34] setup.INFO: Drop propel database [] []
[2017-11-09 09:04:37] setup.INFO: // Command drop-database finished in 3.41s, exit code 0 [] []
[2017-11-09 09:04:37] setup.INFO: Command delete-migration-files for DE store [vendor/bin/console propel:migration:delete] [] []
[2017-11-09 09:04:37] setup.INFO: Store: DE | Environment: development [] []
[2017-11-09 09:04:38] setup.INFO: Delete migration files directory. [] []
[2017-11-09 09:04:43] setup.INFO: ErrorException - Exception: unlink(/data/shop/development/current/src/Orm/Propel/DE/Migration_pgsql/PropelMigration_1510214810.php): Permission denied in /data/shop/development/current/vendor/symfony/filesystem/Filesystem.php (183)Command: vendor/bin/console propel:migration:deleteTrace: #0 [internal function]: Spryker\Shared\ErrorHandler\ErrorHandlerEnvironment->Spryker\Shared\ErrorHandler\{closure}(2, 'unlink(/data/sh...', '/data/shop/deve...', 183, Array)#1 /data/shop/development/current/vendor/symfony/filesystem/Filesystem.php(183): unlink('/data/shop/deve...')#2 /data/shop/development/current/vendor/symfony/filesystem/Filesystem.php(177): Symfony\Component\Filesystem\Filesystem->remove(Array)#3 /data/shop/development/current/vendor/spryker/spryker/Bundles/Propel/src/Spryker/Zed/Propel/Business/Model/DirectoryRemover.php(34): Symfony\Component\Filesystem\Filesystem->remove(Array)#4 /data/shop/development/current/vendor/spryker/spryker/Bundles/Propel/src/Spryker/Zed/Propel/Business/PropelFacade.php(162): Spryker\Zed\Propel\Business\Model\DirectoryRemover->execute()#5 /data/shop/development/current/vendor/spryker/spryker/Bundles/Propel/src/Spryker/Zed/Propel/Communication/Console/DeleteMigrationFilesConsole.php(42): Spryker\Zed\Propel\Business\PropelFacade->deleteMigrationFilesDirectory()#6 /data/shop/development/current/vendor/symfony/console/Command/Command.php(262): Spryker\Zed\Propel\Communication\Console\DeleteMigrationFilesConsole->execute(Object(Symfony\Component\Console\Input\ArgvInput), Object(Symfony\Component\Console\Output\ConsoleOutput))#7 /data/shop/development/current/vendor/symfony/console/Application.php(906): Symfony\Component\Console\Command\Command->run(Object(Symfony\Component\Console\Input\ArgvInput), Object(Symfony\Component\Console\Output\ConsoleOutput))#8 /data/shop/development/current/vendor/symfony/console/Application.php(224): Symfony\Component\Console\Application->doRunCommand(Object(Spryker\Zed\Propel\Communication\Console\DeleteMigrationFilesConsole), Object(Symfony\Component\Console\Input\ArgvInput), Object(Symfony\Component\Console\Output\ConsoleOutput))#9 /data/shop/development/current/vendor/spryker/spryker/Bundles/Console/src/Spryker/Zed/Console/Communication/ConsoleBootstrap.php(150): Symfony\Component\Console\Application->doRun(Object(Symfony\Component\Console\Input\ArgvInput), Object(Symfony\Component\Console\Output\ConsoleOutput))#10 /data/shop/development/current/vendor/symfony/console/Application.php(125): Spryker\Zed\Console\Communication\ConsoleBootstrap->doRun(Object(Symfony\Component\Console\Input\ArgvInput), Object(Symfony\Component\Console\Output\ConsoleOutput))#11 /data/shop/development/current/vendor/spryker/spryker/Bundles/Console/bin/console(21): Symfony\Component\Console\Application->run()#12 {main} [] []
[2017-11-09 09:04:43] setup.INFO: PHP Fatal error:  Uncaught PhpAmqpLib\Exception\AMQPProtocolChannelException: NOT_FOUND - no exchange 'loggly-log-queue' in vhost '/DE_development_zed' in /data/shop/development/current/vendor/php-amqplib/php-amqplib/PhpAmqpLib/Channel/AMQPChannel.php:188Stack trace:#0 [internal function]: PhpAmqpLib\Channel\AMQPChannel->channel_close(Object(PhpAmqpLib\Wire\AMQPReader))#1 /data/shop/development/current/vendor/php-amqplib/php-amqplib/PhpAmqpLib/Channel/AbstractChannel.php(199): call_user_func(Array, Object(PhpAmqpLib\Wire\AMQPReader))#2 /data/shop/development/current/vendor/php-amqplib/php-amqplib/PhpAmqpLib/Channel/AbstractChannel.php(340): PhpAmqpLib\Channel\AbstractChannel->dispatch('20,40', '\x01\x94INOT_FOUND - ...', NULL)#3 /data/shop/development/current/vendor/php-amqplib/php-amqplib/PhpAmqpLib/Channel/AMQPChannel.php(170): PhpAmqpLib\Channel\AbstractChannel->wait(Array)#4 /data/shop/development/current/vendor/spryker/rabbit-mq/src/Spryker/Client/RabbitMq/Model/Connection/Connection.php(128): PhpAmqpLib\Channel\AMQPChannel->close()#5 /data/shop/development/current/vendor/spryker/rabbit-mq/src/Spryker/Client/RabbitMq/Model/Connection/Connection.php(134): Spryker\Client\RabbitMq\Model\Connection\Connection->close()#6 [internal function]: Spryker\Client\RabbitMq\Model\Connection\Connection->__destruct()#7 {main}  thrown in /data/shop/development/current/vendor/php-amqplib/php-amqplib/PhpAmqpLib/Channel/AMQPChannel.php on line 188PHP Stack trace:PHP   1. Spryker\Shared\ErrorHandler\ErrorHandlerEnvironment->Spryker\Shared\ErrorHandler\{closure}() /data/shop/development/current/vendor/spryker/spryker/Bundles/ErrorHandler/src/Spryker/Shared/ErrorHandler/ErrorHandlerEnvironment.php:0PHP   2. Spryker\Shared\ErrorHandler\ErrorHandler->handleException() /data/shop/development/current/vendor/spryker/spryker/Bundles/ErrorHandler/src/Spryker/Shared/ErrorHandler/ErrorHandlerEnvironment.php:82PHP   3. Spryker\Shared\ErrorHandler\ErrorHandler->sendExitCode() /data/shop/development/current/vendor/spryker/spryker/Bundles/ErrorHandler/src/Spryker/Shared/ErrorHandler/ErrorHandler.php:61 [] []
[2017-11-09 09:04:43] setup.INFO: Fatal error: Uncaught PhpAmqpLib\Exception\AMQPProtocolChannelException: NOT_FOUND - no exchange 'loggly-log-queue' in vhost '/DE_development_zed' in /data/shop/development/current/vendor/php-amqplib/php-amqplib/PhpAmqpLib/Channel/AMQPChannel.php on line 188Call Stack:    0.1406    5309904   1. Spryker\Shared\ErrorHandler\ErrorHandlerEnvironment->Spryker\Shared\ErrorHandler\{closure}() /data/shop/development/current/vendor/spryker/spryker/Bundles/ErrorHandler/src/Spryker/Shared/ErrorHandler/ErrorHandlerEnvironment.php:0    0.1600    5413200   2. Spryker\Shared\ErrorHandler\ErrorHandler->handleException() /data/shop/development/current/vendor/spryker/spryker/Bundles/ErrorHandler/src/Spryker/Shared/ErrorHandler/ErrorHandlerEnvironment.php:82    5.2659    5801088   3. Spryker\Shared\ErrorHandler\ErrorHandler->sendExitCode() /data/shop/development/current/vendor/spryker/spryker/Bundles/ErrorHandler/src/Spryker/Shared/ErrorHandler/ErrorHandler.php:61PhpAmqpLib\Exception\AMQPProtocolChannelException: NOT_FOUND - no exchange 'loggly-log-queue' in vhost '/DE_development_zed' in /data/shop/development/current/vendor/php-amqplib/php-amqplib/PhpAmqpLib/Channel/AMQPChannel.php on line 188Call Stack:    0.1406    5309904   1. Spryker\Shared\ErrorHandler\ErrorHandlerEnvironment->Spryker\Shared\ErrorHandler\{closure}() /data/shop/development/current/vendor/spryker/spryker/Bundles/ErrorHandler/src/Spryker/Shared/ErrorHandler/ErrorHandlerEnvironment.php:0    0.1600    5413200   2. Spryker\Shared\ErrorHandler\ErrorHandler->handleException() /data/shop/development/current/vendor/spryker/spryker/Bundles/ErrorHandler/src/Spryker/Shared/ErrorHandler/ErrorHandlerEnvironment.php:82    5.2659    5801088   3. Spryker\Shared\ErrorHandler\ErrorHandler->sendExitCode() /data/shop/development/current/vendor/spryker/spryker/Bundles/ErrorHandler/src/Spryker/Shared/ErrorHandler/ErrorHandler.php:61    5.3646    7142128   4. Spryker\Client\RabbitMq\Model\Connection\Connection->__destruct() /data/shop/development/current/vendor/spryker/rabbit-mq/src/Spryker/Client/RabbitMq/Model/Connection/Connection.php:0    5.3646    7142128   5. Spryker\Client\RabbitMq\Model\Connection\Connection->close() /data/shop/development/current/vendor/spryker/rabbit-mq/src/Spryker/Client/RabbitMq/Model/Connection/Connection.php:134    5.3646    7142128   6. PhpAmqpLib\Channel\AMQPChannel->close() /data/shop/development/current/vendor/spryker/rabbit-mq/src/Spryker/Client/RabbitMq/Model/Connection/Connection.php:128    5.3647    7143096   7. PhpAmqpLib\Channel\AbstractChannel->wait() /data/shop/development/current/vendor/php-amqplib/php-amqplib/PhpAmqpLib/Channel/AMQPChannel.php:170    5.3653    7144072   8. PhpAmqpLib\Channel\AbstractChannel->dispatch() /data/shop/development/current/vendor/php-amqplib/php-amqplib/PhpAmqpLib/Channel/AbstractChannel.php:340    5.3654    7144416   9. call_user_func:{/data/shop/development/current/vendor/php-amqplib/php-amqplib/PhpAmqpLib/Channel/AbstractChannel.php:199}() /data/shop/development/current/vendor/php-amqplib/php-amqplib/PhpAmqpLib/Channel/AbstractChannel.php:199    5.3654    7144416  10. PhpAmqpLib\Channel\AMQPChannel->channel_close() /data/shop/development/current/vendor/php-amqplib/php-amqplib/PhpAmqpLib/Channel/AbstractChannel.php:199 [] []
