[2017-11-09 07:43:00] setup.INFO: Setup for break-on-failure environment [] []
[2017-11-09 07:43:00] setup.INFO: Section section-a [] []
[2017-11-09 07:43:00] setup.INFO: Command section-a-command-a [lskdf] (In progress...) [] []
[2017-11-09 07:43:00] setup.INFO: Command section-a-command-a [lskdf] (0.02) [] []
[2017-11-09 07:43:00] setup.INFO: Command section-a-command-b [echo 'catface'] (In progress...) [] []
[2017-11-09 07:43:00] setup.INFO: Command section-a-command-b [echo 'catface'] (0.00) [] []
[2017-11-09 07:43:00] setup.INFO: Setup break-on-failure finished in 0.03s [] []
[2017-11-09 07:43:00] setup.INFO: // Setup will exclude this group(s) or section(s) "section-a-command-a" [] []
[2017-11-09 07:43:00] setup.INFO: Setup for development environment [] []
[2017-11-09 07:43:00] setup.INFO: Section section-a [] []
[2017-11-09 07:43:00] setup.INFO: Section section-a finished in 0.00s [] []
[2017-11-09 07:43:00] setup.INFO: Section section-b [] []
[2017-11-09 07:43:00] setup.INFO: Command section-b-command-a [echo 'section-b-command-a group-a'] [] []
[2017-11-09 07:43:00] setup.INFO: section-b-command-a group-a [] []
[2017-11-09 07:43:00] setup.INFO: // Command section-b-command-a finished in 0.01s, exit code 0 [] []
[2017-11-09 07:43:00] setup.INFO: Section section-b finished in 0.01s [] []
[2017-11-09 07:43:00] setup.INFO: Section section-d [] []
[2017-11-09 07:43:00] setup.INFO: Command section-d-command-a [echo 'stage-b-command-a group-a'] [] []
[2017-11-09 07:43:00] setup.INFO: stage-b-command-a group-a [] []
[2017-11-09 07:43:00] setup.INFO: // Command section-d-command-a finished in 0.00s, exit code 0 [] []
[2017-11-09 07:43:00] setup.INFO: Section section-d finished in 0.01s [] []
[2017-11-09 07:43:00] setup.INFO: Setup development finished in 0.03s [] []
[2017-11-09 07:43:00] setup.INFO: Setup for condition environment [] []
[2017-11-09 07:43:00] setup.INFO: Section section-a [] []
[2017-11-09 07:43:00] setup.INFO: Command section-a-command-a [echo hello] (In progress...) [] []
[2017-11-09 07:43:00] setup.INFO: Command section-a-command-a [echo hello] (0.01) [] []
[2017-11-09 07:43:00] setup.INFO: Command section-a-command-b [lskdf] (In progress...) [] []
[2017-11-09 07:43:00] setup.INFO: Command section-a-command-b [lskdf] (0.00) [] []
[2017-11-09 07:43:00] setup.INFO: Section section-b [] []
[2017-11-09 07:43:00] setup.INFO: Command section-b-command-a [echo 'section-b-command-a'] (In progress...) [] []
[2017-11-09 07:43:00] setup.INFO: Command section-b-command-a [echo 'section-b-command-a'] (0.00) [] []
[2017-11-09 07:43:00] setup.INFO: Command section-b-command-c [echo 'section-b-command-c'] (In progress...) [] []
[2017-11-09 07:43:00] setup.INFO: Command section-b-command-c [echo 'section-b-command-c'] (0.00) [] []
[2017-11-09 07:43:00] setup.INFO: Setup condition finished in 0.03s [] []
[2017-11-09 07:43:00] setup.INFO: Setup for condition environment [] []
[2017-11-09 07:43:00] setup.INFO: Section section-a [] []
[2017-11-09 07:43:00] setup.INFO: Command section-a-command-a [echo hello] (In progress...) [] []
[2017-11-09 07:43:00] setup.INFO: Command section-a-command-a [echo hello] (0.00) [] []
[2017-11-09 07:43:00] setup.INFO: Command section-a-command-b [lskdf] (In progress...) [] []
[2017-11-09 07:43:00] setup.INFO: Command section-a-command-b [lskdf] (0.00) [] []
[2017-11-09 07:43:00] setup.INFO: Section section-b [] []
[2017-11-09 07:43:00] setup.INFO: Command section-b-command-a [echo 'section-b-command-a'] (In progress...) [] []
[2017-11-09 07:43:00] setup.INFO: Command section-b-command-a [echo 'section-b-command-a'] (0.00) [] []
[2017-11-09 07:43:00] setup.INFO: Command section-b-command-c [echo 'section-b-command-c'] (In progress...) [] []
[2017-11-09 07:43:00] setup.INFO: Command section-b-command-c [echo 'section-b-command-c'] (0.00) [] []
[2017-11-09 07:43:00] setup.INFO: Setup condition finished in 0.03s [] []
[2017-11-09 07:43:00] setup.INFO: Setup for condition environment [] []
[2017-11-09 07:43:00] setup.INFO: Section section-a [] []
[2017-11-09 07:43:00] setup.INFO: Command section-a-command-a [echo hello] (In progress...) [] []
[2017-11-09 07:43:00] setup.INFO: Command section-a-command-a [echo hello] (0.00) [] []
[2017-11-09 07:43:00] setup.INFO: Command section-a-command-b [lskdf] (In progress...) [] []
[2017-11-09 07:43:00] setup.INFO: Command section-a-command-b [lskdf] (0.00) [] []
[2017-11-09 07:43:00] setup.INFO: Section section-b [] []
[2017-11-09 07:43:00] setup.INFO: Command section-b-command-a [echo 'section-b-command-a'] (In progress...) [] []
[2017-11-09 07:43:00] setup.INFO: Command section-b-command-a [echo 'section-b-command-a'] (0.00) [] []
[2017-11-09 07:43:00] setup.INFO: Command section-b-command-c [echo 'section-b-command-c'] (In progress...) [] []
[2017-11-09 07:43:00] setup.INFO: Command section-b-command-c [echo 'section-b-command-c'] (0.00) [] []
[2017-11-09 07:43:00] setup.INFO: Setup condition finished in 0.03s [] []
[2017-11-09 07:43:00] setup.INFO: Setup for exceptions environment [] []
[2017-11-09 07:43:00] setup.INFO: Section section [] []
[2017-11-09 07:43:00] setup.INFO: Command failing-command [ls -la /catface] (In progress...) [] []
[2017-11-09 07:43:00] setup.INFO: Command failing-command [ls -la /catface] (0.01) [] []
[2017-11-09 07:43:00] setup.INFO: Command successful-command [echo 'catface'] (In progress...) [] []
[2017-11-09 07:43:00] setup.INFO: Command successful-command [echo 'catface'] (0.00) [] []
[2017-11-09 07:43:00] setup.INFO: Setup exceptions finished in 0.02s [] []
[2017-11-09 07:43:01] setup.INFO: Setup for exceptions environment [] []
[2017-11-09 07:43:01] setup.INFO: Section section [] []
[2017-11-09 07:43:01] setup.INFO: Command failing-command [ls -la /catface] (In progress...) [] []
