[2017-11-09 10:13:54] setup.INFO: Setup for development environment [] []
[2017-11-09 10:13:54] setup.INFO: Section clear [] []
[2017-11-09 10:13:54] setup.INFO: Command remove-logs [vendor/bin/console log:clear] (In progress...) [] []
[2017-11-09 10:13:54] setup.INFO: Command remove-logs [vendor/bin/console log:clear] (0.69s) [] []
[2017-11-09 10:13:54] setup.INFO: Command remove-cache [vendor/bin/console cache:empty-all] (In progress...) [] []
[2017-11-09 10:13:55] setup.INFO: Command remove-cache [vendor/bin/console cache:empty-all] (0.29s) [] []
[2017-11-09 10:13:55] setup.INFO: Command remove-generated-files [vendor/bin/console setup:empty-generated-directory] (In progress...) [] []
[2017-11-09 10:13:55] setup.INFO: Command remove-generated-files [vendor/bin/console setup:empty-generated-directory] (0.51s) [] []
[2017-11-09 10:13:55] setup.INFO: Section jenkins-down [] []
[2017-11-09 10:13:55] setup.INFO: Command jenkins-stop [vendor/bin/console setup:jenkins:disable] (In progress...) [] []
[2017-11-09 10:13:55] setup.INFO: Command jenkins-stop [vendor/bin/console setup:jenkins:disable] (0.18s) [] []
[2017-11-09 10:13:55] setup.INFO: Section generate [] []
[2017-11-09 10:13:55] setup.INFO: Command generate-transfers [vendor/bin/console transfer:generate] (In progress...) [] []
[2017-11-09 10:13:57] setup.INFO: Command generate-transfers [vendor/bin/console transfer:generate] (1.99s) [] []
[2017-11-09 10:13:57] setup.INFO: Command generate-ide-auto-completion [vendor/bin/console dev:ide:generate-auto-completion] (In progress...) [] []
[2017-11-09 10:14:03] setup.INFO: Command generate-ide-auto-completion [vendor/bin/console dev:ide:generate-auto-completion] (6.03s) [] []
[2017-11-09 10:14:03] setup.INFO: Section cache [] []
[2017-11-09 10:14:03] setup.INFO: Command twig-cache-warmup [vendor/bin/console twig:cache:warmer] (In progress...) [] []
[2017-11-09 10:14:04] setup.INFO: Command twig-cache-warmup [vendor/bin/console twig:cache:warmer] (0.60s) [] []
[2017-11-09 10:14:04] setup.INFO: Command navigation-cache-warmup [vendor/bin/console navigation:build-cache] (In progress...) [] []
[2017-11-09 10:14:05] setup.INFO: Command navigation-cache-warmup [vendor/bin/console navigation:build-cache] (0.86s) [] []
[2017-11-09 10:14:05] setup.INFO: Section queue-flush [] []
[2017-11-09 10:14:05] setup.INFO: Command purge-all-queues for DE store [vendor/bin/console queue:queue:purge-all] (In progress...) [] []
[2017-11-09 10:14:06] setup.INFO: Command purge-all-queues for DE store [vendor/bin/console queue:queue:purge-all] (1.52s) [] []
[2017-11-09 10:14:06] setup.INFO: Command purge-all-queues for AT store [vendor/bin/console queue:queue:purge-all] (In progress...) [] []
[2017-11-09 10:14:07] setup.INFO: Command purge-all-queues for AT store [vendor/bin/console queue:queue:purge-all] (0.32s) [] []
[2017-11-09 10:14:07] setup.INFO: Command purge-all-queues for US store [vendor/bin/console queue:queue:purge-all] (In progress...) [] []
[2017-11-09 10:14:07] setup.INFO: Command purge-all-queues for US store [vendor/bin/console queue:queue:purge-all] (0.30s) [] []
[2017-11-09 10:14:07] setup.INFO: Command delete-all-queues [vendor/bin/console queue:queue:delete-all] (In progress...) [] []
[2017-11-09 10:14:07] setup.INFO: Command delete-all-queues [vendor/bin/console queue:queue:delete-all] (0.30s) [] []
[2017-11-09 10:14:07] setup.INFO: Command delete-all-exchanges [vendor/bin/console queue:exchanges:delete-all] (In progress...) [] []
[2017-11-09 10:14:08] setup.INFO: Command delete-all-exchanges [vendor/bin/console queue:exchanges:delete-all] (0.29s) [] []
[2017-11-09 10:14:08] setup.INFO: Section database-flush [] []
[2017-11-09 10:14:08] setup.INFO: Command delete-elastic-search-index for DE store [vendor/bin/console search:index:delete] (In progress...) [] []
[2017-11-09 10:14:08] setup.INFO: Command delete-elastic-search-index for DE store [vendor/bin/console search:index:delete] (0.24s) [] []
[2017-11-09 10:14:08] setup.INFO: Command delete-elastic-search-index for AT store [vendor/bin/console search:index:delete] (In progress...) [] []
[2017-11-09 10:14:08] setup.INFO: Command delete-elastic-search-index for AT store [vendor/bin/console search:index:delete] (0.22s) [] []
[2017-11-09 10:14:08] setup.INFO: Command delete-elastic-search-index for US store [vendor/bin/console search:index:delete] (In progress...) [] []
[2017-11-09 10:14:08] setup.INFO: Command delete-elastic-search-index for US store [vendor/bin/console search:index:delete] (0.22s) [] []
[2017-11-09 10:14:08] setup.INFO: Command delete-storage for DE store [vendor/bin/console storage:delete] (In progress...) [] []
[2017-11-09 10:14:09] setup.INFO: Command delete-storage for DE store [vendor/bin/console storage:delete] (0.46s) [] []
[2017-11-09 10:14:09] setup.INFO: Command delete-storage for AT store [vendor/bin/console storage:delete] (In progress...) [] []
[2017-11-09 10:14:09] setup.INFO: Command delete-storage for AT store [vendor/bin/console storage:delete] (0.20s) [] []
[2017-11-09 10:14:09] setup.INFO: Command delete-storage for US store [vendor/bin/console storage:delete] (In progress...) [] []
[2017-11-09 10:14:09] setup.INFO: Command delete-storage for US store [vendor/bin/console storage:delete] (0.19s) [] []
[2017-11-09 10:14:09] setup.INFO: Command maintenance-zed-on [vendor/bin/console maintenance:enable zed] (In progress...) [] []
[2017-11-09 10:14:09] setup.INFO: Command maintenance-zed-on [vendor/bin/console maintenance:enable zed] (0.18s) [] []
[2017-11-09 10:14:09] setup.INFO: Command drop-database for DE store [vendor/bin/console propel:database:drop] (In progress...) [] []
[2017-11-09 10:14:13] setup.INFO: Command drop-database for DE store [vendor/bin/console propel:database:drop] (3.53s) [] []
[2017-11-09 10:14:13] setup.INFO: Command drop-database for AT store [vendor/bin/console propel:database:drop] (In progress...) [] []
[2017-11-09 10:14:16] setup.INFO: Command drop-database for AT store [vendor/bin/console propel:database:drop] (3.56s) [] []
[2017-11-09 10:14:16] setup.INFO: Command drop-database for US store [vendor/bin/console propel:database:drop] (In progress...) [] []
[2017-11-09 10:14:20] setup.INFO: Command drop-database for US store [vendor/bin/console propel:database:drop] (3.56s) [] []
[2017-11-09 10:14:20] setup.INFO: Command delete-migration-files for DE store [vendor/bin/console propel:migration:delete] (In progress...) [] []
[2017-11-09 10:14:20] setup.INFO: Command delete-migration-files for DE store [vendor/bin/console propel:migration:delete] (0.19s) [] []
[2017-11-09 10:14:20] setup.INFO: Command delete-migration-files for AT store [vendor/bin/console propel:migration:delete] (In progress...) [] []
[2017-11-09 10:14:20] setup.INFO: Command delete-migration-files for AT store [vendor/bin/console propel:migration:delete] (0.19s) [] []
[2017-11-09 10:14:20] setup.INFO: Command delete-migration-files for US store [vendor/bin/console propel:migration:delete] (In progress...) [] []
[2017-11-09 10:14:20] setup.INFO: Command delete-migration-files for US store [vendor/bin/console propel:migration:delete] (0.18s) [] []
[2017-11-09 10:14:20] setup.INFO: Section database-migrate [] []
[2017-11-09 10:14:20] setup.INFO: Command propel-config for DE store [vendor/bin/console propel:config:convert] (In progress...) [] []
[2017-11-09 10:14:21] setup.INFO: Command propel-config for DE store [vendor/bin/console propel:config:convert] (0.20s) [] []
[2017-11-09 10:14:21] setup.INFO: Command propel-config for AT store [vendor/bin/console propel:config:convert] (In progress...) [] []
[2017-11-09 10:14:21] setup.INFO: Command propel-config for AT store [vendor/bin/console propel:config:convert] (0.19s) [] []
[2017-11-09 10:14:21] setup.INFO: Command propel-config for US store [vendor/bin/console propel:config:convert] (In progress...) [] []
[2017-11-09 10:14:21] setup.INFO: Command propel-config for US store [vendor/bin/console propel:config:convert] (0.19s) [] []
[2017-11-09 10:14:21] setup.INFO: Command propel-create for DE store [vendor/bin/console propel:database:create] (In progress...) [] []
[2017-11-09 10:14:22] setup.INFO: Command propel-create for DE store [vendor/bin/console propel:database:create] (0.49s) [] []
[2017-11-09 10:14:22] setup.INFO: Command propel-create for AT store [vendor/bin/console propel:database:create] (In progress...) [] []
[2017-11-09 10:14:22] setup.INFO: Command propel-create for AT store [vendor/bin/console propel:database:create] (0.50s) [] []
[2017-11-09 10:14:22] setup.INFO: Command propel-create for US store [vendor/bin/console propel:database:create] (In progress...) [] []
[2017-11-09 10:14:23] setup.INFO: Command propel-create for US store [vendor/bin/console propel:database:create] (0.50s) [] []
[2017-11-09 10:14:23] setup.INFO: Command propel-postgres-compatibility for DE store [vendor/bin/console propel:pg-sql-compat] (In progress...) [] []
[2017-11-09 10:14:23] setup.INFO: Command propel-postgres-compatibility for DE store [vendor/bin/console propel:pg-sql-compat] (0.60s) [] []
[2017-11-09 10:14:23] setup.INFO: Command propel-postgres-compatibility for AT store [vendor/bin/console propel:pg-sql-compat] (In progress...) [] []
[2017-11-09 10:14:24] setup.INFO: Command propel-postgres-compatibility for AT store [vendor/bin/console propel:pg-sql-compat] (0.40s) [] []
[2017-11-09 10:14:24] setup.INFO: Command propel-postgres-compatibility for US store [vendor/bin/console propel:pg-sql-compat] (In progress...) [] []
[2017-11-09 10:14:24] setup.INFO: Command propel-postgres-compatibility for US store [vendor/bin/console propel:pg-sql-compat] (0.37s) [] []
[2017-11-09 10:14:24] setup.INFO: Command propel-copy-schema for DE store [vendor/bin/console propel:schema:copy] (In progress...) [] []
[2017-11-09 10:14:25] setup.INFO: Command propel-copy-schema for DE store [vendor/bin/console propel:schema:copy] (0.58s) [] []
[2017-11-09 10:14:25] setup.INFO: Command propel-copy-schema for AT store [vendor/bin/console propel:schema:copy] (In progress...) [] []
[2017-11-09 10:14:25] setup.INFO: Command propel-copy-schema for AT store [vendor/bin/console propel:schema:copy] (0.56s) [] []
[2017-11-09 10:14:25] setup.INFO: Command propel-copy-schema for US store [vendor/bin/console propel:schema:copy] (In progress...) [] []
[2017-11-09 10:14:26] setup.INFO: Command propel-copy-schema for US store [vendor/bin/console propel:schema:copy] (0.52s) [] []
[2017-11-09 10:14:26] setup.INFO: Command propel-build [vendor/bin/console propel:model:build] (In progress...) [] []
[2017-11-09 10:14:40] setup.INFO: Command propel-build [vendor/bin/console propel:model:build] (14.09s) [] []
[2017-11-09 10:14:40] setup.INFO: Command propel-diff for DE store [vendor/bin/console propel:diff] (In progress...) [] []
[2017-11-09 10:14:41] setup.INFO: Command propel-diff for DE store [vendor/bin/console propel:diff] (1.06s) [] []
[2017-11-09 10:14:41] setup.INFO: Command propel-diff for AT store [vendor/bin/console propel:diff] (In progress...) [] []
[2017-11-09 10:14:42] setup.INFO: Command propel-diff for AT store [vendor/bin/console propel:diff] (1.03s) [] []
[2017-11-09 10:14:42] setup.INFO: Command propel-diff for US store [vendor/bin/console propel:diff] (In progress...) [] []
[2017-11-09 10:14:43] setup.INFO: Command propel-diff for US store [vendor/bin/console propel:diff] (1.10s) [] []
[2017-11-09 10:14:43] setup.INFO: Command propel-migration-check for DE store [vendor/bin/console propel:migration:check] (In progress...) [] []
[2017-11-09 10:14:43] setup.INFO: Command propel-migration-check for DE store [vendor/bin/console propel:migration:check] (0.32s) [] []
[2017-11-09 10:14:43] setup.INFO: Command propel-migration-check for AT store [vendor/bin/console propel:migration:check] (In progress...) [] []
[2017-11-09 10:14:44] setup.INFO: Command propel-migration-check for AT store [vendor/bin/console propel:migration:check] (0.31s) [] []
[2017-11-09 10:14:44] setup.INFO: Command propel-migration-check for US store [vendor/bin/console propel:migration:check] (In progress...) [] []
[2017-11-09 10:14:44] setup.INFO: Command propel-migration-check for US store [vendor/bin/console propel:migration:check] (0.32s) [] []
[2017-11-09 10:14:44] setup.INFO: Command maintenance-page-enable for DE store [vendor/bin/console maintenance:enable] (In progress...) [] []
[2017-11-09 10:14:44] setup.INFO: Command maintenance-page-enable for DE store [vendor/bin/console maintenance:enable] (0.18s) [] []
[2017-11-09 10:14:44] setup.INFO: Command maintenance-page-enable for AT store [vendor/bin/console maintenance:enable] (In progress...) [] []
[2017-11-09 10:14:44] setup.INFO: Command maintenance-page-enable for AT store [vendor/bin/console maintenance:enable] (0.18s) [] []
[2017-11-09 10:14:44] setup.INFO: Command maintenance-page-enable for US store [vendor/bin/console maintenance:enable] (In progress...) [] []
[2017-11-09 10:14:44] setup.INFO: Command maintenance-page-enable for US store [vendor/bin/console maintenance:enable] (0.18s) [] []
[2017-11-09 10:14:44] setup.INFO: Command propel-migrate for DE store [vendor/bin/console propel:migrate] (In progress...) [] []
[2017-11-09 10:14:45] setup.INFO: Command propel-migrate for DE store [vendor/bin/console propel:migrate] (0.94s) [] []
[2017-11-09 10:14:45] setup.INFO: Command propel-migrate for AT store [vendor/bin/console propel:migrate] (In progress...) [] []
[2017-11-09 10:14:46] setup.INFO: Command propel-migrate for AT store [vendor/bin/console propel:migrate] (0.91s) [] []
[2017-11-09 10:14:46] setup.INFO: Command propel-migrate for US store [vendor/bin/console propel:migrate] (In progress...) [] []
[2017-11-09 10:14:47] setup.INFO: Command propel-migrate for US store [vendor/bin/console propel:migrate] (0.95s) [] []
[2017-11-09 10:14:47] setup.INFO: Command maintenance-page-disable for DE store [vendor/bin/console maintenance:disable] (In progress...) [] []
[2017-11-09 10:14:47] setup.INFO: Command maintenance-page-disable for DE store [vendor/bin/console maintenance:disable] (0.19s) [] []
[2017-11-09 10:14:47] setup.INFO: Command maintenance-page-disable for AT store [vendor/bin/console maintenance:disable] (In progress...) [] []
[2017-11-09 10:14:48] setup.INFO: Command maintenance-page-disable for AT store [vendor/bin/console maintenance:disable] (0.19s) [] []
[2017-11-09 10:14:48] setup.INFO: Command maintenance-page-disable for US store [vendor/bin/console maintenance:disable] (In progress...) [] []
[2017-11-09 10:14:48] setup.INFO: Command maintenance-page-disable for US store [vendor/bin/console maintenance:disable] (0.19s) [] []
[2017-11-09 10:14:48] setup.INFO: Command init-database for DE store [vendor/bin/console setup:init-db] (In progress...) [] []
[2017-11-09 10:14:53] setup.INFO: Command init-database for DE store [vendor/bin/console setup:init-db] (5.36s) [] []
[2017-11-09 10:14:53] setup.INFO: Command init-database for AT store [vendor/bin/console setup:init-db] (In progress...) [] []
[2017-11-09 10:14:54] setup.INFO: Command init-database for AT store [vendor/bin/console setup:init-db] (1.09s) [] []
[2017-11-09 10:14:54] setup.INFO: Command init-database for US store [vendor/bin/console setup:init-db] (In progress...) [] []
[2017-11-09 10:14:55] setup.INFO: Command init-database for US store [vendor/bin/console setup:init-db] (1.12s) [] []
[2017-11-09 10:14:55] setup.INFO: Command setup-search for DE store [vendor/bin/console setup:search] (In progress...) [] []
[2017-11-09 10:14:56] setup.INFO: Command setup-search for DE store [vendor/bin/console setup:search] (0.57s) [] []
[2017-11-09 10:14:56] setup.INFO: Command setup-search for AT store [vendor/bin/console setup:search] (In progress...) [] []
[2017-11-09 10:14:56] setup.INFO: Command setup-search for AT store [vendor/bin/console setup:search] (0.41s) [] []
[2017-11-09 10:14:56] setup.INFO: Command setup-search for US store [vendor/bin/console setup:search] (In progress...) [] []
[2017-11-09 10:14:57] setup.INFO: Command setup-search for US store [vendor/bin/console setup:search] (0.44s) [] []
[2017-11-09 10:14:57] setup.INFO: Section demodata [] []
[2017-11-09 10:14:57] setup.INFO: Command import for DE store [vendor/bin/console data:import] (In progress...) [] []
[2017-11-09 10:15:26] setup.INFO: Command import for DE store [vendor/bin/console data:import] (29.37s) [] []
[2017-11-09 10:15:26] setup.INFO: Command import for AT store [vendor/bin/console data:import] (In progress...) [] []
[2017-11-09 10:15:57] setup.INFO: Command import for AT store [vendor/bin/console data:import] (31.29s) [] []
[2017-11-09 10:15:57] setup.INFO: Command import for US store [vendor/bin/console data:import] (In progress...) [] []
[2017-11-09 10:16:25] setup.INFO: Command import for US store [vendor/bin/console data:import] (27.65s) [] []
[2017-11-09 10:16:25] setup.INFO: Command update-product-labels for DE store [vendor/bin/console product-label:relations:update] (In progress...) [] []
[2017-11-09 10:16:26] setup.INFO: Command update-product-labels for DE store [vendor/bin/console product-label:relations:update] (1.03s) [] []
[2017-11-09 10:16:26] setup.INFO: Command update-product-labels for AT store [vendor/bin/console product-label:relations:update] (In progress...) [] []
[2017-11-09 10:16:27] setup.INFO: Command update-product-labels for AT store [vendor/bin/console product-label:relations:update] (0.90s) [] []
[2017-11-09 10:16:27] setup.INFO: Command update-product-labels for US store [vendor/bin/console product-label:relations:update] (In progress...) [] []
[2017-11-09 10:16:32] setup.INFO: Command update-product-labels for US store [vendor/bin/console product-label:relations:update] (4.69s) [] []
[2017-11-09 10:16:32] setup.INFO: Command search-collector for DE store [vendor/bin/console collector:search:export] (In progress...) [] []
[2017-11-09 10:16:40] setup.INFO: Command search-collector for DE store [vendor/bin/console collector:search:export] (8.15s) [] []
[2017-11-09 10:16:40] setup.INFO: Command search-collector for AT store [vendor/bin/console collector:search:export] (In progress...) [] []
[2017-11-09 10:16:51] setup.INFO: Command search-collector for AT store [vendor/bin/console collector:search:export] (10.74s) [] []
[2017-11-09 10:16:51] setup.INFO: Command search-collector for US store [vendor/bin/console collector:search:export] (In progress...) [] []
[2017-11-09 10:16:59] setup.INFO: Command search-collector for US store [vendor/bin/console collector:search:export] (8.92s) [] []
[2017-11-09 10:16:59] setup.INFO: Command storage-collector for DE store [vendor/bin/console collector:storage:export] (In progress...) [] []
[2017-11-09 10:18:10] setup.INFO: Command storage-collector for DE store [vendor/bin/console collector:storage:export] (70.26s) [] []
[2017-11-09 10:18:10] setup.INFO: Command storage-collector for AT store [vendor/bin/console collector:storage:export] (In progress...) [] []
[2017-11-09 10:19:24] setup.INFO: Command storage-collector for AT store [vendor/bin/console collector:storage:export] (74.62s) [] []
[2017-11-09 10:19:24] setup.INFO: Command storage-collector for US store [vendor/bin/console collector:storage:export] (In progress...) [] []
[2017-11-09 10:20:41] setup.INFO: Command storage-collector for US store [vendor/bin/console collector:storage:export] (76.44s) [] []
[2017-11-09 10:20:41] setup.INFO: Section jenkins-up [] []
[2017-11-09 10:20:41] setup.INFO: Command jenkins-generate [vendor/bin/console setup:jenkins:generate] (In progress...) [] []
[2017-11-09 10:20:44] setup.INFO: Command jenkins-generate [vendor/bin/console setup:jenkins:generate] (3.52s) [] []
[2017-11-09 10:20:44] setup.INFO: Command jenkins-enable [vendor/bin/console setup:jenkins:enable] (In progress...) [] []
[2017-11-09 10:20:44] setup.INFO: Command jenkins-enable [vendor/bin/console setup:jenkins:enable] (0.16s) [] []
[2017-11-09 10:20:44] setup.INFO: Section frontend [] []
[2017-11-09 10:20:44] setup.INFO: Command install-package-manager [vendor/bin/console frontend:install:package-manager -vvv] (In progress...) [] []
[2017-11-09 10:20:45] setup.INFO: Command install-package-manager [vendor/bin/console frontend:install:package-manager -vvv] (0.22s) [] []
[2017-11-09 10:20:45] setup.INFO: Command dependencies-install [vendor/bin/console frontend:project:install-dependencies -vvv] (In progress...) [] []
[2017-11-09 10:20:53] setup.INFO: Command dependencies-install [vendor/bin/console frontend:project:install-dependencies -vvv] (8.34s) [] []
[2017-11-09 10:20:53] setup.INFO: Command yves-install-dependencies [vendor/bin/console frontend:yves:install-dependencies -vvv] (In progress...) [] []
[2017-11-09 10:20:54] setup.INFO: Command yves-install-dependencies [vendor/bin/console frontend:yves:install-dependencies -vvv] (0.99s) [] []
[2017-11-09 10:20:54] setup.INFO: Command yves-build-frontend [vendor/bin/console frontend:yves:build -vvv] (In progress...) [] []
[2017-11-09 10:21:17] setup.INFO: Command yves-build-frontend [vendor/bin/console frontend:yves:build -vvv] (22.69s) [] []
[2017-11-09 10:21:17] setup.INFO: Command zed-install-dependencies [vendor/bin/console frontend:zed:install-dependencies -vvv] (In progress...) [] []
[2017-11-09 10:21:21] setup.INFO: Command zed-install-dependencies [vendor/bin/console frontend:zed:install-dependencies -vvv] (3.83s) [] []
[2017-11-09 10:21:21] setup.INFO: Command zed-build-frontend [vendor/bin/console frontend:zed:build] (In progress...) [] []
[2017-11-09 10:21:46] setup.INFO: Command zed-build-frontend [vendor/bin/console frontend:zed:build] (25.88s) [] []
[2017-11-09 10:21:46] setup.INFO: Setup development finished in 472.78s [] []
