[2017-11-09 07:43:03] setup.INFO: Setup for development environment [] []
[2017-11-09 07:43:03] setup.INFO: Section section-a [] []
[2017-11-09 07:43:03] setup.INFO: Command section-a-command-a [echo 'foo bar'] (In progress...) [] []
[2017-11-09 07:43:03] setup.INFO: Command section-a-command-a [echo 'foo bar'] (0.01) [] []
[2017-11-09 07:43:03] setup.INFO: Section section-b [] []
[2017-11-09 07:43:03] setup.INFO: Command section-b-command-a [echo 'section-b-command-a group-a'] (In progress...) [] []
[2017-11-09 07:43:03] setup.INFO: Command section-b-command-a [echo 'section-b-command-a group-a'] (0.01) [] []
[2017-11-09 07:43:03] setup.INFO: Section section-c [] []
[2017-11-09 07:43:03] setup.INFO: Command section-c-command-a [echo 'section-b-command-a group-b'] (In progress...) [] []
[2017-11-09 07:43:03] setup.INFO: Command section-c-command-a [echo 'section-b-command-a group-b'] (0.01) [] []
[2017-11-09 07:43:03] setup.INFO: Section section-d [] []
[2017-11-09 07:43:03] setup.INFO: Command section-d-command-a [echo 'stage-b-command-a group-a'] (In progress...) [] []
[2017-11-09 07:43:03] setup.INFO: Command section-d-command-a [echo 'stage-b-command-a group-a'] (0.01) [] []
[2017-11-09 07:43:03] setup.INFO: Setup development finished in 0.07s [] []
[2017-11-09 07:43:03] setup.INFO: Setup for stores environment [] []
[2017-11-09 07:43:03] setup.INFO: Section section-a [] []
[2017-11-09 07:43:03] setup.INFO: Command section-a-command-a for DE store [echo hello] (In progress...) [] []
[2017-11-09 07:43:03] setup.INFO: Command section-a-command-a for DE store [echo hello] (0.01) [] []
[2017-11-09 07:43:03] setup.INFO: Command section-a-command-a for AT store [echo hello] (In progress...) [] []
[2017-11-09 07:43:03] setup.INFO: Command section-a-command-a for AT store [echo hello] (0.01) [] []
[2017-11-09 07:43:03] setup.INFO: Command section-a-command-a for US store [echo hello] (In progress...) [] []
[2017-11-09 07:43:03] setup.INFO: Command section-a-command-a for US store [echo hello] (0.01) [] []
[2017-11-09 07:43:03] setup.INFO: Setup stores finished in 0.05s [] []
[2017-11-09 07:43:03] setup.INFO: Setup for stores environment [] []
[2017-11-09 07:43:03] setup.INFO: Section section-a [] []
[2017-11-09 07:43:03] setup.INFO: Command section-a-command-a for DE store [echo hello] (In progress...) [] []
[2017-11-09 07:43:03] setup.INFO: Command section-a-command-a for DE store [echo hello] (0.01) [] []
[2017-11-09 07:43:03] setup.INFO: Setup stores finished in 0.02s [] []
[2017-11-09 07:43:03] setup.INFO: Setup for stores environment [] []
[2017-11-09 07:43:03] setup.INFO: Section section-a [] []
[2017-11-09 07:43:03] setup.INFO: Command section-a-command-a for DE store [echo hello] (In progress...) [] []
[2017-11-09 07:43:03] setup.INFO: Command section-a-command-a for DE store [echo hello] (0.01) [] []
[2017-11-09 07:43:03] setup.INFO: Setup stores finished in 0.02s [] []
[2017-11-09 07:43:03] setup.INFO: Setup for stores environment [] []
[2017-11-09 07:43:03] setup.INFO: Section section-a [] []
[2017-11-09 07:43:03] setup.INFO: Command section-a-command-a for DE store [echo hello] (In progress...) [] []
[2017-11-09 07:43:03] setup.INFO: Command section-a-command-a for DE store [echo hello] (0.02) [] []
[2017-11-09 07:43:03] setup.INFO: Setup stores finished in 0.02s [] []
[2017-11-09 07:43:03] setup.INFO: Setup for stores environment [] []
[2017-11-09 07:43:03] setup.INFO: Section section-a [] []
[2017-11-09 07:43:03] setup.INFO: Command section-a-command-a for DE store [echo hello] (In progress...) [] []
[2017-11-09 07:43:03] setup.INFO: Command section-a-command-a for DE store [echo hello] (0.01) [] []
[2017-11-09 07:43:03] setup.INFO: Command section-a-command-a for AT store [echo hello] (In progress...) [] []
[2017-11-09 07:43:03] setup.INFO: Command section-a-command-a for AT store [echo hello] (0.01) [] []
[2017-11-09 07:43:03] setup.INFO: Setup stores finished in 0.03s [] []
[2017-11-09 07:43:03] setup.INFO: Setup for stores environment [] []
[2017-11-09 07:43:03] setup.INFO: Section section-a [] []
[2017-11-09 07:43:03] setup.INFO: Command section-a-command-a for DE store [echo hello] (In progress...) [] []
[2017-11-09 07:43:03] setup.INFO: Command section-a-command-a for DE store [echo hello] (0.01) [] []
[2017-11-09 07:43:03] setup.INFO: Command section-a-command-a for AT store [echo hello] (In progress...) [] []
[2017-11-09 07:43:03] setup.INFO: Command section-a-command-a for AT store [echo hello] (0.02) [] []
[2017-11-09 07:43:03] setup.INFO: Setup stores finished in 0.03s [] []
[2017-11-09 07:43:03] setup.INFO: Setup for stores environment [] []
[2017-11-09 07:43:03] setup.INFO: Section section-a [] []
[2017-11-09 07:43:03] setup.INFO: Command section-a-command-a for all store [echo hello] (In progress...) [] []
[2017-11-09 07:43:03] setup.INFO: Command section-a-command-a for all store [echo hello] (0.00) [] []
[2017-11-09 07:43:03] setup.INFO: Command section-a-command-a for DE store [echo hello] (In progress...) [] []
[2017-11-09 07:43:03] setup.INFO: Command section-a-command-a for DE store [echo hello] (0.00) [] []
[2017-11-09 07:43:03] setup.INFO: Command section-a-command-a for AT store [echo hello] (In progress...) [] []
[2017-11-09 07:43:03] setup.INFO: Command section-a-command-a for AT store [echo hello] (0.00) [] []
[2017-11-09 07:43:03] setup.INFO: Command section-a-command-a for US store [echo hello] (In progress...) [] []
[2017-11-09 07:43:03] setup.INFO: Command section-a-command-a for US store [echo hello] (0.00) [] []
[2017-11-09 07:43:03] setup.INFO: Setup stores finished in 0.03s [] []
[2017-11-09 07:43:03] setup.INFO: Setup for stores environment [] []
[2017-11-09 07:43:03] setup.INFO: Section section-a [] []
[2017-11-09 07:43:03] setup.INFO: Command section-a-command-a for all store [echo hello] (In progress...) [] []
[2017-11-09 07:43:03] setup.INFO: Command section-a-command-a for all store [echo hello] (0.01) [] []
[2017-11-09 07:43:03] setup.INFO: Command section-a-command-a for DE store [echo hello] (In progress...) [] []
[2017-11-09 07:43:03] setup.INFO: Command section-a-command-a for DE store [echo hello] (0.00) [] []
[2017-11-09 07:43:03] setup.INFO: Command section-a-command-a for AT store [echo hello] (In progress...) [] []
[2017-11-09 07:43:03] setup.INFO: Command section-a-command-a for AT store [echo hello] (0.00) [] []
[2017-11-09 07:43:03] setup.INFO: Command section-a-command-a for US store [echo hello] (In progress...) [] []
[2017-11-09 07:43:03] setup.INFO: Command section-a-command-a for US store [echo hello] (0.00) [] []
[2017-11-09 07:43:03] setup.INFO: Setup stores finished in 0.03s [] []
[2017-11-09 07:43:03] setup.INFO: Setup for development environment [] []
[2017-11-09 07:43:03] setup.INFO: Section section-a [] []
[2017-11-09 07:43:03] setup.INFO: Command section-a-command-a [echo 'foo bar'] (In progress...) [] []
[2017-11-09 07:43:03] setup.INFO: Command section-a-command-a [echo 'foo bar'] (0.00) [] []
[2017-11-09 07:43:03] setup.INFO: Section section-b [] []
[2017-11-09 07:43:03] setup.INFO: Command section-b-command-a [echo 'section-b-command-a group-a'] (In progress...) [] []
[2017-11-09 07:43:03] setup.INFO: Command section-b-command-a [echo 'section-b-command-a group-a'] (0.00) [] []
[2017-11-09 07:43:03] setup.INFO: Section section-d [] []
[2017-11-09 07:43:03] setup.INFO: Command section-d-command-a [echo 'stage-b-command-a group-a'] (In progress...) [] []
[2017-11-09 07:43:03] setup.INFO: Command section-d-command-a [echo 'stage-b-command-a group-a'] (0.00) [] []
[2017-11-09 07:43:03] setup.INFO: Setup development finished in 0.03s [] []
[2017-11-09 07:43:03] setup.INFO: Setup for development environment [] []
[2017-11-09 07:43:03] setup.INFO: Section section-a [] []
[2017-11-09 07:43:03] setup.INFO: // Dry-run: section-a-command-a [] []
[2017-11-09 07:43:03] setup.INFO: Section section-b [] []
[2017-11-09 07:43:03] setup.INFO: // Dry-run: section-b-command-a [] []
[2017-11-09 07:43:03] setup.INFO: Section section-d [] []
[2017-11-09 07:43:03] setup.INFO: // Dry-run: section-d-command-a [] []
[2017-11-09 07:43:03] setup.INFO: // Dry-run: section-d-command-b [] []
[2017-11-09 07:43:03] setup.INFO: Setup development finished in 0.01s [] []
