-------
2013-08-14T14:00:38+00:00 Array
(
    [host] => Renes-MacBook-Pro.local
    [application] => ZED
    [environment] => development
    [dateAndTime] => 2013-08-14T14:00:38
    [ip] => 127.0.0.1
    [store] => US
    [language] => en
    [locale] => en_US
    [url] => http://newtree/setup/cronjob/propel-command/command/diff?verbose=true
    [referer] => http://newtree/setup/index/core
    [route] => setup/cronjob/propel-command
    [requestIdZed] => za3fbd0558d6b5c5766c5d3827e4f5863
    [propelLog] => Buildfile: /Users/reneklatt/www/newtree/vendor/propel/propel1/generator/build.xml

propel-project-builder > check-project-or-dir-set:


propel-project-builder > check-project-set:


propel-project-builder > set-project-dir:

     [echo] No project.dir was specified, using default path: ./projects/Zed

propel-project-builder > check-buildprops-exists:


propel-project-builder > check-buildprops-for-propel-gen:


propel-project-builder > check-buildprops:


propel-project-builder > configure:

     [echo] Loading project-specific props from /Users/reneklatt/www/newtree/project/Generated/Zed/PropelGen/US//build.properties
 [property] Loading /Users/reneklatt/www/newtree/project/Generated/Zed/PropelGen/US/build.properties

propel-project-builder > sql-diff:

    [phing] Calling Buildfile '/Users/reneklatt/www/newtree/vendor/propel/propel1/generator/build-propel.xml' with target 'sql-diff'
 [property] Loading /Users/reneklatt/www/newtree/vendor/propel/propel1/generator/./default.properties

propel > check-run-only-on-schema-change:


propel > sql-check:


propel > pgsql-quoting-check:


propel > mysqli-check:


propel > sql-diff:

     [echo] +----------------------------------------------+
     [echo] |                                              |
     [echo] | Generating SQL diff between the XML schemas  |
     [echo] | and the current database structure.          |
     [echo] |                                              |
     [echo] +----------------------------------------------+
[phingcall] Calling Buildfile '/Users/reneklatt/www/newtree/vendor/propel/propel1/generator/build-propel.xml' with target 'sql-diff-template'
 [property] Loading /Users/reneklatt/www/newtree/vendor/propel/propel1/generator/./default.properties

propel > sql-diff-template:

[propel-sql-diff] Reading databases structure...
[propel-sql-diff] 163 tables found in all databases.
[propel-sql-diff] Loading XML schema files...
[propel-sql-diff] 159 tables found in 32 schema files.
[propel-sql-diff] Comparing models...
[propel-sql-diff] Same XML and database structures for all datasource - no diff to generate

propel-project-builder > diff:


BUILD FINISHED

Total time: 4.6809 seconds


    [type] => propel
    [subtype] => diff
    [message] => database-migration
    [microtime] => 13764888385332
)

-------
2013-08-14T14:00:49+00:00 Array
(
    [host] => Renes-MacBook-Pro.local
    [application] => ZED
    [environment] => development
    [dateAndTime] => 2013-08-14T14:00:49
    [ip] => 127.0.0.1
    [store] => US
    [language] => en
    [locale] => en_US
    [url] => http://newtree/setup/cronjob/propel-command/command/migrate?verbose=true
    [referer] => http://newtree/setup/index/core
    [route] => setup/cronjob/propel-command
    [requestIdZed] => zd759fd4cde2f0eb03dbc2fa9efa089bf
    [propelLog] => Buildfile: /Users/reneklatt/www/newtree/vendor/propel/propel1/generator/build.xml

propel-project-builder > check-project-or-dir-set:


propel-project-builder > check-project-set:


propel-project-builder > set-project-dir:

     [echo] No project.dir was specified, using default path: ./projects/Zed

propel-project-builder > check-buildprops-exists:


propel-project-builder > check-buildprops-for-propel-gen:


propel-project-builder > check-buildprops:


propel-project-builder > configure:

     [echo] Loading project-specific props from /Users/reneklatt/www/newtree/project/Generated/Zed/PropelGen/US//build.properties
 [property] Loading /Users/reneklatt/www/newtree/project/Generated/Zed/PropelGen/US/build.properties

propel-project-builder > migration:

    [phing] Calling Buildfile '/Users/reneklatt/www/newtree/vendor/propel/propel1/generator/build-propel.xml' with target 'migration'
 [property] Loading /Users/reneklatt/www/newtree/vendor/propel/propel1/generator/./default.properties

propel > check-run-only-on-schema-change:


propel > sql-check:


propel > pgsql-quoting-check:


propel > mysqli-check:


propel > migration:

     [echo] +----------------------------------------------+
     [echo] |                                              |
     [echo] | Look for next Migration class                |
     [echo] | and execute it                               |
     [echo] |                                              |
     [echo] +----------------------------------------------+
[phingcall] Calling Buildfile '/Users/reneklatt/www/newtree/vendor/propel/propel1/generator/build-propel.xml' with target 'migration-template'
 [property] Loading /Users/reneklatt/www/newtree/vendor/propel/propel1/generator/./default.properties

propel > migration-template:

[propel-migration] All migrations were already executed - nothing to migrate.

propel-project-builder > migrate:


BUILD FINISHED

Total time: 0.5700 seconds


    [type] => propel
    [subtype] => migrate
    [message] => database-migration
    [microtime] => 13764888499518
)

-------
2013-08-15T08:44:48+00:00 Array
(
    [host] => Renes-MacBook-Pro.local
    [application] => ZED
    [environment] => development
    [dateAndTime] => 2013-08-15T08:44:48
    [ip] => 127.0.0.1
    [store] => US
    [language] => en
    [locale] => en_US
    [url] => http://newtree/setup/cronjob/propel-command/command/diff?verbose=true
    [referer] => http://newtree/setup/index/core
    [route] => setup/cronjob/propel-command
    [requestIdZed] => zd115a10abae1a0c4583b28c0f27dd6c5
    [propelLog] => Buildfile: /Users/reneklatt/www/newtree/vendor/propel/propel1/generator/build.xml

propel-project-builder > check-project-or-dir-set:


propel-project-builder > check-project-set:


propel-project-builder > set-project-dir:

     [echo] No project.dir was specified, using default path: ./projects/Zed

propel-project-builder > check-buildprops-exists:


propel-project-builder > check-buildprops-for-propel-gen:


propel-project-builder > check-buildprops:


propel-project-builder > configure:

     [echo] Loading project-specific props from /Users/reneklatt/www/newtree/project/Generated/Zed/PropelGen/US//build.properties
 [property] Loading /Users/reneklatt/www/newtree/project/Generated/Zed/PropelGen/US/build.properties

propel-project-builder > sql-diff:

    [phing] Calling Buildfile '/Users/reneklatt/www/newtree/vendor/propel/propel1/generator/build-propel.xml' with target 'sql-diff'
 [property] Loading /Users/reneklatt/www/newtree/vendor/propel/propel1/generator/./default.properties

propel > check-run-only-on-schema-change:


propel > sql-check:


propel > pgsql-quoting-check:


propel > mysqli-check:


propel > sql-diff:

     [echo] +----------------------------------------------+
     [echo] |                                              |
     [echo] | Generating SQL diff between the XML schemas  |
     [echo] | and the current database structure.          |
     [echo] |                                              |
     [echo] +----------------------------------------------+
[phingcall] Calling Buildfile '/Users/reneklatt/www/newtree/vendor/propel/propel1/generator/build-propel.xml' with target 'sql-diff-template'
 [property] Loading /Users/reneklatt/www/newtree/vendor/propel/propel1/generator/./default.properties

propel > sql-diff-template:

[propel-sql-diff] Reading databases structure...
[propel-sql-diff] 163 tables found in all databases.
[propel-sql-diff] Loading XML schema files...
[propel-sql-diff] 159 tables found in 32 schema files.
[propel-sql-diff] Comparing models...
[propel-sql-diff] Same XML and database structures for all datasource - no diff to generate

propel-project-builder > diff:


BUILD FINISHED

Total time: 24.8246 seconds


    [type] => propel
    [subtype] => diff
    [message] => database-migration
    [microtime] => 13765562881887
)

-------
2013-08-15T08:55:35+00:00 Array
(
    [host] => Renes-MacBook-Pro.local
    [application] => ZED
    [environment] => development
    [dateAndTime] => 2013-08-15T08:55:35
    [ip] => 127.0.0.1
    [store] => US
    [language] => en
    [locale] => en_US
    [url] => http://newtree/setup/cronjob/propel-command/command/diff?verbose=true
    [referer] => http://newtree/setup/index/core
    [route] => setup/cronjob/propel-command
    [requestIdZed] => za865ce8fe2716d5dc52c64cd550df5dd
    [propelLog] => Buildfile: /Users/reneklatt/www/newtree/vendor/propel/propel1/generator/build.xml

propel-project-builder > check-project-or-dir-set:


propel-project-builder > check-project-set:


propel-project-builder > set-project-dir:

     [echo] No project.dir was specified, using default path: ./projects/Zed

propel-project-builder > check-buildprops-exists:


propel-project-builder > check-buildprops-for-propel-gen:


propel-project-builder > check-buildprops:


propel-project-builder > configure:

     [echo] Loading project-specific props from /Users/reneklatt/www/newtree/project/Generated/Zed/PropelGen/US//build.properties
 [property] Loading /Users/reneklatt/www/newtree/project/Generated/Zed/PropelGen/US/build.properties

propel-project-builder > sql-diff:

    [phing] Calling Buildfile '/Users/reneklatt/www/newtree/vendor/propel/propel1/generator/build-propel.xml' with target 'sql-diff'
 [property] Loading /Users/reneklatt/www/newtree/vendor/propel/propel1/generator/./default.properties

propel > check-run-only-on-schema-change:


propel > sql-check:


propel > pgsql-quoting-check:


propel > mysqli-check:


propel > sql-diff:

     [echo] +----------------------------------------------+
     [echo] |                                              |
     [echo] | Generating SQL diff between the XML schemas  |
     [echo] | and the current database structure.          |
     [echo] |                                              |
     [echo] +----------------------------------------------+
[phingcall] Calling Buildfile '/Users/reneklatt/www/newtree/vendor/propel/propel1/generator/build-propel.xml' with target 'sql-diff-template'
 [property] Loading /Users/reneklatt/www/newtree/vendor/propel/propel1/generator/./default.properties

propel > sql-diff-template:

[propel-sql-diff] Reading databases structure...
[propel-sql-diff] 163 tables found in all databases.
[propel-sql-diff] Loading XML schema files...
[propel-sql-diff] 159 tables found in 32 schema files.
[propel-sql-diff] Comparing models...
[propel-sql-diff] Same XML and database structures for all datasource - no diff to generate

propel-project-builder > diff:


BUILD FINISHED

Total time: 4.4436 seconds


    [type] => propel
    [subtype] => diff
    [message] => database-migration
    [microtime] => 13765569358511
)

-------
2013-08-15T08:55:39+00:00 Array
(
    [host] => Renes-MacBook-Pro.local
    [application] => ZED
    [environment] => development
    [dateAndTime] => 2013-08-15T08:55:39
    [ip] => 127.0.0.1
    [store] => US
    [language] => en
    [locale] => en_US
    [url] => http://newtree/setup/cronjob/propel-command/command/migrate?verbose=true
    [referer] => http://newtree/setup/index/core
    [route] => setup/cronjob/propel-command
    [requestIdZed] => z65ac689c4daeec40ffb2272fdc59b96e
    [propelLog] => Buildfile: /Users/reneklatt/www/newtree/vendor/propel/propel1/generator/build.xml

propel-project-builder > check-project-or-dir-set:


propel-project-builder > check-project-set:


propel-project-builder > set-project-dir:

     [echo] No project.dir was specified, using default path: ./projects/Zed

propel-project-builder > check-buildprops-exists:


propel-project-builder > check-buildprops-for-propel-gen:


propel-project-builder > check-buildprops:


propel-project-builder > configure:

     [echo] Loading project-specific props from /Users/reneklatt/www/newtree/project/Generated/Zed/PropelGen/US//build.properties
 [property] Loading /Users/reneklatt/www/newtree/project/Generated/Zed/PropelGen/US/build.properties

propel-project-builder > migration:

    [phing] Calling Buildfile '/Users/reneklatt/www/newtree/vendor/propel/propel1/generator/build-propel.xml' with target 'migration'
 [property] Loading /Users/reneklatt/www/newtree/vendor/propel/propel1/generator/./default.properties

propel > check-run-only-on-schema-change:


propel > sql-check:


propel > pgsql-quoting-check:


propel > mysqli-check:


propel > migration:

     [echo] +----------------------------------------------+
     [echo] |                                              |
     [echo] | Look for next Migration class                |
     [echo] | and execute it                               |
     [echo] |                                              |
     [echo] +----------------------------------------------+
[phingcall] Calling Buildfile '/Users/reneklatt/www/newtree/vendor/propel/propel1/generator/build-propel.xml' with target 'migration-template'
 [property] Loading /Users/reneklatt/www/newtree/vendor/propel/propel1/generator/./default.properties

propel > migration-template:

[propel-migration] All migrations were already executed - nothing to migrate.

propel-project-builder > migrate:


BUILD FINISHED

Total time: 0.5639 seconds


    [type] => propel
    [subtype] => migrate
    [message] => database-migration
    [microtime] => 13765569396979
)

-------
2013-08-15T08:58:50+00:00 Array
(
    [host] => Renes-MacBook-Pro.local
    [application] => ZED
    [environment] => development
    [dateAndTime] => 2013-08-15T08:58:50
    [ip] => 127.0.0.1
    [store] => US
    [language] => en
    [locale] => en_US
    [url] => http://newtree/setup/cronjob/propel-command/command/diff?verbose=true
    [referer] => http://newtree/setup/index/core
    [route] => setup/cronjob/propel-command
    [requestIdZed] => zf3efd17741eac9d216609fbfba419d02
    [propelLog] => Buildfile: /Users/reneklatt/www/newtree/vendor/propel/propel1/generator/build.xml

propel-project-builder > check-project-or-dir-set:


propel-project-builder > check-project-set:


propel-project-builder > set-project-dir:

     [echo] No project.dir was specified, using default path: ./projects/Zed

propel-project-builder > check-buildprops-exists:


propel-project-builder > check-buildprops-for-propel-gen:


propel-project-builder > check-buildprops:


propel-project-builder > configure:

     [echo] Loading project-specific props from /Users/reneklatt/www/newtree/project/Generated/Zed/PropelGen/US//build.properties
 [property] Loading /Users/reneklatt/www/newtree/project/Generated/Zed/PropelGen/US/build.properties

propel-project-builder > sql-diff:

    [phing] Calling Buildfile '/Users/reneklatt/www/newtree/vendor/propel/propel1/generator/build-propel.xml' with target 'sql-diff'
 [property] Loading /Users/reneklatt/www/newtree/vendor/propel/propel1/generator/./default.properties

propel > check-run-only-on-schema-change:


propel > sql-check:


propel > pgsql-quoting-check:


propel > mysqli-check:


propel > sql-diff:

     [echo] +----------------------------------------------+
     [echo] |                                              |
     [echo] | Generating SQL diff between the XML schemas  |
     [echo] | and the current database structure.          |
     [echo] |                                              |
     [echo] +----------------------------------------------+
[phingcall] Calling Buildfile '/Users/reneklatt/www/newtree/vendor/propel/propel1/generator/build-propel.xml' with target 'sql-diff-template'
 [property] Loading /Users/reneklatt/www/newtree/vendor/propel/propel1/generator/./default.properties

propel > sql-diff-template:

[propel-sql-diff] Reading databases structure...
[propel-sql-diff] 163 tables found in all databases.
[propel-sql-diff] Loading XML schema files...
[propel-sql-diff] 159 tables found in 32 schema files.
[propel-sql-diff] Comparing models...
[propel-sql-diff] Same XML and database structures for all datasource - no diff to generate

propel-project-builder > diff:


BUILD FINISHED

Total time: 4.4921 seconds


    [type] => propel
    [subtype] => diff
    [message] => database-migration
    [microtime] => 13765571301376
)

-------
2013-08-15T08:58:53+00:00 Array
(
    [host] => Renes-MacBook-Pro.local
    [application] => ZED
    [environment] => development
    [dateAndTime] => 2013-08-15T08:58:53
    [ip] => 127.0.0.1
    [store] => US
    [language] => en
    [locale] => en_US
    [url] => http://newtree/setup/cronjob/propel-command/command/migrate?verbose=true
    [referer] => http://newtree/setup/index/core
    [route] => setup/cronjob/propel-command
    [requestIdZed] => z5f0505a7683e60fd1c77e257ea062021
    [propelLog] => Buildfile: /Users/reneklatt/www/newtree/vendor/propel/propel1/generator/build.xml

propel-project-builder > check-project-or-dir-set:


propel-project-builder > check-project-set:


propel-project-builder > set-project-dir:

     [echo] No project.dir was specified, using default path: ./projects/Zed

propel-project-builder > check-buildprops-exists:


propel-project-builder > check-buildprops-for-propel-gen:


propel-project-builder > check-buildprops:


propel-project-builder > configure:

     [echo] Loading project-specific props from /Users/reneklatt/www/newtree/project/Generated/Zed/PropelGen/US//build.properties
 [property] Loading /Users/reneklatt/www/newtree/project/Generated/Zed/PropelGen/US/build.properties

propel-project-builder > migration:

    [phing] Calling Buildfile '/Users/reneklatt/www/newtree/vendor/propel/propel1/generator/build-propel.xml' with target 'migration'
 [property] Loading /Users/reneklatt/www/newtree/vendor/propel/propel1/generator/./default.properties

propel > check-run-only-on-schema-change:


propel > sql-check:


propel > pgsql-quoting-check:


propel > mysqli-check:


propel > migration:

     [echo] +----------------------------------------------+
     [echo] |                                              |
     [echo] | Look for next Migration class                |
     [echo] | and execute it                               |
     [echo] |                                              |
     [echo] +----------------------------------------------+
[phingcall] Calling Buildfile '/Users/reneklatt/www/newtree/vendor/propel/propel1/generator/build-propel.xml' with target 'migration-template'
 [property] Loading /Users/reneklatt/www/newtree/vendor/propel/propel1/generator/./default.properties

propel > migration-template:

[propel-migration] All migrations were already executed - nothing to migrate.

propel-project-builder > migrate:


BUILD FINISHED

Total time: 0.5684 seconds


    [type] => propel
    [subtype] => migrate
    [message] => database-migration
    [microtime] => 13765571335022
)

-------
2013-08-15T08:59:05+00:00 Array
(
    [host] => Renes-MacBook-Pro.local
    [application] => ZED
    [environment] => development
    [dateAndTime] => 2013-08-15T08:59:05
    [ip] => 127.0.0.1
    [store] => US
    [language] => en
    [locale] => en_US
    [url] => http://newtree/setup/cronjob/propel-command/command/migrate?verbose=true
    [referer] => http://newtree/setup/index/core
    [route] => setup/cronjob/propel-command
    [requestIdZed] => z85e6c8535fef220822e8192a5008b170
    [propelLog] => Buildfile: /Users/reneklatt/www/newtree/vendor/propel/propel1/generator/build.xml

propel-project-builder > check-project-or-dir-set:


propel-project-builder > check-project-set:


propel-project-builder > set-project-dir:

     [echo] No project.dir was specified, using default path: ./projects/Zed

propel-project-builder > check-buildprops-exists:


propel-project-builder > check-buildprops-for-propel-gen:


propel-project-builder > check-buildprops:


propel-project-builder > configure:

     [echo] Loading project-specific props from /Users/reneklatt/www/newtree/project/Generated/Zed/PropelGen/US//build.properties
 [property] Loading /Users/reneklatt/www/newtree/project/Generated/Zed/PropelGen/US/build.properties

propel-project-builder > migration:

    [phing] Calling Buildfile '/Users/reneklatt/www/newtree/vendor/propel/propel1/generator/build-propel.xml' with target 'migration'
 [property] Loading /Users/reneklatt/www/newtree/vendor/propel/propel1/generator/./default.properties

propel > check-run-only-on-schema-change:


propel > sql-check:


propel > pgsql-quoting-check:


propel > mysqli-check:


propel > migration:

     [echo] +----------------------------------------------+
     [echo] |                                              |
     [echo] | Look for next Migration class                |
     [echo] | and execute it                               |
     [echo] |                                              |
     [echo] +----------------------------------------------+
[phingcall] Calling Buildfile '/Users/reneklatt/www/newtree/vendor/propel/propel1/generator/build-propel.xml' with target 'migration-template'
 [property] Loading /Users/reneklatt/www/newtree/vendor/propel/propel1/generator/./default.properties

propel > migration-template:

[propel-migration] All migrations were already executed - nothing to migrate.

propel-project-builder > migrate:


BUILD FINISHED

Total time: 0.5634 seconds


    [type] => propel
    [subtype] => migrate
    [message] => database-migration
    [microtime] => 13765571454754
)

-------
2013-08-15T09:01:05+00:00 Array
(
    [host] => Renes-MacBook-Pro.local
    [application] => ZED
    [environment] => development
    [dateAndTime] => 2013-08-15T09:01:05
    [ip] => 127.0.0.1
    [store] => US
    [language] => en
    [locale] => en_US
    [url] => http://newtree/setup/cronjob/propel-command/command/diff?verbose=true
    [referer] => http://newtree/setup/index/core
    [route] => setup/cronjob/propel-command
    [requestIdZed] => zb6ff6611a57ccc4eb9000b1216d945de
    [propelLog] => Buildfile: /Users/reneklatt/www/newtree/vendor/propel/propel1/generator/build.xml

propel-project-builder > check-project-or-dir-set:


propel-project-builder > check-project-set:


propel-project-builder > set-project-dir:

     [echo] No project.dir was specified, using default path: ./projects/Zed

propel-project-builder > check-buildprops-exists:


propel-project-builder > check-buildprops-for-propel-gen:


propel-project-builder > check-buildprops:


propel-project-builder > configure:

     [echo] Loading project-specific props from /Users/reneklatt/www/newtree/project/Generated/Zed/PropelGen/US//build.properties
 [property] Loading /Users/reneklatt/www/newtree/project/Generated/Zed/PropelGen/US/build.properties

propel-project-builder > sql-diff:

    [phing] Calling Buildfile '/Users/reneklatt/www/newtree/vendor/propel/propel1/generator/build-propel.xml' with target 'sql-diff'
 [property] Loading /Users/reneklatt/www/newtree/vendor/propel/propel1/generator/./default.properties

propel > check-run-only-on-schema-change:


propel > sql-check:


propel > pgsql-quoting-check:


propel > mysqli-check:


propel > sql-diff:

     [echo] +----------------------------------------------+
     [echo] |                                              |
     [echo] | Generating SQL diff between the XML schemas  |
     [echo] | and the current database structure.          |
     [echo] |                                              |
     [echo] +----------------------------------------------+
[phingcall] Calling Buildfile '/Users/reneklatt/www/newtree/vendor/propel/propel1/generator/build-propel.xml' with target 'sql-diff-template'
 [property] Loading /Users/reneklatt/www/newtree/vendor/propel/propel1/generator/./default.properties

propel > sql-diff-template:

[propel-sql-diff] Reading databases structure...
[propel-sql-diff] 163 tables found in all databases.
[propel-sql-diff] Loading XML schema files...
[propel-sql-diff] 159 tables found in 32 schema files.
[propel-sql-diff] Comparing models...
[propel-sql-diff] Same XML and database structures for all datasource - no diff to generate

propel-project-builder > diff:


BUILD FINISHED

Total time: 4.4412 seconds


    [type] => propel
    [subtype] => diff
    [message] => database-migration
    [microtime] => 13765572654746
)

-------
2013-08-15T09:01:11+00:00 Array
(
    [host] => Renes-MacBook-Pro.local
    [application] => ZED
    [environment] => development
    [dateAndTime] => 2013-08-15T09:01:11
    [ip] => 127.0.0.1
    [store] => US
    [language] => en
    [locale] => en_US
    [url] => http://newtree/setup/cronjob/propel-command/command/migrate?verbose=true
    [referer] => http://newtree/setup/index/core
    [route] => setup/cronjob/propel-command
    [requestIdZed] => z111c679c1d6400c32fbd218509aca370
    [propelLog] => Buildfile: /Users/reneklatt/www/newtree/vendor/propel/propel1/generator/build.xml

propel-project-builder > check-project-or-dir-set:


propel-project-builder > check-project-set:


propel-project-builder > set-project-dir:

     [echo] No project.dir was specified, using default path: ./projects/Zed

propel-project-builder > check-buildprops-exists:


propel-project-builder > check-buildprops-for-propel-gen:


propel-project-builder > check-buildprops:


propel-project-builder > configure:

     [echo] Loading project-specific props from /Users/reneklatt/www/newtree/project/Generated/Zed/PropelGen/US//build.properties
 [property] Loading /Users/reneklatt/www/newtree/project/Generated/Zed/PropelGen/US/build.properties

propel-project-builder > migration:

    [phing] Calling Buildfile '/Users/reneklatt/www/newtree/vendor/propel/propel1/generator/build-propel.xml' with target 'migration'
 [property] Loading /Users/reneklatt/www/newtree/vendor/propel/propel1/generator/./default.properties

propel > check-run-only-on-schema-change:


propel > sql-check:


propel > pgsql-quoting-check:


propel > mysqli-check:


propel > migration:

     [echo] +----------------------------------------------+
     [echo] |                                              |
     [echo] | Look for next Migration class                |
     [echo] | and execute it                               |
     [echo] |                                              |
     [echo] +----------------------------------------------+
[phingcall] Calling Buildfile '/Users/reneklatt/www/newtree/vendor/propel/propel1/generator/build-propel.xml' with target 'migration-template'
 [property] Loading /Users/reneklatt/www/newtree/vendor/propel/propel1/generator/./default.properties

propel > migration-template:

[propel-migration] All migrations were already executed - nothing to migrate.

propel-project-builder > migrate:


BUILD FINISHED

Total time: 0.5729 seconds


    [type] => propel
    [subtype] => migrate
    [message] => database-migration
    [microtime] => 13765572718841
)

-------
2013-08-15T10:33:04+00:00 Array
(
    [host] => Renes-MacBook-Pro.local
    [application] => ZED
    [environment] => development
    [dateAndTime] => 2013-08-15T10:33:04
    [ip] => 127.0.0.1
    [store] => US
    [language] => en
    [locale] => en_US
    [url] => http://newtree/setup/cronjob/propel-command/command/diff?verbose=true
    [referer] => http://newtree/setup/index/core
    [route] => setup/cronjob/propel-command
    [requestIdZed] => z3bd065dd3734293fd721bd6819367a59
    [propelLog] => Buildfile: /Users/reneklatt/www/newtree/vendor/propel/propel1/generator/build.xml

propel-project-builder > check-project-or-dir-set:


propel-project-builder > check-project-set:


propel-project-builder > set-project-dir:

     [echo] No project.dir was specified, using default path: ./projects/Zed

propel-project-builder > check-buildprops-exists:


propel-project-builder > check-buildprops-for-propel-gen:


propel-project-builder > check-buildprops:


propel-project-builder > configure:

     [echo] Loading project-specific props from /Users/reneklatt/www/newtree/project/Generated/Zed/PropelGen/US//build.properties
 [property] Loading /Users/reneklatt/www/newtree/project/Generated/Zed/PropelGen/US/build.properties

propel-project-builder > sql-diff:

    [phing] Calling Buildfile '/Users/reneklatt/www/newtree/vendor/propel/propel1/generator/build-propel.xml' with target 'sql-diff'
 [property] Loading /Users/reneklatt/www/newtree/vendor/propel/propel1/generator/./default.properties

propel > check-run-only-on-schema-change:


propel > sql-check:


propel > pgsql-quoting-check:


propel > mysqli-check:


propel > sql-diff:

     [echo] +----------------------------------------------+
     [echo] |                                              |
     [echo] | Generating SQL diff between the XML schemas  |
     [echo] | and the current database structure.          |
     [echo] |                                              |
     [echo] +----------------------------------------------+
[phingcall] Calling Buildfile '/Users/reneklatt/www/newtree/vendor/propel/propel1/generator/build-propel.xml' with target 'sql-diff-template'
 [property] Loading /Users/reneklatt/www/newtree/vendor/propel/propel1/generator/./default.properties

propel > sql-diff-template:

[propel-sql-diff] Reading databases structure...
[propel-sql-diff] No table found in all databases
[propel-sql-diff] Loading XML schema files...
[propel-sql-diff] 159 tables found in 32 schema files.
[propel-sql-diff] Comparing models...
[propel-sql-diff] Structure of database was modified in datasource "zed": 163 added tables
[propel-sql-diff] "PropelMigration_1376562784.php" file successfully created in /Users/reneklatt/www/newtree/project/Generated/Zed/PropelGen/US/build/migrations
[propel-sql-diff]   Please review the generated SQL statements, and add data migration code if necessary.
[propel-sql-diff]   Once the migration class is valid, call the "migrate" task to execute it.

propel-project-builder > diff:


BUILD FINISHED

Total time: 3.4842 seconds


    [fileName] => PropelMigration_1376562784.php
    [type] => propel
    [subtype] => diff
    [message] => database-migration
    [microtime] => 13765627844501
)

-------
2013-08-15T10:33:11+00:00 Array
(
    [host] => Renes-MacBook-Pro.local
    [application] => ZED
    [environment] => development
    [dateAndTime] => 2013-08-15T10:33:11
    [ip] => 127.0.0.1
    [store] => US
    [language] => en
    [locale] => en_US
    [url] => http://newtree/setup/cronjob/propel-command/command/migrate?verbose=true
    [referer] => http://newtree/setup/index/core
    [route] => setup/cronjob/propel-command
    [requestIdZed] => z0a1b411753c69bc4ac67f56af3150848
    [propelLog] => Buildfile: /Users/reneklatt/www/newtree/vendor/propel/propel1/generator/build.xml

propel-project-builder > check-project-or-dir-set:


propel-project-builder > check-project-set:


propel-project-builder > set-project-dir:

     [echo] No project.dir was specified, using default path: ./projects/Zed

propel-project-builder > check-buildprops-exists:


propel-project-builder > check-buildprops-for-propel-gen:


propel-project-builder > check-buildprops:


propel-project-builder > configure:

     [echo] Loading project-specific props from /Users/reneklatt/www/newtree/project/Generated/Zed/PropelGen/US//build.properties
 [property] Loading /Users/reneklatt/www/newtree/project/Generated/Zed/PropelGen/US/build.properties

propel-project-builder > migration:

    [phing] Calling Buildfile '/Users/reneklatt/www/newtree/vendor/propel/propel1/generator/build-propel.xml' with target 'migration'
 [property] Loading /Users/reneklatt/www/newtree/vendor/propel/propel1/generator/./default.properties

propel > check-run-only-on-schema-change:


propel > sql-check:


propel > pgsql-quoting-check:


propel > mysqli-check:


propel > migration:

     [echo] +----------------------------------------------+
     [echo] |                                              |
     [echo] | Look for next Migration class                |
     [echo] | and execute it                               |
     [echo] |                                              |
     [echo] +----------------------------------------------+
[phingcall] Calling Buildfile '/Users/reneklatt/www/newtree/vendor/propel/propel1/generator/build-propel.xml' with target 'migration-template'
 [property] Loading /Users/reneklatt/www/newtree/vendor/propel/propel1/generator/./default.properties

propel > migration-template:

[propel-migration] Executing migration PropelMigration_1376562784 up
[propel-migration] 165 of 165 SQL statements executed successfully on datasource "zed"
[propel-migration] Migration complete. No further migration to execute.

propel-project-builder > migrate:


BUILD FINISHED

Total time: 3.5146 seconds


    [type] => propel
    [subtype] => migrate
    [message] => database-migration
    [microtime] => 13765627911917
)

-------
2013-08-19T12:28:16+00:00 Array
(
    [propelLog] => Buildfile: /Users/reneklatt/www/newtree/vendor/propel/propel1/generator/build.xml

propel-project-builder > check-project-or-dir-set:


propel-project-builder > check-project-set:


propel-project-builder > set-project-dir:

     [echo] No project.dir was specified, using default path: ./projects/Zed

propel-project-builder > check-buildprops-exists:


propel-project-builder > check-buildprops-for-propel-gen:


propel-project-builder > check-buildprops:


propel-project-builder > configure:

     [echo] Loading project-specific props from /Users/reneklatt/www/newtree/project/Generated/Zed/PropelGen/US//build.properties
 [property] Loading /Users/reneklatt/www/newtree/project/Generated/Zed/PropelGen/US/build.properties

propel-project-builder > sql-diff:

    [phing] Calling Buildfile '/Users/reneklatt/www/newtree/vendor/propel/propel1/generator/build-propel.xml' with target 'sql-diff'
 [property] Loading /Users/reneklatt/www/newtree/vendor/propel/propel1/generator/./default.properties

propel > check-run-only-on-schema-change:


propel > sql-check:


propel > pgsql-quoting-check:


propel > mysqli-check:


propel > sql-diff:

     [echo] +----------------------------------------------+
     [echo] |                                              |
     [echo] | Generating SQL diff between the XML schemas  |
     [echo] | and the current database structure.          |
     [echo] |                                              |
     [echo] +----------------------------------------------+
[phingcall] Calling Buildfile '/Users/reneklatt/www/newtree/vendor/propel/propel1/generator/build-propel.xml' with target 'sql-diff-template'
 [property] Loading /Users/reneklatt/www/newtree/vendor/propel/propel1/generator/./default.properties

propel > sql-diff-template:

[propel-sql-diff] Reading databases structure...
[propel-sql-diff] 163 tables found in all databases.
[propel-sql-diff] Loading XML schema files...
[propel-sql-diff] 159 tables found in 32 schema files.
[propel-sql-diff] Comparing models...
[propel-sql-diff] Same XML and database structures for all datasource - no diff to generate

propel-project-builder > diff:


BUILD FINISHED

Total time: 1.5288 second


    [type] => propel
    [subtype] => diff
    [message] => database-migration
    [microtime] => 13769152966243
)

-------
2013-08-19T12:28:18+00:00 Array
(
    [propelLog] => Buildfile: /Users/reneklatt/www/newtree/vendor/propel/propel1/generator/build.xml

propel-project-builder > check-project-or-dir-set:


propel-project-builder > check-project-set:


propel-project-builder > set-project-dir:

     [echo] No project.dir was specified, using default path: ./projects/Zed

propel-project-builder > check-buildprops-exists:


propel-project-builder > check-buildprops-for-propel-gen:


propel-project-builder > check-buildprops:


propel-project-builder > configure:

     [echo] Loading project-specific props from /Users/reneklatt/www/newtree/project/Generated/Zed/PropelGen/US//build.properties
 [property] Loading /Users/reneklatt/www/newtree/project/Generated/Zed/PropelGen/US/build.properties

propel-project-builder > migration:

    [phing] Calling Buildfile '/Users/reneklatt/www/newtree/vendor/propel/propel1/generator/build-propel.xml' with target 'migration'
 [property] Loading /Users/reneklatt/www/newtree/vendor/propel/propel1/generator/./default.properties

propel > check-run-only-on-schema-change:


propel > sql-check:


propel > pgsql-quoting-check:


propel > mysqli-check:


propel > migration:

     [echo] +----------------------------------------------+
     [echo] |                                              |
     [echo] | Look for next Migration class                |
     [echo] | and execute it                               |
     [echo] |                                              |
     [echo] +----------------------------------------------+
[phingcall] Calling Buildfile '/Users/reneklatt/www/newtree/vendor/propel/propel1/generator/build-propel.xml' with target 'migration-template'
 [property] Loading /Users/reneklatt/www/newtree/vendor/propel/propel1/generator/./default.properties

propel > migration-template:

[propel-migration] All migrations were already executed - nothing to migrate.

propel-project-builder > migrate:


BUILD FINISHED

Total time: 0.0635 seconds


    [type] => propel
    [subtype] => migrate
    [message] => database-migration
    [microtime] => 13769152985298
)

